<?xml version="1.0" encoding="UTF-8"?>
<testsuite xmlns:xsi="http://www.w3.org/2001/XMLSchema-instance" xsi:noNamespaceSchemaLocation="https://maven.apache.org/surefire/maven-surefire-plugin/xsd/surefire-test-report-3.0.xsd" version="3.0" name="TestSuite" time="100.893" tests="2" errors="0" skipped="0" failures="1">
  <properties>
    <property name="sun.desktop" value="windows"/>
    <property name="awt.toolkit" value="sun.awt.windows.WToolkit"/>
    <property name="java.specification.version" value="11"/>
    <property name="sun.cpu.isalist" value="amd64"/>
    <property name="sun.jnu.encoding" value="Cp1252"/>
    <property name="java.class.path" value="D:\New Selenium_WorkSpace\GeneralStoreApp\target\test-classes;D:\New Selenium_WorkSpace\GeneralStoreApp\target\classes;C:\Users\User\.m2\repository\junit\junit\4.11\junit-4.11.jar;C:\Users\User\.m2\repository\org\hamcrest\hamcrest-core\1.3\hamcrest-core-1.3.jar;C:\Users\User\.m2\repository\org\testng\testng\7.7.1\testng-7.7.1.jar;C:\Users\User\.m2\repository\com\beust\jcommander\1.82\jcommander-1.82.jar;C:\Users\User\.m2\repository\org\webjars\jquery\3.6.1\jquery-3.6.1.jar;C:\Users\User\.m2\repository\com\aventstack\extentreports\4.1.3\extentreports-4.1.3.jar;C:\Users\User\.m2\repository\org\freemarker\freemarker\2.3.29\freemarker-2.3.29.jar;C:\Users\User\.m2\repository\org\apache\httpcomponents\httpclient\4.5.2\httpclient-4.5.2.jar;C:\Users\User\.m2\repository\org\apache\httpcomponents\httpcore\4.4.4\httpcore-4.4.4.jar;C:\Users\User\.m2\repository\commons-logging\commons-logging\1.2\commons-logging-1.2.jar;C:\Users\User\.m2\repository\org\apache\httpcomponents\httpmime\4.5.2\httpmime-4.5.2.jar;C:\Users\User\.m2\repository\com\google\code\gson\gson\2.8.6\gson-2.8.6.jar;C:\Users\User\.m2\repository\org\mongodb\mongodb-driver\3.12.0\mongodb-driver-3.12.0.jar;C:\Users\User\.m2\repository\org\mongodb\mongodb-driver-core\3.12.0\mongodb-driver-core-3.12.0.jar;C:\Users\User\.m2\repository\org\mongodb\bson\3.12.0\bson-3.12.0.jar;C:\Users\User\.m2\repository\org\apache\poi\poi\4.1.2\poi-4.1.2.jar;C:\Users\User\.m2\repository\commons-codec\commons-codec\1.13\commons-codec-1.13.jar;C:\Users\User\.m2\repository\org\apache\commons\commons-collections4\4.4\commons-collections4-4.4.jar;C:\Users\User\.m2\repository\org\apache\commons\commons-math3\3.6.1\commons-math3-3.6.1.jar;C:\Users\User\.m2\repository\com\zaxxer\SparseBitSet\1.2\SparseBitSet-1.2.jar;C:\Users\User\.m2\repository\com\fasterxml\jackson\core\jackson-databind\2.14.2\jackson-databind-2.14.2.jar;C:\Users\User\.m2\repository\com\fasterxml\jackson\core\jackson-annotations\2.14.2\jackson-annotations-2.14.2.jar;C:\Users\User\.m2\repository\com\fasterxml\jackson\core\jackson-core\2.14.2\jackson-core-2.14.2.jar;C:\Users\User\.m2\repository\org\apache\poi\poi-ooxml\4.1.2\poi-ooxml-4.1.2.jar;C:\Users\User\.m2\repository\org\apache\poi\poi-ooxml-schemas\4.1.2\poi-ooxml-schemas-4.1.2.jar;C:\Users\User\.m2\repository\org\apache\xmlbeans\xmlbeans\3.1.0\xmlbeans-3.1.0.jar;C:\Users\User\.m2\repository\org\apache\commons\commons-compress\1.19\commons-compress-1.19.jar;C:\Users\User\.m2\repository\com\github\virtuald\curvesapi\1.06\curvesapi-1.06.jar;C:\Users\User\.m2\repository\commons-io\commons-io\2.11.0\commons-io-2.11.0.jar;C:\Users\User\.m2\repository\org\apache\commons\commons-lang3\3.11\commons-lang3-3.11.jar;C:\Users\User\.m2\repository\log4j\log4j\1.2.17\log4j-1.2.17.jar;C:\Users\User\.m2\repository\org\slf4j\slf4j-api\2.0.6\slf4j-api-2.0.6.jar;C:\Users\User\.m2\repository\org\apache\maven\plugins\maven-surefire-plugin\2.22.1\maven-surefire-plugin-2.22.1.jar;C:\Users\User\.m2\repository\org\apache\maven\surefire\maven-surefire-common\2.22.1\maven-surefire-common-2.22.1.jar;C:\Users\User\.m2\repository\org\apache\maven\maven-plugin-api\2.2.1\maven-plugin-api-2.2.1.jar;C:\Users\User\.m2\repository\org\apache\maven\plugin-tools\maven-plugin-annotations\3.5.2\maven-plugin-annotations-3.5.2.jar;C:\Users\User\.m2\repository\org\apache\maven\surefire\surefire-api\2.22.1\surefire-api-2.22.1.jar;C:\Users\User\.m2\repository\org\apache\maven\surefire\surefire-logger-api\2.22.1\surefire-logger-api-2.22.1.jar;C:\Users\User\.m2\repository\org\apache\maven\surefire\surefire-booter\2.22.1\surefire-booter-2.22.1.jar;C:\Users\User\.m2\repository\org\apache\maven\maven-artifact\2.2.1\maven-artifact-2.2.1.jar;C:\Users\User\.m2\repository\org\codehaus\plexus\plexus-utils\1.5.15\plexus-utils-1.5.15.jar;C:\Users\User\.m2\repository\org\apache\maven\maven-plugin-descriptor\2.2.1\maven-plugin-descriptor-2.2.1.jar;C:\Users\User\.m2\repository\org\codehaus\plexus\plexus-container-default\1.0-alpha-9-stable-1\plexus-container-default-1.0-alpha-9-stable-1.jar;C:\Users\User\.m2\repository\org\apache\maven\maven-project\2.2.1\maven-project-2.2.1.jar;C:\Users\User\.m2\repository\org\apache\maven\maven-settings\2.2.1\maven-settings-2.2.1.jar;C:\Users\User\.m2\repository\org\apache\maven\maven-profile\2.2.1\maven-profile-2.2.1.jar;C:\Users\User\.m2\repository\org\apache\maven\maven-artifact-manager\2.2.1\maven-artifact-manager-2.2.1.jar;C:\Users\User\.m2\repository\backport-util-concurrent\backport-util-concurrent\3.1\backport-util-concurrent-3.1.jar;C:\Users\User\.m2\repository\org\apache\maven\maven-plugin-registry\2.2.1\maven-plugin-registry-2.2.1.jar;C:\Users\User\.m2\repository\org\codehaus\plexus\plexus-interpolation\1.11\plexus-interpolation-1.11.jar;C:\Users\User\.m2\repository\org\apache\maven\maven-model\2.2.1\maven-model-2.2.1.jar;C:\Users\User\.m2\repository\org\apache\maven\maven-core\2.2.1\maven-core-2.2.1.jar;C:\Users\User\.m2\repository\org\apache\maven\maven-plugin-parameter-documenter\2.2.1\maven-plugin-parameter-documenter-2.2.1.jar;C:\Users\User\.m2\repository\org\apache\maven\wagon\wagon-http\1.0-beta-6\wagon-http-1.0-beta-6.jar;C:\Users\User\.m2\repository\org\apache\maven\wagon\wagon-http-shared\1.0-beta-6\wagon-http-shared-1.0-beta-6.jar;C:\Users\User\.m2\repository\nekohtml\xercesMinimal\1.9.6.2\xercesMinimal-1.9.6.2.jar;C:\Users\User\.m2\repository\nekohtml\nekohtml\1.9.6.2\nekohtml-1.9.6.2.jar;C:\Users\User\.m2\repository\commons-httpclient\commons-httpclient\3.1\commons-httpclient-3.1.jar;C:\Users\User\.m2\repository\org\apache\maven\wagon\wagon-webdav-jackrabbit\1.0-beta-6\wagon-webdav-jackrabbit-1.0-beta-6.jar;C:\Users\User\.m2\repository\org\apache\jackrabbit\jackrabbit-webdav\1.5.0\jackrabbit-webdav-1.5.0.jar;C:\Users\User\.m2\repository\org\apache\jackrabbit\jackrabbit-jcr-commons\1.5.0\jackrabbit-jcr-commons-1.5.0.jar;C:\Users\User\.m2\repository\org\slf4j\slf4j-nop\1.5.3\slf4j-nop-1.5.3.jar;C:\Users\User\.m2\repository\org\slf4j\slf4j-jdk14\1.5.6\slf4j-jdk14-1.5.6.jar;C:\Users\User\.m2\repository\org\slf4j\jcl-over-slf4j\1.5.6\jcl-over-slf4j-1.5.6.jar;C:\Users\User\.m2\repository\org\apache\maven\reporting\maven-reporting-api\2.2.1\maven-reporting-api-2.2.1.jar;C:\Users\User\.m2\repository\org\apache\maven\doxia\doxia-logging-api\1.1\doxia-logging-api-1.1.jar;C:\Users\User\.m2\repository\org\apache\maven\wagon\wagon-provider-api\1.0-beta-6\wagon-provider-api-1.0-beta-6.jar;C:\Users\User\.m2\repository\org\apache\maven\maven-repository-metadata\2.2.1\maven-repository-metadata-2.2.1.jar;C:\Users\User\.m2\repository\org\apache\maven\maven-error-diagnostics\2.2.1\maven-error-diagnostics-2.2.1.jar;C:\Users\User\.m2\repository\org\apache\maven\maven-monitor\2.2.1\maven-monitor-2.2.1.jar;C:\Users\User\.m2\repository\classworlds\classworlds\1.1\classworlds-1.1.jar;C:\Users\User\.m2\repository\org\sonatype\plexus\plexus-sec-dispatcher\1.3\plexus-sec-dispatcher-1.3.jar;C:\Users\User\.m2\repository\org\sonatype\plexus\plexus-cipher\1.4\plexus-cipher-1.4.jar;C:\Users\User\.m2\repository\org\apache\maven\maven-toolchain\2.2.1\maven-toolchain-2.2.1.jar;C:\Users\User\.m2\repository\org\codehaus\plexus\plexus-java\0.9.10\plexus-java-0.9.10.jar;C:\Users\User\.m2\repository\com\thoughtworks\qdox\qdox\2.0-M8\qdox-2.0-M8.jar;C:\Users\User\.m2\repository\org\seleniumhq\selenium\selenium-java\4.8.1\selenium-java-4.8.1.jar;C:\Users\User\.m2\repository\org\seleniumhq\selenium\selenium-api\4.8.1\selenium-api-4.8.1.jar;C:\Users\User\.m2\repository\org\seleniumhq\selenium\selenium-chrome-driver\4.8.1\selenium-chrome-driver-4.8.1.jar;C:\Users\User\.m2\repository\com\google\auto\service\auto-service-annotations\1.0.1\auto-service-annotations-1.0.1.jar;C:\Users\User\.m2\repository\com\google\auto\service\auto-service\1.0.1\auto-service-1.0.1.jar;C:\Users\User\.m2\repository\com\google\auto\auto-common\1.2\auto-common-1.2.jar;C:\Users\User\.m2\repository\com\google\guava\guava\31.1-jre\guava-31.1-jre.jar;C:\Users\User\.m2\repository\com\google\guava\failureaccess\1.0.1\failureaccess-1.0.1.jar;C:\Users\User\.m2\repository\com\google\guava\listenablefuture\9999.0-empty-to-avoid-conflict-with-guava\listenablefuture-9999.0-empty-to-avoid-conflict-with-guava.jar;C:\Users\User\.m2\repository\com\google\code\findbugs\jsr305\3.0.2\jsr305-3.0.2.jar;C:\Users\User\.m2\repository\org\checkerframework\checker-qual\3.12.0\checker-qual-3.12.0.jar;C:\Users\User\.m2\repository\com\google\errorprone\error_prone_annotations\2.11.0\error_prone_annotations-2.11.0.jar;C:\Users\User\.m2\repository\com\google\j2objc\j2objc-annotations\1.3\j2objc-annotations-1.3.jar;C:\Users\User\.m2\repository\org\seleniumhq\selenium\selenium-chromium-driver\4.8.1\selenium-chromium-driver-4.8.1.jar;C:\Users\User\.m2\repository\org\seleniumhq\selenium\selenium-json\4.8.1\selenium-json-4.8.1.jar;C:\Users\User\.m2\repository\org\seleniumhq\selenium\selenium-devtools-v108\4.8.1\selenium-devtools-v108-4.8.1.jar;C:\Users\User\.m2\repository\org\seleniumhq\selenium\selenium-devtools-v109\4.8.1\selenium-devtools-v109-4.8.1.jar;C:\Users\User\.m2\repository\org\seleniumhq\selenium\selenium-devtools-v110\4.8.1\selenium-devtools-v110-4.8.1.jar;C:\Users\User\.m2\repository\org\seleniumhq\selenium\selenium-devtools-v85\4.8.1\selenium-devtools-v85-4.8.1.jar;C:\Users\User\.m2\repository\org\seleniumhq\selenium\selenium-edge-driver\4.8.1\selenium-edge-driver-4.8.1.jar;C:\Users\User\.m2\repository\org\seleniumhq\selenium\selenium-firefox-driver\4.8.1\selenium-firefox-driver-4.8.1.jar;C:\Users\User\.m2\repository\org\seleniumhq\selenium\selenium-http\4.8.1\selenium-http-4.8.1.jar;C:\Users\User\.m2\repository\dev\failsafe\failsafe\3.3.0\failsafe-3.3.0.jar;C:\Users\User\.m2\repository\org\seleniumhq\selenium\selenium-ie-driver\4.8.1\selenium-ie-driver-4.8.1.jar;C:\Users\User\.m2\repository\org\seleniumhq\selenium\selenium-remote-driver\4.8.1\selenium-remote-driver-4.8.1.jar;C:\Users\User\.m2\repository\io\netty\netty-buffer\4.1.87.Final\netty-buffer-4.1.87.Final.jar;C:\Users\User\.m2\repository\io\netty\netty-codec-http\4.1.87.Final\netty-codec-http-4.1.87.Final.jar;C:\Users\User\.m2\repository\io\netty\netty-codec\4.1.87.Final\netty-codec-4.1.87.Final.jar;C:\Users\User\.m2\repository\io\netty\netty-handler\4.1.87.Final\netty-handler-4.1.87.Final.jar;C:\Users\User\.m2\repository\io\netty\netty-common\4.1.87.Final\netty-common-4.1.87.Final.jar;C:\Users\User\.m2\repository\io\netty\netty-transport-classes-epoll\4.1.87.Final\netty-transport-classes-epoll-4.1.87.Final.jar;C:\Users\User\.m2\repository\io\netty\netty-transport-classes-kqueue\4.1.87.Final\netty-transport-classes-kqueue-4.1.87.Final.jar;C:\Users\User\.m2\repository\io\netty\netty-transport-native-epoll\4.1.87.Final\netty-transport-native-epoll-4.1.87.Final.jar;C:\Users\User\.m2\repository\io\netty\netty-transport-native-kqueue\4.1.87.Final\netty-transport-native-kqueue-4.1.87.Final.jar;C:\Users\User\.m2\repository\io\netty\netty-transport-native-unix-common\4.1.87.Final\netty-transport-native-unix-common-4.1.87.Final.jar;C:\Users\User\.m2\repository\io\netty\netty-transport\4.1.87.Final\netty-transport-4.1.87.Final.jar;C:\Users\User\.m2\repository\io\netty\netty-resolver\4.1.87.Final\netty-resolver-4.1.87.Final.jar;C:\Users\User\.m2\repository\io\opentelemetry\opentelemetry-api\1.22.0\opentelemetry-api-1.22.0.jar;C:\Users\User\.m2\repository\io\opentelemetry\opentelemetry-context\1.22.0\opentelemetry-context-1.22.0.jar;C:\Users\User\.m2\repository\io\opentelemetry\opentelemetry-exporter-logging\1.22.0\opentelemetry-exporter-logging-1.22.0.jar;C:\Users\User\.m2\repository\io\opentelemetry\opentelemetry-sdk-metrics\1.22.0\opentelemetry-sdk-metrics-1.22.0.jar;C:\Users\User\.m2\repository\io\opentelemetry\opentelemetry-sdk-logs\1.22.0-alpha\opentelemetry-sdk-logs-1.22.0-alpha.jar;C:\Users\User\.m2\repository\io\opentelemetry\opentelemetry-api-logs\1.22.0-alpha\opentelemetry-api-logs-1.22.0-alpha.jar;C:\Users\User\.m2\repository\io\opentelemetry\opentelemetry-sdk-common\1.22.0\opentelemetry-sdk-common-1.22.0.jar;C:\Users\User\.m2\repository\io\opentelemetry\opentelemetry-sdk-extension-autoconfigure-spi\1.22.0\opentelemetry-sdk-extension-autoconfigure-spi-1.22.0.jar;C:\Users\User\.m2\repository\io\opentelemetry\opentelemetry-sdk-extension-autoconfigure\1.22.0-alpha\opentelemetry-sdk-extension-autoconfigure-1.22.0-alpha.jar;C:\Users\User\.m2\repository\io\opentelemetry\opentelemetry-sdk-trace\1.22.0\opentelemetry-sdk-trace-1.22.0.jar;C:\Users\User\.m2\repository\io\opentelemetry\opentelemetry-sdk\1.22.0\opentelemetry-sdk-1.22.0.jar;C:\Users\User\.m2\repository\io\opentelemetry\opentelemetry-semconv\1.22.0-alpha\opentelemetry-semconv-1.22.0-alpha.jar;C:\Users\User\.m2\repository\io\ous\jtoml\2.0.0\jtoml-2.0.0.jar;C:\Users\User\.m2\repository\net\bytebuddy\byte-buddy\1.12.22\byte-buddy-1.12.22.jar;C:\Users\User\.m2\repository\org\apache\commons\commons-exec\1.3\commons-exec-1.3.jar;C:\Users\User\.m2\repository\org\asynchttpclient\async-http-client\2.12.3\async-http-client-2.12.3.jar;C:\Users\User\.m2\repository\org\asynchttpclient\async-http-client-netty-utils\2.12.3\async-http-client-netty-utils-2.12.3.jar;C:\Users\User\.m2\repository\io\netty\netty-codec-socks\4.1.60.Final\netty-codec-socks-4.1.60.Final.jar;C:\Users\User\.m2\repository\io\netty\netty-handler-proxy\4.1.60.Final\netty-handler-proxy-4.1.60.Final.jar;C:\Users\User\.m2\repository\io\netty\netty-transport-native-epoll\4.1.60.Final\netty-transport-native-epoll-4.1.60.Final-linux-x86_64.jar;C:\Users\User\.m2\repository\io\netty\netty-transport-native-kqueue\4.1.60.Final\netty-transport-native-kqueue-4.1.60.Final-osx-x86_64.jar;C:\Users\User\.m2\repository\org\reactivestreams\reactive-streams\1.0.3\reactive-streams-1.0.3.jar;C:\Users\User\.m2\repository\com\typesafe\netty\netty-reactive-streams\2.0.4\netty-reactive-streams-2.0.4.jar;C:\Users\User\.m2\repository\com\sun\activation\jakarta.activation\1.2.2\jakarta.activation-1.2.2.jar;C:\Users\User\.m2\repository\org\seleniumhq\selenium\selenium-manager\4.8.1\selenium-manager-4.8.1.jar;C:\Users\User\.m2\repository\org\seleniumhq\selenium\selenium-safari-driver\4.8.1\selenium-safari-driver-4.8.1.jar;C:\Users\User\.m2\repository\org\seleniumhq\selenium\selenium-support\4.8.1\selenium-support-4.8.1.jar;C:\Users\User\.m2\repository\io\appium\java-client\8.3.0\java-client-8.3.0.jar;C:\Users\User\.m2\repository\cglib\cglib\3.3.0\cglib-3.3.0.jar;C:\Users\User\.m2\repository\org\ow2\asm\asm\7.1\asm-7.1.jar;C:\Users\User\.m2\repository\commons-validator\commons-validator\1.7\commons-validator-1.7.jar;C:\Users\User\.m2\repository\commons-beanutils\commons-beanutils\1.9.4\commons-beanutils-1.9.4.jar;C:\Users\User\.m2\repository\commons-digester\commons-digester\2.1\commons-digester-2.1.jar;C:\Users\User\.m2\repository\commons-collections\commons-collections\3.2.2\commons-collections-3.2.2.jar;"/>
    <property name="java.vm.vendor" value="Oracle Corporation"/>
    <property name="sun.arch.data.model" value="64"/>
    <property name="user.variant" value=""/>
    <property name="java.vendor.url" value="https://openjdk.java.net/"/>
    <property name="user.timezone" value="Asia/Calcutta"/>
    <property name="java.vm.specification.version" value="11"/>
    <property name="os.name" value="Windows 11"/>
    <property name="sun.java.launcher" value="SUN_STANDARD"/>
    <property name="user.country" value="IN"/>
    <property name="sun.boot.library.path" value="C:\Program Files\Java\jdk-11\bin"/>
    <property name="sun.java.command" value="C:\Users\User\AppData\Local\Temp\surefire14050847254468102979\surefirebooter-20230313220903975_3.jar C:\Users\User\AppData\Local\Temp\surefire14050847254468102979 2023-03-13T22-09-03_298-jvmRun1 surefire-20230313220903975_1tmp surefire_0-20230313220903975_2tmp"/>
    <property name="jdk.debug" value="release"/>
    <property name="surefire.test.class.path" value="D:\New Selenium_WorkSpace\GeneralStoreApp\target\test-classes;D:\New Selenium_WorkSpace\GeneralStoreApp\target\classes;C:\Users\User\.m2\repository\junit\junit\4.11\junit-4.11.jar;C:\Users\User\.m2\repository\org\hamcrest\hamcrest-core\1.3\hamcrest-core-1.3.jar;C:\Users\User\.m2\repository\org\testng\testng\7.7.1\testng-7.7.1.jar;C:\Users\User\.m2\repository\com\beust\jcommander\1.82\jcommander-1.82.jar;C:\Users\User\.m2\repository\org\webjars\jquery\3.6.1\jquery-3.6.1.jar;C:\Users\User\.m2\repository\com\aventstack\extentreports\4.1.3\extentreports-4.1.3.jar;C:\Users\User\.m2\repository\org\freemarker\freemarker\2.3.29\freemarker-2.3.29.jar;C:\Users\User\.m2\repository\org\apache\httpcomponents\httpclient\4.5.2\httpclient-4.5.2.jar;C:\Users\User\.m2\repository\org\apache\httpcomponents\httpcore\4.4.4\httpcore-4.4.4.jar;C:\Users\User\.m2\repository\commons-logging\commons-logging\1.2\commons-logging-1.2.jar;C:\Users\User\.m2\repository\org\apache\httpcomponents\httpmime\4.5.2\httpmime-4.5.2.jar;C:\Users\User\.m2\repository\com\google\code\gson\gson\2.8.6\gson-2.8.6.jar;C:\Users\User\.m2\repository\org\mongodb\mongodb-driver\3.12.0\mongodb-driver-3.12.0.jar;C:\Users\User\.m2\repository\org\mongodb\mongodb-driver-core\3.12.0\mongodb-driver-core-3.12.0.jar;C:\Users\User\.m2\repository\org\mongodb\bson\3.12.0\bson-3.12.0.jar;C:\Users\User\.m2\repository\org\apache\poi\poi\4.1.2\poi-4.1.2.jar;C:\Users\User\.m2\repository\commons-codec\commons-codec\1.13\commons-codec-1.13.jar;C:\Users\User\.m2\repository\org\apache\commons\commons-collections4\4.4\commons-collections4-4.4.jar;C:\Users\User\.m2\repository\org\apache\commons\commons-math3\3.6.1\commons-math3-3.6.1.jar;C:\Users\User\.m2\repository\com\zaxxer\SparseBitSet\1.2\SparseBitSet-1.2.jar;C:\Users\User\.m2\repository\com\fasterxml\jackson\core\jackson-databind\2.14.2\jackson-databind-2.14.2.jar;C:\Users\User\.m2\repository\com\fasterxml\jackson\core\jackson-annotations\2.14.2\jackson-annotations-2.14.2.jar;C:\Users\User\.m2\repository\com\fasterxml\jackson\core\jackson-core\2.14.2\jackson-core-2.14.2.jar;C:\Users\User\.m2\repository\org\apache\poi\poi-ooxml\4.1.2\poi-ooxml-4.1.2.jar;C:\Users\User\.m2\repository\org\apache\poi\poi-ooxml-schemas\4.1.2\poi-ooxml-schemas-4.1.2.jar;C:\Users\User\.m2\repository\org\apache\xmlbeans\xmlbeans\3.1.0\xmlbeans-3.1.0.jar;C:\Users\User\.m2\repository\org\apache\commons\commons-compress\1.19\commons-compress-1.19.jar;C:\Users\User\.m2\repository\com\github\virtuald\curvesapi\1.06\curvesapi-1.06.jar;C:\Users\User\.m2\repository\commons-io\commons-io\2.11.0\commons-io-2.11.0.jar;C:\Users\User\.m2\repository\org\apache\commons\commons-lang3\3.11\commons-lang3-3.11.jar;C:\Users\User\.m2\repository\log4j\log4j\1.2.17\log4j-1.2.17.jar;C:\Users\User\.m2\repository\org\slf4j\slf4j-api\2.0.6\slf4j-api-2.0.6.jar;C:\Users\User\.m2\repository\org\apache\maven\plugins\maven-surefire-plugin\2.22.1\maven-surefire-plugin-2.22.1.jar;C:\Users\User\.m2\repository\org\apache\maven\surefire\maven-surefire-common\2.22.1\maven-surefire-common-2.22.1.jar;C:\Users\User\.m2\repository\org\apache\maven\maven-plugin-api\2.2.1\maven-plugin-api-2.2.1.jar;C:\Users\User\.m2\repository\org\apache\maven\plugin-tools\maven-plugin-annotations\3.5.2\maven-plugin-annotations-3.5.2.jar;C:\Users\User\.m2\repository\org\apache\maven\surefire\surefire-api\2.22.1\surefire-api-2.22.1.jar;C:\Users\User\.m2\repository\org\apache\maven\surefire\surefire-logger-api\2.22.1\surefire-logger-api-2.22.1.jar;C:\Users\User\.m2\repository\org\apache\maven\surefire\surefire-booter\2.22.1\surefire-booter-2.22.1.jar;C:\Users\User\.m2\repository\org\apache\maven\maven-artifact\2.2.1\maven-artifact-2.2.1.jar;C:\Users\User\.m2\repository\org\codehaus\plexus\plexus-utils\1.5.15\plexus-utils-1.5.15.jar;C:\Users\User\.m2\repository\org\apache\maven\maven-plugin-descriptor\2.2.1\maven-plugin-descriptor-2.2.1.jar;C:\Users\User\.m2\repository\org\codehaus\plexus\plexus-container-default\1.0-alpha-9-stable-1\plexus-container-default-1.0-alpha-9-stable-1.jar;C:\Users\User\.m2\repository\org\apache\maven\maven-project\2.2.1\maven-project-2.2.1.jar;C:\Users\User\.m2\repository\org\apache\maven\maven-settings\2.2.1\maven-settings-2.2.1.jar;C:\Users\User\.m2\repository\org\apache\maven\maven-profile\2.2.1\maven-profile-2.2.1.jar;C:\Users\User\.m2\repository\org\apache\maven\maven-artifact-manager\2.2.1\maven-artifact-manager-2.2.1.jar;C:\Users\User\.m2\repository\backport-util-concurrent\backport-util-concurrent\3.1\backport-util-concurrent-3.1.jar;C:\Users\User\.m2\repository\org\apache\maven\maven-plugin-registry\2.2.1\maven-plugin-registry-2.2.1.jar;C:\Users\User\.m2\repository\org\codehaus\plexus\plexus-interpolation\1.11\plexus-interpolation-1.11.jar;C:\Users\User\.m2\repository\org\apache\maven\maven-model\2.2.1\maven-model-2.2.1.jar;C:\Users\User\.m2\repository\org\apache\maven\maven-core\2.2.1\maven-core-2.2.1.jar;C:\Users\User\.m2\repository\org\apache\maven\maven-plugin-parameter-documenter\2.2.1\maven-plugin-parameter-documenter-2.2.1.jar;C:\Users\User\.m2\repository\org\apache\maven\wagon\wagon-http\1.0-beta-6\wagon-http-1.0-beta-6.jar;C:\Users\User\.m2\repository\org\apache\maven\wagon\wagon-http-shared\1.0-beta-6\wagon-http-shared-1.0-beta-6.jar;C:\Users\User\.m2\repository\nekohtml\xercesMinimal\1.9.6.2\xercesMinimal-1.9.6.2.jar;C:\Users\User\.m2\repository\nekohtml\nekohtml\1.9.6.2\nekohtml-1.9.6.2.jar;C:\Users\User\.m2\repository\commons-httpclient\commons-httpclient\3.1\commons-httpclient-3.1.jar;C:\Users\User\.m2\repository\org\apache\maven\wagon\wagon-webdav-jackrabbit\1.0-beta-6\wagon-webdav-jackrabbit-1.0-beta-6.jar;C:\Users\User\.m2\repository\org\apache\jackrabbit\jackrabbit-webdav\1.5.0\jackrabbit-webdav-1.5.0.jar;C:\Users\User\.m2\repository\org\apache\jackrabbit\jackrabbit-jcr-commons\1.5.0\jackrabbit-jcr-commons-1.5.0.jar;C:\Users\User\.m2\repository\org\slf4j\slf4j-nop\1.5.3\slf4j-nop-1.5.3.jar;C:\Users\User\.m2\repository\org\slf4j\slf4j-jdk14\1.5.6\slf4j-jdk14-1.5.6.jar;C:\Users\User\.m2\repository\org\slf4j\jcl-over-slf4j\1.5.6\jcl-over-slf4j-1.5.6.jar;C:\Users\User\.m2\repository\org\apache\maven\reporting\maven-reporting-api\2.2.1\maven-reporting-api-2.2.1.jar;C:\Users\User\.m2\repository\org\apache\maven\doxia\doxia-logging-api\1.1\doxia-logging-api-1.1.jar;C:\Users\User\.m2\repository\org\apache\maven\wagon\wagon-provider-api\1.0-beta-6\wagon-provider-api-1.0-beta-6.jar;C:\Users\User\.m2\repository\org\apache\maven\maven-repository-metadata\2.2.1\maven-repository-metadata-2.2.1.jar;C:\Users\User\.m2\repository\org\apache\maven\maven-error-diagnostics\2.2.1\maven-error-diagnostics-2.2.1.jar;C:\Users\User\.m2\repository\org\apache\maven\maven-monitor\2.2.1\maven-monitor-2.2.1.jar;C:\Users\User\.m2\repository\classworlds\classworlds\1.1\classworlds-1.1.jar;C:\Users\User\.m2\repository\org\sonatype\plexus\plexus-sec-dispatcher\1.3\plexus-sec-dispatcher-1.3.jar;C:\Users\User\.m2\repository\org\sonatype\plexus\plexus-cipher\1.4\plexus-cipher-1.4.jar;C:\Users\User\.m2\repository\org\apache\maven\maven-toolchain\2.2.1\maven-toolchain-2.2.1.jar;C:\Users\User\.m2\repository\org\codehaus\plexus\plexus-java\0.9.10\plexus-java-0.9.10.jar;C:\Users\User\.m2\repository\com\thoughtworks\qdox\qdox\2.0-M8\qdox-2.0-M8.jar;C:\Users\User\.m2\repository\org\seleniumhq\selenium\selenium-java\4.8.1\selenium-java-4.8.1.jar;C:\Users\User\.m2\repository\org\seleniumhq\selenium\selenium-api\4.8.1\selenium-api-4.8.1.jar;C:\Users\User\.m2\repository\org\seleniumhq\selenium\selenium-chrome-driver\4.8.1\selenium-chrome-driver-4.8.1.jar;C:\Users\User\.m2\repository\com\google\auto\service\auto-service-annotations\1.0.1\auto-service-annotations-1.0.1.jar;C:\Users\User\.m2\repository\com\google\auto\service\auto-service\1.0.1\auto-service-1.0.1.jar;C:\Users\User\.m2\repository\com\google\auto\auto-common\1.2\auto-common-1.2.jar;C:\Users\User\.m2\repository\com\google\guava\guava\31.1-jre\guava-31.1-jre.jar;C:\Users\User\.m2\repository\com\google\guava\failureaccess\1.0.1\failureaccess-1.0.1.jar;C:\Users\User\.m2\repository\com\google\guava\listenablefuture\9999.0-empty-to-avoid-conflict-with-guava\listenablefuture-9999.0-empty-to-avoid-conflict-with-guava.jar;C:\Users\User\.m2\repository\com\google\code\findbugs\jsr305\3.0.2\jsr305-3.0.2.jar;C:\Users\User\.m2\repository\org\checkerframework\checker-qual\3.12.0\checker-qual-3.12.0.jar;C:\Users\User\.m2\repository\com\google\errorprone\error_prone_annotations\2.11.0\error_prone_annotations-2.11.0.jar;C:\Users\User\.m2\repository\com\google\j2objc\j2objc-annotations\1.3\j2objc-annotations-1.3.jar;C:\Users\User\.m2\repository\org\seleniumhq\selenium\selenium-chromium-driver\4.8.1\selenium-chromium-driver-4.8.1.jar;C:\Users\User\.m2\repository\org\seleniumhq\selenium\selenium-json\4.8.1\selenium-json-4.8.1.jar;C:\Users\User\.m2\repository\org\seleniumhq\selenium\selenium-devtools-v108\4.8.1\selenium-devtools-v108-4.8.1.jar;C:\Users\User\.m2\repository\org\seleniumhq\selenium\selenium-devtools-v109\4.8.1\selenium-devtools-v109-4.8.1.jar;C:\Users\User\.m2\repository\org\seleniumhq\selenium\selenium-devtools-v110\4.8.1\selenium-devtools-v110-4.8.1.jar;C:\Users\User\.m2\repository\org\seleniumhq\selenium\selenium-devtools-v85\4.8.1\selenium-devtools-v85-4.8.1.jar;C:\Users\User\.m2\repository\org\seleniumhq\selenium\selenium-edge-driver\4.8.1\selenium-edge-driver-4.8.1.jar;C:\Users\User\.m2\repository\org\seleniumhq\selenium\selenium-firefox-driver\4.8.1\selenium-firefox-driver-4.8.1.jar;C:\Users\User\.m2\repository\org\seleniumhq\selenium\selenium-http\4.8.1\selenium-http-4.8.1.jar;C:\Users\User\.m2\repository\dev\failsafe\failsafe\3.3.0\failsafe-3.3.0.jar;C:\Users\User\.m2\repository\org\seleniumhq\selenium\selenium-ie-driver\4.8.1\selenium-ie-driver-4.8.1.jar;C:\Users\User\.m2\repository\org\seleniumhq\selenium\selenium-remote-driver\4.8.1\selenium-remote-driver-4.8.1.jar;C:\Users\User\.m2\repository\io\netty\netty-buffer\4.1.87.Final\netty-buffer-4.1.87.Final.jar;C:\Users\User\.m2\repository\io\netty\netty-codec-http\4.1.87.Final\netty-codec-http-4.1.87.Final.jar;C:\Users\User\.m2\repository\io\netty\netty-codec\4.1.87.Final\netty-codec-4.1.87.Final.jar;C:\Users\User\.m2\repository\io\netty\netty-handler\4.1.87.Final\netty-handler-4.1.87.Final.jar;C:\Users\User\.m2\repository\io\netty\netty-common\4.1.87.Final\netty-common-4.1.87.Final.jar;C:\Users\User\.m2\repository\io\netty\netty-transport-classes-epoll\4.1.87.Final\netty-transport-classes-epoll-4.1.87.Final.jar;C:\Users\User\.m2\repository\io\netty\netty-transport-classes-kqueue\4.1.87.Final\netty-transport-classes-kqueue-4.1.87.Final.jar;C:\Users\User\.m2\repository\io\netty\netty-transport-native-epoll\4.1.87.Final\netty-transport-native-epoll-4.1.87.Final.jar;C:\Users\User\.m2\repository\io\netty\netty-transport-native-kqueue\4.1.87.Final\netty-transport-native-kqueue-4.1.87.Final.jar;C:\Users\User\.m2\repository\io\netty\netty-transport-native-unix-common\4.1.87.Final\netty-transport-native-unix-common-4.1.87.Final.jar;C:\Users\User\.m2\repository\io\netty\netty-transport\4.1.87.Final\netty-transport-4.1.87.Final.jar;C:\Users\User\.m2\repository\io\netty\netty-resolver\4.1.87.Final\netty-resolver-4.1.87.Final.jar;C:\Users\User\.m2\repository\io\opentelemetry\opentelemetry-api\1.22.0\opentelemetry-api-1.22.0.jar;C:\Users\User\.m2\repository\io\opentelemetry\opentelemetry-context\1.22.0\opentelemetry-context-1.22.0.jar;C:\Users\User\.m2\repository\io\opentelemetry\opentelemetry-exporter-logging\1.22.0\opentelemetry-exporter-logging-1.22.0.jar;C:\Users\User\.m2\repository\io\opentelemetry\opentelemetry-sdk-metrics\1.22.0\opentelemetry-sdk-metrics-1.22.0.jar;C:\Users\User\.m2\repository\io\opentelemetry\opentelemetry-sdk-logs\1.22.0-alpha\opentelemetry-sdk-logs-1.22.0-alpha.jar;C:\Users\User\.m2\repository\io\opentelemetry\opentelemetry-api-logs\1.22.0-alpha\opentelemetry-api-logs-1.22.0-alpha.jar;C:\Users\User\.m2\repository\io\opentelemetry\opentelemetry-sdk-common\1.22.0\opentelemetry-sdk-common-1.22.0.jar;C:\Users\User\.m2\repository\io\opentelemetry\opentelemetry-sdk-extension-autoconfigure-spi\1.22.0\opentelemetry-sdk-extension-autoconfigure-spi-1.22.0.jar;C:\Users\User\.m2\repository\io\opentelemetry\opentelemetry-sdk-extension-autoconfigure\1.22.0-alpha\opentelemetry-sdk-extension-autoconfigure-1.22.0-alpha.jar;C:\Users\User\.m2\repository\io\opentelemetry\opentelemetry-sdk-trace\1.22.0\opentelemetry-sdk-trace-1.22.0.jar;C:\Users\User\.m2\repository\io\opentelemetry\opentelemetry-sdk\1.22.0\opentelemetry-sdk-1.22.0.jar;C:\Users\User\.m2\repository\io\opentelemetry\opentelemetry-semconv\1.22.0-alpha\opentelemetry-semconv-1.22.0-alpha.jar;C:\Users\User\.m2\repository\io\ous\jtoml\2.0.0\jtoml-2.0.0.jar;C:\Users\User\.m2\repository\net\bytebuddy\byte-buddy\1.12.22\byte-buddy-1.12.22.jar;C:\Users\User\.m2\repository\org\apache\commons\commons-exec\1.3\commons-exec-1.3.jar;C:\Users\User\.m2\repository\org\asynchttpclient\async-http-client\2.12.3\async-http-client-2.12.3.jar;C:\Users\User\.m2\repository\org\asynchttpclient\async-http-client-netty-utils\2.12.3\async-http-client-netty-utils-2.12.3.jar;C:\Users\User\.m2\repository\io\netty\netty-codec-socks\4.1.60.Final\netty-codec-socks-4.1.60.Final.jar;C:\Users\User\.m2\repository\io\netty\netty-handler-proxy\4.1.60.Final\netty-handler-proxy-4.1.60.Final.jar;C:\Users\User\.m2\repository\io\netty\netty-transport-native-epoll\4.1.60.Final\netty-transport-native-epoll-4.1.60.Final-linux-x86_64.jar;C:\Users\User\.m2\repository\io\netty\netty-transport-native-kqueue\4.1.60.Final\netty-transport-native-kqueue-4.1.60.Final-osx-x86_64.jar;C:\Users\User\.m2\repository\org\reactivestreams\reactive-streams\1.0.3\reactive-streams-1.0.3.jar;C:\Users\User\.m2\repository\com\typesafe\netty\netty-reactive-streams\2.0.4\netty-reactive-streams-2.0.4.jar;C:\Users\User\.m2\repository\com\sun\activation\jakarta.activation\1.2.2\jakarta.activation-1.2.2.jar;C:\Users\User\.m2\repository\org\seleniumhq\selenium\selenium-manager\4.8.1\selenium-manager-4.8.1.jar;C:\Users\User\.m2\repository\org\seleniumhq\selenium\selenium-safari-driver\4.8.1\selenium-safari-driver-4.8.1.jar;C:\Users\User\.m2\repository\org\seleniumhq\selenium\selenium-support\4.8.1\selenium-support-4.8.1.jar;C:\Users\User\.m2\repository\io\appium\java-client\8.3.0\java-client-8.3.0.jar;C:\Users\User\.m2\repository\cglib\cglib\3.3.0\cglib-3.3.0.jar;C:\Users\User\.m2\repository\org\ow2\asm\asm\7.1\asm-7.1.jar;C:\Users\User\.m2\repository\commons-validator\commons-validator\1.7\commons-validator-1.7.jar;C:\Users\User\.m2\repository\commons-beanutils\commons-beanutils\1.9.4\commons-beanutils-1.9.4.jar;C:\Users\User\.m2\repository\commons-digester\commons-digester\2.1\commons-digester-2.1.jar;C:\Users\User\.m2\repository\commons-collections\commons-collections\3.2.2\commons-collections-3.2.2.jar;"/>
    <property name="sun.cpu.endian" value="little"/>
    <property name="user.home" value="C:\Users\User"/>
    <property name="user.language" value="en"/>
    <property name="java.specification.vendor" value="Oracle Corporation"/>
    <property name="java.version.date" value="2023-01-17"/>
    <property name="java.home" value="C:\Program Files\Java\jdk-11"/>
    <property name="file.separator" value="\"/>
    <property name="basedir" value="D:\New Selenium_WorkSpace\GeneralStoreApp"/>
    <property name="java.vm.compressedOopsMode" value="32-bit"/>
    <property name="line.separator" value="&#10;"/>
    <property name="java.specification.name" value="Java Platform API Specification"/>
    <property name="java.vm.specification.vendor" value="Oracle Corporation"/>
    <property name="java.awt.graphicsenv" value="sun.awt.Win32GraphicsEnvironment"/>
    <property name="surefire.real.class.path" value="C:\Users\User\AppData\Local\Temp\surefire14050847254468102979\surefirebooter-20230313220903975_3.jar"/>
    <property name="user.script" value=""/>
    <property name="sun.management.compiler" value="HotSpot 64-Bit Tiered Compilers"/>
    <property name="java.runtime.version" value="11.0.18+9-LTS-195"/>
    <property name="user.name" value="User"/>
    <property name="path.separator" value=";"/>
    <property name="os.version" value="10.0"/>
    <property name="java.runtime.name" value="Java(TM) SE Runtime Environment"/>
    <property name="file.encoding" value="Cp1252"/>
    <property name="java.vm.name" value="Java HotSpot(TM) 64-Bit Server VM"/>
    <property name="java.vendor.version" value="18.9"/>
    <property name="localRepository" value="C:\Users\User\.m2\repository"/>
    <property name="java.vendor.url.bug" value="https://bugreport.java.com/bugreport/"/>
    <property name="java.io.tmpdir" value="C:\Users\User\AppData\Local\Temp\"/>
    <property name="java.version" value="11.0.18"/>
    <property name="user.dir" value="D:\New Selenium_WorkSpace\GeneralStoreApp"/>
    <property name="os.arch" value="amd64"/>
    <property name="java.vm.specification.name" value="Java Virtual Machine Specification"/>
    <property name="java.awt.printerjob" value="sun.awt.windows.WPrinterJob"/>
    <property name="sun.os.patch.level" value=""/>
    <property name="java.library.path" value="C:\Program Files\Java\jdk-11\bin;C:\WINDOWS\Sun\Java\bin;C:\WINDOWS\system32;C:\WINDOWS;C:\Program Files\Common Files\Oracle\Java\javapath;C:\Program Files (x86)\Common Files\Oracle\Java\javapath;C:\WINDOWS\system32;C:\WINDOWS;C:\WINDOWS\System32\Wbem;C:\WINDOWS\System32\WindowsPowerShell\v1.0\;C:\WINDOWS\System32\OpenSSH\;C:\Program Files\nodejs\;C:\Program Files\nodejs\node_modules\npm\bin;C:\Program Files\Android\Android Studio2\bin;C:\Users\User\AppData\Local\Android\Sdk\platform-tools;C:\Users\User\AppData\Local\Android\Sdk\tools;C:\Users\User\AppData\Local\Android\Sdk\tools\bin;C:\Program Files\dotnet\;C:\Program Files\Maven\apache-maven-3.9.0\bin;C:\Program Files\Maven\apache-maven-3.9.0\bin;C:\Program Files\Java\jdk-11\bin;C:\Users\User\AppData\Local\Programs\Python\Python39\Scripts\;C:\Users\User\AppData\Local\Programs\Python\Python39\;C:\Users\User\AppData\Local\Microsoft\WindowsApps;C:\Users\User\AppData\Roaming\npm;;."/>
    <property name="java.vendor" value="Oracle Corporation"/>
    <property name="java.vm.info" value="mixed mode"/>
    <property name="java.vm.version" value="11.0.18+9-LTS-195"/>
    <property name="sun.io.unicode.encoding" value="UnicodeLittle"/>
    <property name="java.class.version" value="55.0"/>
  </properties>
  <testcase name="fillForm_ErrorValidation" classname="com.generalstore.android.test.SmokeTestCase" time="60.896">
    <failure message="expected:&lt;Please enter your name&gt; but was:&lt;Please your name&gt;" type="java.lang.AssertionError"><![CDATA[java.lang.AssertionError: expected:<Please enter your name> but was:<Please your name>
	at org.testng.AssertJUnit.assertEquals(AssertJUnit.java:115)
	at org.testng.AssertJUnit.assertEquals(AssertJUnit.java:125)
	at com.generalstore.android.test.SmokeTestCase.fillForm_ErrorValidation(SmokeTestCase.java:30)
	at java.base/jdk.internal.reflect.NativeMethodAccessorImpl.invoke0(Native Method)
	at java.base/jdk.internal.reflect.NativeMethodAccessorImpl.invoke(NativeMethodAccessorImpl.java:62)
	at java.base/jdk.internal.reflect.DelegatingMethodAccessorImpl.invoke(DelegatingMethodAccessorImpl.java:43)
	at java.base/java.lang.reflect.Method.invoke(Method.java:566)
	at org.testng.internal.invokers.MethodInvocationHelper.invokeMethod(MethodInvocationHelper.java:139)
	at org.testng.internal.invokers.TestInvoker.invokeMethod(TestInvoker.java:677)
	at org.testng.internal.invokers.TestInvoker.invokeTestMethod(TestInvoker.java:221)
	at org.testng.internal.invokers.MethodRunner.runInSequence(MethodRunner.java:50)
	at org.testng.internal.invokers.TestInvoker$MethodInvocationAgent.invoke(TestInvoker.java:969)
	at org.testng.internal.invokers.TestInvoker.invokeTestMethods(TestInvoker.java:194)
	at org.testng.internal.invokers.TestMethodWorker.invokeTestMethods(TestMethodWorker.java:148)
	at org.testng.internal.invokers.TestMethodWorker.run(TestMethodWorker.java:128)
	at java.base/java.util.ArrayList.forEach(ArrayList.java:1541)
	at org.testng.TestRunner.privateRun(TestRunner.java:829)
	at org.testng.TestRunner.run(TestRunner.java:602)
	at org.testng.SuiteRunner.runTest(SuiteRunner.java:437)
	at org.testng.SuiteRunner.runSequentially(SuiteRunner.java:431)
	at org.testng.SuiteRunner.privateRun(SuiteRunner.java:391)
	at org.testng.SuiteRunner.run(SuiteRunner.java:330)
	at org.testng.SuiteRunnerWorker.runSuite(SuiteRunnerWorker.java:52)
	at org.testng.SuiteRunnerWorker.run(SuiteRunnerWorker.java:95)
	at org.testng.TestNG.runSuitesSequentially(TestNG.java:1256)
	at org.testng.TestNG.runSuitesLocally(TestNG.java:1176)
	at org.testng.TestNG.runSuites(TestNG.java:1099)
	at org.testng.TestNG.run(TestNG.java:1067)
	at org.apache.maven.surefire.testng.TestNGExecutor.run(TestNGExecutor.java:324)
	at org.apache.maven.surefire.testng.TestNGXmlTestSuite.execute(TestNGXmlTestSuite.java:74)
	at org.apache.maven.surefire.testng.TestNGProvider.invoke(TestNGProvider.java:123)
	at org.apache.maven.surefire.booter.ForkedBooter.runSuitesInProcess(ForkedBooter.java:456)
	at org.apache.maven.surefire.booter.ForkedBooter.execute(ForkedBooter.java:169)
	at org.apache.maven.surefire.booter.ForkedBooter.run(ForkedBooter.java:595)
	at org.apache.maven.surefire.booter.ForkedBooter.main(ForkedBooter.java:581)
]]></failure>
    <system-out><![CDATA[&amp#27;[35m[Appium]&amp#27;[39m Welcome to Appium v2.0.0-beta.56
&amp#27;[35m[Appium]&amp#27;[39m Non-default server args:
&amp#27;[35m[Appium]&amp#27;[39m { address: &amp#27;[32m'127.0.0.1'&amp#27;[39m }
&amp#27;[35m[Appium]&amp#27;[39m Attempting to load driver uiautomator2...
[debug] &amp#27;[35m[Appium]&amp#27;[39m Requiring driver at C:\Users\User\.appium\node_modules\appium-uiautomator2-driver
&amp#27;[35m[Appium]&amp#27;[39m Attempting to load driver xcuitest...
[debug] &amp#27;[35m[Appium]&amp#27;[39m Requiring driver at C:\Users\User\.appium\node_modules\appium-xcuitest-driver
&amp#27;[35m[Appium]&amp#27;[39m Appium REST http interface listener started on 127.0.0.1:4723
&amp#27;[35m[Appium]&amp#27;[39m Available drivers:
&amp#27;[35m[Appium]&amp#27;[39m   - uiautomator2@2.12.6 (automationName 'UiAutomator2')
&amp#27;[35m[Appium]&amp#27;[39m   - xcuitest@4.19.0 (automationName 'XCUITest')
&amp#27;[35m[Appium]&amp#27;[39m No plugins have been installed. Use the "appium plugin" command to install the one(s) you want to use.
&amp#27;[38;5;0m[HTTP]&amp#27;[0m &amp#27;[37m-->&amp#27;[39m &amp#27;[37mGET&amp#27;[39m &amp#27;[37m/status&amp#27;[39m
&amp#27;[38;5;0m[HTTP]&amp#27;[0m &amp#27;[90m{}&amp#27;[39m
[debug] &amp#27;[38;5;16m[AppiumDriver@3896]&amp#27;[0m Calling AppiumDriver.getStatus() with args: []
[debug] &amp#27;[38;5;16m[AppiumDriver@3896]&amp#27;[0m Responding to client with driver.getStatus() result: {"build":{"version":"2.0.0-beta.56"}}
&amp#27;[38;5;0m[HTTP]&amp#27;[0m &amp#27;[37m<-- GET /status &amp#27;[39m&amp#27;[32m200&amp#27;[39m &amp#27;[90m15 ms - 47&amp#27;[39m
&amp#27;[38;5;0m[HTTP]&amp#27;[0m &amp#27;[90m&amp#27;[39m
[debug] &amp#27;[38;5;0m[HTTP]&amp#27;[0m Request idempotency key: 8fbec044-8ec2-4525-974b-9cd3740e57b5
&amp#27;[38;5;0m[HTTP]&amp#27;[0m &amp#27;[37m-->&amp#27;[39m &amp#27;[37mPOST&amp#27;[39m &amp#27;[37m/session&amp#27;[39m
&amp#27;[38;5;0m[HTTP]&amp#27;[0m &amp#27;[90m{"capabilities":{"firstMatch":[{}],"alwaysMatch":{"appium:automationName":"UIAutomator2","appium:deviceName":"52036015fe09146b","platformName":"android"}}}&amp#27;[39m
[debug] &amp#27;[38;5;16m[AppiumDriver@3896]&amp#27;[0m Calling AppiumDriver.createSession() with args: [null,null,{"firstMatch":[{}],"alwaysMatch":{"appium:automationName":"UIAutomator2","appium:deviceName":"52036015fe09146b","platformName":"android"}}]
[debug] &amp#27;[38;5;16m[AppiumDriver@3896]&amp#27;[0m Event 'newSessionRequested' logged at 1678725562149 (22:09:22 GMT+0530 (India Standard Time))
&amp#27;[35m[Appium]&amp#27;[39m Attempting to find matching driver for automationName 'UIAutomator2' and platformName 'android'
&amp#27;[35m[Appium]&amp#27;[39m The 'uiautomator2' driver was installed and matched caps.
&amp#27;[35m[Appium]&amp#27;[39m Will require it at C:\Users\User\.appium\node_modules\appium-uiautomator2-driver
[debug] &amp#27;[35m[Appium]&amp#27;[39m Requiring driver at C:\Users\User\.appium\node_modules\appium-uiautomator2-driver
&amp#27;[38;5;16m[AppiumDriver@3896]&amp#27;[0m Appium v2.0.0-beta.56 creating new AndroidUiautomator2Driver (v2.12.6) session
&amp#27;[38;5;16m[AppiumDriver@3896]&amp#27;[0m Checking BaseDriver versions for Appium and AndroidUiautomator2Driver
&amp#27;[38;5;16m[AppiumDriver@3896]&amp#27;[0m Appium's BaseDriver version is 9.3.2
&amp#27;[38;5;16m[AppiumDriver@3896]&amp#27;[0m AndroidUiautomator2Driver's BaseDriver version is 9.3.2
[debug] &amp#27;[38;5;32m[AndroidUiautomator2Driver@a7d5]&amp#27;[0m Creating session with W3C capabilities: {
[debug] &amp#27;[38;5;32m[AndroidUiautomator2Driver@a7d5]&amp#27;[0m   "alwaysMatch": {
[debug] &amp#27;[38;5;32m[AndroidUiautomator2Driver@a7d5]&amp#27;[0m     "platformName": "android",
[debug] &amp#27;[38;5;32m[AndroidUiautomator2Driver@a7d5]&amp#27;[0m     "appium:automationName": "UIAutomator2",
[debug] &amp#27;[38;5;32m[AndroidUiautomator2Driver@a7d5]&amp#27;[0m     "appium:deviceName": "52036015fe09146b"
[debug] &amp#27;[38;5;32m[AndroidUiautomator2Driver@a7d5]&amp#27;[0m   },
[debug] &amp#27;[38;5;32m[AndroidUiautomator2Driver@a7d5]&amp#27;[0m   "firstMatch": [
[debug] &amp#27;[38;5;32m[AndroidUiautomator2Driver@a7d5]&amp#27;[0m     {}
[debug] &amp#27;[38;5;32m[AndroidUiautomator2Driver@a7d5]&amp#27;[0m   ]
[debug] &amp#27;[38;5;32m[AndroidUiautomator2Driver@a7d5]&amp#27;[0m }
&amp#27;[38;5;32m[AndroidUiautomator2Driver@a7d5 (d2c9b10b)]&amp#27;[0m Session created with session id: d2c9b10b-c037-4b64-8bdf-6ffcf3513fc6
&amp#27;[38;5;32m[AndroidUiautomator2Driver@a7d5 (d2c9b10b)]&amp#27;[0m Neither 'app' nor 'appPackage' was set. Starting UiAutomator2 without the target application
&amp#27;[38;5;48m[ADB]&amp#27;[0m Found 2 'build-tools' folders under 'C:\Users\User\AppData\Local\Android\Sdk' (newest first):
&amp#27;[38;5;48m[ADB]&amp#27;[0m     C:/Users/User/AppData/Local/Android/Sdk/build-tools/33.0.0
&amp#27;[38;5;48m[ADB]&amp#27;[0m     C:/Users/User/AppData/Local/Android/Sdk/build-tools/30.0.3
&amp#27;[38;5;48m[ADB]&amp#27;[0m Using 'adb.exe' from 'C:\Users\User\AppData\Local\Android\Sdk\platform-tools\adb.exe'
[debug] &amp#27;[38;5;48m[ADB]&amp#27;[0m Running 'C:\Users\User\AppData\Local\Android\Sdk\platform-tools\adb.exe -P 5037 start-server'
&amp#27;[38;5;64m[AndroidDriver]&amp#27;[0m Retrieving device list
[debug] &amp#27;[38;5;48m[ADB]&amp#27;[0m Trying to find a connected android device
[debug] &amp#27;[38;5;48m[ADB]&amp#27;[0m Getting connected devices
[debug] &amp#27;[38;5;48m[ADB]&amp#27;[0m Connected devices: [{"udid":"52036015fe09146b","state":"device"}]
&amp#27;[38;5;64m[AndroidDriver]&amp#27;[0m Using device: 52036015fe09146b
&amp#27;[38;5;48m[ADB]&amp#27;[0m Using 'adb.exe' from 'C:\Users\User\AppData\Local\Android\Sdk\platform-tools\adb.exe'
[debug] &amp#27;[38;5;48m[ADB]&amp#27;[0m Running 'C:\Users\User\AppData\Local\Android\Sdk\platform-tools\adb.exe -P 5037 start-server'
[debug] &amp#27;[38;5;48m[ADB]&amp#27;[0m Setting device id to 52036015fe09146b
[debug] &amp#27;[38;5;48m[ADB]&amp#27;[0m Running 'C:\Users\User\AppData\Local\Android\Sdk\platform-tools\adb.exe -P 5037 -s 52036015fe09146b shell getprop ro.build.version.sdk'
[debug] &amp#27;[38;5;48m[ADB]&amp#27;[0m Current device property 'ro.build.version.sdk': 27
[debug] &amp#27;[38;5;48m[ADB]&amp#27;[0m Device API level: 27
&amp#27;[38;5;64m[AndroidDriver]&amp#27;[0m No app sent in, not parsing package/activity
[debug] &amp#27;[38;5;48m[ADB]&amp#27;[0m Running 'C:\Users\User\AppData\Local\Android\Sdk\platform-tools\adb.exe -P 5037 -s 52036015fe09146b wait-for-device'
[debug] &amp#27;[38;5;48m[ADB]&amp#27;[0m Running 'C:\Users\User\AppData\Local\Android\Sdk\platform-tools\adb.exe -P 5037 -s 52036015fe09146b shell echo ping'
[debug] &amp#27;[38;5;64m[AndroidDriver]&amp#27;[0m Pushing settings apk to device...
[debug] &amp#27;[38;5;48m[ADB]&amp#27;[0m Getting install status for io.appium.settings
[debug] &amp#27;[38;5;48m[ADB]&amp#27;[0m Running 'C:\Users\User\AppData\Local\Android\Sdk\platform-tools\adb.exe -P 5037 -s 52036015fe09146b shell dumpsys package io.appium.settings'
[debug] &amp#27;[38;5;48m[ADB]&amp#27;[0m 'io.appium.settings' is installed
[debug] &amp#27;[38;5;48m[ADB]&amp#27;[0m Getting package info for 'io.appium.settings'
[debug] &amp#27;[38;5;48m[ADB]&amp#27;[0m Running 'C:\Users\User\AppData\Local\Android\Sdk\platform-tools\adb.exe -P 5037 -s 52036015fe09146b shell dumpsys package io.appium.settings'
[debug] &amp#27;[38;5;48m[ADB]&amp#27;[0m The version name of the installed 'io.appium.settings' is greater or equal to the application version name ('5.0.3' >= '5.0.3')
[debug] &amp#27;[38;5;48m[ADB]&amp#27;[0m There is no need to install/upgrade 'C:\Users\User\.appium\node_modules\appium-uiautomator2-driver\node_modules\io.appium.settings\apks\settings_apk-debug.apk'
[debug] &amp#27;[38;5;48m[ADB]&amp#27;[0m Getting IDs of all 'io.appium.settings' processes
[debug] &amp#27;[38;5;48m[ADB]&amp#27;[0m Running 'C:\Users\User\AppData\Local\Android\Sdk\platform-tools\adb.exe -P 5037 -s 52036015fe09146b shell 'pgrep --help; echo $?''
[debug] &amp#27;[38;5;48m[ADB]&amp#27;[0m Running 'C:\Users\User\AppData\Local\Android\Sdk\platform-tools\adb.exe -P 5037 -s 52036015fe09146b shell pgrep -f \(\[\[:blank:\]\]\|\^\)io\.appium\.settings\(\[\[:blank:\]\]\|\$\)'
[debug] &amp#27;[38;5;64m[AndroidDriver]&amp#27;[0m io.appium.settings is already running. There is no need to reset its permissions.
[debug] &amp#27;[38;5;48m[ADB]&amp#27;[0m Running 'C:\Users\User\AppData\Local\Android\Sdk\platform-tools\adb.exe -P 5037 -s 52036015fe09146b shell appops set io.appium.settings android:mock_location allow'
[debug] &amp#27;[38;5;48m[ADB]&amp#27;[0m Running 'C:\Users\User\AppData\Local\Android\Sdk\platform-tools\adb.exe -P 5037 -s 52036015fe09146b shell "[ -e '/data/local/tmp/mock_apps.json' ] && echo __PASS__"'
[debug] &amp#27;[38;5;48m[ADB]&amp#27;[0m Running 'C:\Users\User\AppData\Local\Android\Sdk\platform-tools\adb.exe -P 5037 -s 52036015fe09146b shell cat /data/local/tmp/mock_apps.json'
[debug] &amp#27;[38;5;80m[Logcat]&amp#27;[0m Starting logs capture with command: C:\\Users\\User\\AppData\\Local\\Android\\Sdk\\platform-tools\\adb.exe -P 5037 -s 52036015fe09146b logcat -v threadtime
[debug] &amp#27;[38;5;32m[AndroidUiautomator2Driver@a7d5 (d2c9b10b)]&amp#27;[0m Forwarding UiAutomator2 Server port 6790 to local port 8200
[debug] &amp#27;[38;5;48m[ADB]&amp#27;[0m Forwarding system: 8200 to device: 6790
[debug] &amp#27;[38;5;48m[ADB]&amp#27;[0m Running 'C:\Users\User\AppData\Local\Android\Sdk\platform-tools\adb.exe -P 5037 -s 52036015fe09146b forward tcp:8200 tcp:6790'
[debug] &amp#27;[38;5;48m[ADB]&amp#27;[0m Getting install status for io.appium.uiautomator2.server
[debug] &amp#27;[38;5;48m[ADB]&amp#27;[0m Running 'C:\Users\User\AppData\Local\Android\Sdk\platform-tools\adb.exe -P 5037 -s 52036015fe09146b shell dumpsys package io.appium.uiautomator2.server'
[debug] &amp#27;[38;5;48m[ADB]&amp#27;[0m 'io.appium.uiautomator2.server' is installed
[debug] &amp#27;[38;5;48m[ADB]&amp#27;[0m Getting package info for 'io.appium.uiautomator2.server'
[debug] &amp#27;[38;5;48m[ADB]&amp#27;[0m Running 'C:\Users\User\AppData\Local\Android\Sdk\platform-tools\adb.exe -P 5037 -s 52036015fe09146b shell dumpsys package io.appium.uiautomator2.server'
[debug] &amp#27;[38;5;48m[ADB]&amp#27;[0m The version name of the installed 'io.appium.uiautomator2.server' is greater or equal to the application version name ('5.7.8' >= '5.7.8')
[debug] &amp#27;[38;5;32m[AndroidUiautomator2Driver@a7d5 (d2c9b10b)]&amp#27;[0m io.appium.uiautomator2.server installation state: sameVersionInstalled
[debug] &amp#27;[38;5;48m[ADB]&amp#27;[0m Checking app cert for C:\Users\User\.appium\node_modules\appium-uiautomator2-driver\node_modules\appium-uiautomator2-server\apks\appium-uiautomator2-server-v5.7.8.apk
&amp#27;[38;5;48m[ADB]&amp#27;[0m Using 'apksigner.jar' from 'C:\Users\User\AppData\Local\Android\Sdk\build-tools\33.0.0\lib\apksigner.jar'
[debug] &amp#27;[38;5;48m[ADB]&amp#27;[0m Starting apksigner: 'C:\\Program Files\\Java\\jdk-11\\bin\\java.exe' -Xmx1024M -Xss1m -jar C:\\Users\\User\\AppData\\Local\\Android\\Sdk\\build-tools\\33.0.0\\lib\\apksigner.jar verify --print-certs C:\\Users\\User\\.appium\\node_modules\\appium-uiautomator2-driver\\node_modules\\appium-uiautomator2-server\\apks\\appium-uiautomator2-server-v5.7.8.apk
[debug] &amp#27;[38;5;48m[ADB]&amp#27;[0m apksigner stdout: Signer #1 certificate DN: EMAILADDRESS=android@android.com, CN=Android, OU=Android, O=Android, L=Mountain View, ST=California, C=US
[debug] &amp#27;[38;5;48m[ADB]&amp#27;[0m Signer #1 certificate SHA-256 digest: a40da80a59d170caa950cf15c18c454d47a39b26989d8b640ecd745ba71bf5dc
[debug] &amp#27;[38;5;48m[ADB]&amp#27;[0m Signer #1 certificate SHA-1 digest: 61ed377e85d386a8dfee6b864bd85b0bfaa5af81
[debug] &amp#27;[38;5;48m[ADB]&amp#27;[0m Signer #1 certificate MD5 digest: e89b158e4bcf988ebd09eb83f5378e87
[debug] &amp#27;[38;5;48m[ADB]&amp#27;[0m 
[debug] &amp#27;[38;5;48m[ADB]&amp#27;[0m sha256 hash did match for 'appium-uiautomator2-server-v5.7.8.apk'
&amp#27;[38;5;48m[ADB]&amp#27;[0m 'C:\Users\User\.appium\node_modules\appium-uiautomator2-driver\node_modules\appium-uiautomator2-server\apks\appium-uiautomator2-server-v5.7.8.apk' is signed with the default certificate
[debug] &amp#27;[38;5;48m[ADB]&amp#27;[0m Getting install status for io.appium.uiautomator2.server.test
[debug] &amp#27;[38;5;48m[ADB]&amp#27;[0m Running 'C:\Users\User\AppData\Local\Android\Sdk\platform-tools\adb.exe -P 5037 -s 52036015fe09146b shell dumpsys package io.appium.uiautomator2.server.test'
[debug] &amp#27;[38;5;48m[ADB]&amp#27;[0m 'io.appium.uiautomator2.server.test' is installed
[debug] &amp#27;[38;5;48m[ADB]&amp#27;[0m Checking app cert for C:\Users\User\.appium\node_modules\appium-uiautomator2-driver\node_modules\appium-uiautomator2-server\apks\appium-uiautomator2-server-debug-androidTest.apk
[debug] &amp#27;[38;5;48m[ADB]&amp#27;[0m Starting apksigner: 'C:\\Program Files\\Java\\jdk-11\\bin\\java.exe' -Xmx1024M -Xss1m -jar C:\\Users\\User\\AppData\\Local\\Android\\Sdk\\build-tools\\33.0.0\\lib\\apksigner.jar verify --print-certs C:\\Users\\User\\.appium\\node_modules\\appium-uiautomator2-driver\\node_modules\\appium-uiautomator2-server\\apks\\appium-uiautomator2-server-debug-androidTest.apk
[debug] &amp#27;[38;5;48m[ADB]&amp#27;[0m apksigner stdout: Signer #1 certificate DN: EMAILADDRESS=android@android.com, CN=Android, OU=Android, O=Android, L=Mountain View, ST=California, C=US
[debug] &amp#27;[38;5;48m[ADB]&amp#27;[0m Signer #1 certificate SHA-256 digest: a40da80a59d170caa950cf15c18c454d47a39b26989d8b640ecd745ba71bf5dc
[debug] &amp#27;[38;5;48m[ADB]&amp#27;[0m Signer #1 certificate SHA-1 digest: 61ed377e85d386a8dfee6b864bd85b0bfaa5af81
[debug] &amp#27;[38;5;48m[ADB]&amp#27;[0m Signer #1 certificate MD5 digest: e89b158e4bcf988ebd09eb83f5378e87
[debug] &amp#27;[38;5;48m[ADB]&amp#27;[0m 
[debug] &amp#27;[38;5;48m[ADB]&amp#27;[0m sha256 hash did match for 'appium-uiautomator2-server-debug-androidTest.apk'
&amp#27;[38;5;48m[ADB]&amp#27;[0m 'C:\Users\User\.appium\node_modules\appium-uiautomator2-driver\node_modules\appium-uiautomator2-server\apks\appium-uiautomator2-server-debug-androidTest.apk' is signed with the default certificate
&amp#27;[38;5;32m[AndroidUiautomator2Driver@a7d5 (d2c9b10b)]&amp#27;[0m Server packages are not going to be (re)installed
[debug] &amp#27;[38;5;32m[AndroidUiautomator2Driver@a7d5 (d2c9b10b)]&amp#27;[0m Waiting up to 30000ms for services to be available
[debug] &amp#27;[38;5;48m[ADB]&amp#27;[0m Running 'C:\Users\User\AppData\Local\Android\Sdk\platform-tools\adb.exe -P 5037 -s 52036015fe09146b shell pm list instrumentation'
[debug] &amp#27;[38;5;32m[AndroidUiautomator2Driver@a7d5 (d2c9b10b)]&amp#27;[0m Instrumentation target 'io.appium.uiautomator2.server.test/androidx.test.runner.AndroidJUnitRunner' is available
&amp#27;[38;5;48m[ADB]&amp#27;[0m Adding packages ["io.appium.settings","io.appium.uiautomator2.server","io.appium.uiautomator2.server.test"] to Doze whitelist
[debug] &amp#27;[38;5;48m[ADB]&amp#27;[0m Got the following command chunks to execute: [["dumpsys","deviceidle","whitelist","+io.appium.settings",";","dumpsys","deviceidle","whitelist","+io.appium.uiautomator2.server",";","dumpsys","deviceidle","whitelist","+io.appium.uiautomator2.server.test",";"]]
[debug] &amp#27;[38;5;48m[ADB]&amp#27;[0m Running 'C:\Users\User\AppData\Local\Android\Sdk\platform-tools\adb.exe -P 5037 -s 52036015fe09146b shell dumpsys deviceidle whitelist +io.appium.settings ; dumpsys deviceidle whitelist +io.appium.uiautomator2.server ; dumpsys deviceidle whitelist +io.appium.uiautomator2.server.test ;'
[debug] &amp#27;[38;5;32m[AndroidUiautomator2Driver@a7d5 (d2c9b10b)]&amp#27;[0m No app capability. Assuming it is already on the device
[debug] &amp#27;[38;5;32m[AndroidUiautomator2Driver@a7d5 (d2c9b10b)]&amp#27;[0m Performing shallow cleanup of automation leftovers
[debug] &amp#27;[38;5;32m[AndroidUiautomator2Driver@a7d5 (d2c9b10b)]&amp#27;[0m No obsolete sessions have been detected (socket hang up)
[debug] &amp#27;[38;5;48m[ADB]&amp#27;[0m Running 'C:\Users\User\AppData\Local\Android\Sdk\platform-tools\adb.exe -P 5037 -s 52036015fe09146b shell am force-stop io.appium.uiautomator2.server.test'
&amp#27;[38;5;32m[AndroidUiautomator2Driver@a7d5 (d2c9b10b)]&amp#27;[0m Starting UIAutomator2 server 5.7.8
&amp#27;[38;5;32m[AndroidUiautomator2Driver@a7d5 (d2c9b10b)]&amp#27;[0m Using UIAutomator2 server from 'C:\Users\User\.appium\node_modules\appium-uiautomator2-driver\node_modules\appium-uiautomator2-server\apks\appium-uiautomator2-server-v5.7.8.apk' and test from 'C:\Users\User\.appium\node_modules\appium-uiautomator2-driver\node_modules\appium-uiautomator2-server\apks\appium-uiautomator2-server-debug-androidTest.apk'
&amp#27;[38;5;32m[AndroidUiautomator2Driver@a7d5 (d2c9b10b)]&amp#27;[0m Waiting up to 30000ms for UiAutomator2 to be online...
[debug] &amp#27;[38;5;48m[ADB]&amp#27;[0m Creating ADB subprocess with args: ["-P",5037,"-s","52036015fe09146b","shell","am","instrument","-w","-e","disableAnalytics",true,"io.appium.uiautomator2.server.test/androidx.test.runner.AndroidJUnitRunner"]
[debug] &amp#27;[38;5;32m[AndroidUiautomator2Driver@a7d5 (d2c9b10b)]&amp#27;[0m Matched '/status' to command name 'getStatus'
[debug] &amp#27;[38;5;32m[AndroidUiautomator2Driver@a7d5 (d2c9b10b)]&amp#27;[0m Proxying [GET /status] to [GET http://127.0.0.1:8200/status] with no body
&amp#27;[38;5;32m[AndroidUiautomator2Driver@a7d5 (d2c9b10b)]&amp#27;[0m socket hang up
[debug] &amp#27;[38;5;32m[AndroidUiautomator2Driver@a7d5 (d2c9b10b)]&amp#27;[0m Matched '/status' to command name 'getStatus'
[debug] &amp#27;[38;5;32m[AndroidUiautomator2Driver@a7d5 (d2c9b10b)]&amp#27;[0m Proxying [GET /status] to [GET http://127.0.0.1:8200/status] with no body
&amp#27;[38;5;32m[AndroidUiautomator2Driver@a7d5 (d2c9b10b)]&amp#27;[0m socket hang up
[debug] &amp#27;[38;5;32m[AndroidUiautomator2Driver@a7d5 (d2c9b10b)]&amp#27;[0m Matched '/status' to command name 'getStatus'
[debug] &amp#27;[38;5;32m[AndroidUiautomator2Driver@a7d5 (d2c9b10b)]&amp#27;[0m Proxying [GET /status] to [GET http://127.0.0.1:8200/status] with no body
&amp#27;[38;5;32m[AndroidUiautomator2Driver@a7d5 (d2c9b10b)]&amp#27;[0m socket hang up
[debug] &amp#27;[38;5;96m[Instrumentation]&amp#27;[0m io.appium.uiautomator2.server.test.AppiumUiAutomator2Server:
[debug] &amp#27;[38;5;32m[AndroidUiautomator2Driver@a7d5 (d2c9b10b)]&amp#27;[0m Matched '/status' to command name 'getStatus'
[debug] &amp#27;[38;5;32m[AndroidUiautomator2Driver@a7d5 (d2c9b10b)]&amp#27;[0m Proxying [GET /status] to [GET http://127.0.0.1:8200/status] with no body
&amp#27;[38;5;32m[AndroidUiautomator2Driver@a7d5 (d2c9b10b)]&amp#27;[0m socket hang up
[debug] &amp#27;[38;5;32m[AndroidUiautomator2Driver@a7d5 (d2c9b10b)]&amp#27;[0m Matched '/status' to command name 'getStatus'
[debug] &amp#27;[38;5;32m[AndroidUiautomator2Driver@a7d5 (d2c9b10b)]&amp#27;[0m Proxying [GET /status] to [GET http://127.0.0.1:8200/status] with no body
&amp#27;[38;5;32m[AndroidUiautomator2Driver@a7d5 (d2c9b10b)]&amp#27;[0m socket hang up
[debug] &amp#27;[38;5;32m[AndroidUiautomator2Driver@a7d5 (d2c9b10b)]&amp#27;[0m Matched '/status' to command name 'getStatus'
[debug] &amp#27;[38;5;32m[AndroidUiautomator2Driver@a7d5 (d2c9b10b)]&amp#27;[0m Proxying [GET /status] to [GET http://127.0.0.1:8200/status] with no body
[debug] &amp#27;[38;5;32m[AndroidUiautomator2Driver@a7d5 (d2c9b10b)]&amp#27;[0m Got response with status 200: {"sessionId":"None","value":{"message":"UiAutomator2 Server is ready to accept commands","ready":true}}
[debug] &amp#27;[38;5;32m[AndroidUiautomator2Driver@a7d5 (d2c9b10b)]&amp#27;[0m The initialization of the instrumentation process took 5392ms
[debug] &amp#27;[38;5;32m[AndroidUiautomator2Driver@a7d5 (d2c9b10b)]&amp#27;[0m Matched '/session' to command name 'createSession'
[debug] &amp#27;[38;5;32m[AndroidUiautomator2Driver@a7d5 (d2c9b10b)]&amp#27;[0m Proxying [POST /session] to [POST http://127.0.0.1:8200/session] with body: {"capabilities":{"firstMatch":[{"platform":"LINUX","webStorageEnabled":false,"takesScreenshot":true,"javascriptEnabled":true,"databaseEnabled":false,"networkConnectionEnabled":true,"locationContextEnabled":false,"warnings":{},"desired":{"platformName":"android","automationName":"UIAutomator2","deviceName":"52036015fe09146b"},"platformName":"android","automationName":"UIAutomator2","deviceName":"52036015fe09146b","deviceUDID":"52036015fe09146b"}],"alwaysMatch":{}}}
[debug] &amp#27;[38;5;32m[AndroidUiautomator2Driver@a7d5 (d2c9b10b)]&amp#27;[0m Got response with status 200: {"sessionId":"e61cf805-309a-4eec-b589-0eea9f694bc2","value":{"capabilities":{"firstMatch":[{"platform":"LINUX","webStorageEnabled":false,"takesScreenshot":true,"javascriptEnabled":true,"databaseEnabled":false,"networkConnectionEnabled":true,"locationContextEnabled":false,"warnings":{},"desired":{"platformName":"android","automationName":"UIAutomator2","deviceName":"52036015fe09146b"},"platformName":"android","automationName":"UIAutomator2","deviceName":"52036015fe09146b","deviceUDID":"52036015fe09146b"}],"alwaysMatch":{}},"sessionId":"e61cf805-309a-4eec-b589-0eea9f694bc2"}}
&amp#27;[38;5;32m[AndroidUiautomator2Driver@a7d5 (d2c9b10b)]&amp#27;[0m Determined the downstream protocol as 'W3C'
[debug] &amp#27;[38;5;32m[AndroidUiautomator2Driver@a7d5 (d2c9b10b)]&amp#27;[0m Proxying [GET /appium/device/info] to [GET http://127.0.0.1:8200/session/e61cf805-309a-4eec-b589-0eea9f694bc2/appium/device/info] with no body
[debug] &amp#27;[38;5;32m[AndroidUiautomator2Driver@a7d5 (d2c9b10b)]&amp#27;[0m Got response with status 200: {"sessionId":"e61cf805-309a-4eec-b589-0eea9f694bc2","value":{"androidId":"48cf89106525a20d","apiVersion":"27","bluetooth":{"state":"OFF"},"brand":"samsung","carrierName":"","displayDensity":480,"locale":"en_GB","manufacturer":"samsung","model":"SM-G610F","networks":[{"capabilities":{"SSID":null,"linkDownBandwidthKbps":1048576,"linkUpstreamBandwidthKbps":1048576,"networkCapabilities":"NET_CAPABILITY_WIFI_P2P,NET_CAPABILITY_NOT_RESTRICTED,NET_CAPABILITY_TRUSTED,NET_CAPABILITY_NOT_VPN","signalStrength":-2147483648,"transportTypes":"TRANSPORT_WIFI"},"detailedState":"IDLE","extraInfo":null,"isAvailable":true,"isConnected":false,"isFailover":false,"isRoaming":false,"state":"UNKNOWN","subtype":0,"subtypeName":"","type":13,"typeName":"WIFI_P2P"},{"capabilities":{"SSID":null,"linkDownBandwidthKbps":1048576,"linkUpstreamBandwidthKbps":1048576,"networkCapabilities":"NET_CAPABILITY_NOT_METERED,NET_CAPABILITY_INTERNET,NET_CAPABILITY_NOT_RESTRICTED,NET_CAPABILITY_TRUSTED,NET_CAPABILITY_NOT_VPN,NET_CAPABILITY_VALIDATED,N...
[debug] &amp#27;[38;5;48m[ADB]&amp#27;[0m Running 'C:\Users\User\AppData\Local\Android\Sdk\platform-tools\adb.exe -P 5037 -s 52036015fe09146b shell dumpsys window'
[debug] &amp#27;[38;5;64m[AndroidDriver]&amp#27;[0m Screen is locked, trying to unlock
&amp#27;[38;5;64m[AndroidDriver]&amp#27;[0m Neither 'unlockType' nor 'unlockKey' capability is provided. Assuming the device is locked with a simple lock screen.
&amp#27;[38;5;48m[ADB]&amp#27;[0m Waking up the device to dismiss the keyguard
[debug] &amp#27;[38;5;48m[ADB]&amp#27;[0m Running 'C:\Users\User\AppData\Local\Android\Sdk\platform-tools\adb.exe -P 5037 -s 52036015fe09146b shell input keyevent 26'
[debug] &amp#27;[38;5;48m[ADB]&amp#27;[0m Running 'C:\Users\User\AppData\Local\Android\Sdk\platform-tools\adb.exe -P 5037 -s 52036015fe09146b shell input keyevent 224'
[debug] &amp#27;[38;5;48m[ADB]&amp#27;[0m Running 'C:\Users\User\AppData\Local\Android\Sdk\platform-tools\adb.exe -P 5037 -s 52036015fe09146b shell wm dismiss-keyguard'
[debug] &amp#27;[38;5;32m[AndroidUiautomator2Driver@a7d5 (d2c9b10b)]&amp#27;[0m Proxying [GET /appium/device/pixel_ratio] to [GET http://127.0.0.1:8200/session/e61cf805-309a-4eec-b589-0eea9f694bc2/appium/device/pixel_ratio] with no body
[debug] &amp#27;[38;5;32m[AndroidUiautomator2Driver@a7d5 (d2c9b10b)]&amp#27;[0m Got response with status 200: {"sessionId":"e61cf805-309a-4eec-b589-0eea9f694bc2","value":3}
[debug] &amp#27;[38;5;32m[AndroidUiautomator2Driver@a7d5 (d2c9b10b)]&amp#27;[0m Matched '/appium/device/system_bars' to command name 'getSystemBars'
[debug] &amp#27;[38;5;32m[AndroidUiautomator2Driver@a7d5 (d2c9b10b)]&amp#27;[0m Proxying [GET /appium/device/system_bars] to [GET http://127.0.0.1:8200/session/e61cf805-309a-4eec-b589-0eea9f694bc2/appium/device/system_bars] with no body
[debug] &amp#27;[38;5;32m[AndroidUiautomator2Driver@a7d5 (d2c9b10b)]&amp#27;[0m Got response with status 200: {"sessionId":"e61cf805-309a-4eec-b589-0eea9f694bc2","value":{"statusBar":72}}
[debug] &amp#27;[38;5;32m[AndroidUiautomator2Driver@a7d5 (d2c9b10b)]&amp#27;[0m Matched '/window/current/size' to command name 'getWindowSize'
[debug] &amp#27;[38;5;32m[AndroidUiautomator2Driver@a7d5 (d2c9b10b)]&amp#27;[0m Proxying [GET /window/current/size] to [GET http://127.0.0.1:8200/session/e61cf805-309a-4eec-b589-0eea9f694bc2/window/current/size] with no body
[debug] &amp#27;[38;5;32m[AndroidUiautomator2Driver@a7d5 (d2c9b10b)]&amp#27;[0m Got response with status 200: {"sessionId":"e61cf805-309a-4eec-b589-0eea9f694bc2","value":{"height":1920,"width":1080}}
&amp#27;[38;5;16m[AppiumDriver@3896]&amp#27;[0m New AndroidUiautomator2Driver session created successfully, session d2c9b10b-c037-4b64-8bdf-6ffcf3513fc6 added to master session list
[debug] &amp#27;[38;5;16m[AppiumDriver@3896]&amp#27;[0m Event 'newSessionStarted' logged at 1678725578275 (22:09:38 GMT+0530 (India Standard Time))
[debug] &amp#27;[38;5;32m[AndroidUiautomator2Driver@a7d5 (d2c9b10b)]&amp#27;[0m Cached the protocol value 'W3C' for the new session d2c9b10b-c037-4b64-8bdf-6ffcf3513fc6
[debug] &amp#27;[38;5;32m[AndroidUiautomator2Driver@a7d5 (d2c9b10b)]&amp#27;[0m Responding to client with driver.createSession() result: {"capabilities":{"platform":"LINUX","webStorageEnabled":false,"takesScreenshot":true,"javascriptEnabled":true,"databaseEnabled":false,"networkConnectionEnabled":true,"locationContextEnabled":false,"warnings":{},"desired":{"platformName":"android","automationName":"UIAutomator2","deviceName":"52036015fe09146b"},"platformName":"android","automationName":"UIAutomator2","deviceName":"52036015fe09146b","deviceUDID":"52036015fe09146b","deviceApiLevel":27,"platformVersion":"8.1.0","deviceScreenSize":"1080x1920","deviceScreenDensity":480,"deviceModel":"SM-G610F","deviceManufacturer":"samsung","pixelRatio":3,"statBarHeight":72,"viewportRect":{"left":0,"top":72,"width":1080,"height":1848}}}
&amp#27;[38;5;0m[HTTP]&amp#27;[0m &amp#27;[37m<-- POST /session &amp#27;[39m&amp#27;[32m200&amp#27;[39m &amp#27;[90m16134 ms - 750&amp#27;[39m
&amp#27;[38;5;0m[HTTP]&amp#27;[0m &amp#27;[90m&amp#27;[39m
&amp#27;[38;5;0m[HTTP]&amp#27;[0m &amp#27;[37m-->&amp#27;[39m &amp#27;[37mPOST&amp#27;[39m &amp#27;[37m/session/d2c9b10b-c037-4b64-8bdf-6ffcf3513fc6/timeouts&amp#27;[39m
&amp#27;[38;5;0m[HTTP]&amp#27;[0m &amp#27;[90m{"implicit":20000}&amp#27;[39m
[debug] &amp#27;[38;5;32m[AndroidUiautomator2Driver@a7d5 (d2c9b10b)]&amp#27;[0m Calling AppiumDriver.timeouts() with args: [null,null,null,null,20000,"d2c9b10b-c037-4b64-8bdf-6ffcf3513fc6"]
[debug] &amp#27;[38;5;32m[AndroidUiautomator2Driver@a7d5 (d2c9b10b)]&amp#27;[0m W3C timeout argument: {"implicit":20000}}
[debug] &amp#27;[38;5;32m[AndroidUiautomator2Driver@a7d5 (d2c9b10b)]&amp#27;[0m Set implicit wait to 20000ms
[debug] &amp#27;[38;5;32m[AndroidUiautomator2Driver@a7d5 (d2c9b10b)]&amp#27;[0m Responding to client with driver.timeouts() result: null
&amp#27;[38;5;0m[HTTP]&amp#27;[0m &amp#27;[37m<-- POST /session/d2c9b10b-c037-4b64-8bdf-6ffcf3513fc6/timeouts &amp#27;[39m&amp#27;[32m200&amp#27;[39m &amp#27;[90m7 ms - 14&amp#27;[39m
&amp#27;[38;5;0m[HTTP]&amp#27;[0m &amp#27;[90m&amp#27;[39m
&amp#27;[38;5;0m[HTTP]&amp#27;[0m &amp#27;[37m-->&amp#27;[39m &amp#27;[37mGET&amp#27;[39m &amp#27;[37m/session/d2c9b10b-c037-4b64-8bdf-6ffcf3513fc6/context&amp#27;[39m
&amp#27;[38;5;0m[HTTP]&amp#27;[0m &amp#27;[90m{}&amp#27;[39m
[debug] &amp#27;[38;5;32m[AndroidUiautomator2Driver@a7d5 (d2c9b10b)]&amp#27;[0m Calling AppiumDriver.getCurrentContext() with args: ["d2c9b10b-c037-4b64-8bdf-6ffcf3513fc6"]
[debug] &amp#27;[38;5;32m[AndroidUiautomator2Driver@a7d5 (d2c9b10b)]&amp#27;[0m Responding to client with driver.getCurrentContext() result: "NATIVE_APP"
&amp#27;[38;5;0m[HTTP]&amp#27;[0m &amp#27;[37m<-- GET /session/d2c9b10b-c037-4b64-8bdf-6ffcf3513fc6/context &amp#27;[39m&amp#27;[32m200&amp#27;[39m &amp#27;[90m12 ms - 22&amp#27;[39m
&amp#27;[38;5;0m[HTTP]&amp#27;[0m &amp#27;[90m&amp#27;[39m
&amp#27;[38;5;0m[HTTP]&amp#27;[0m &amp#27;[37m-->&amp#27;[39m &amp#27;[37mPOST&amp#27;[39m &amp#27;[37m/session/d2c9b10b-c037-4b64-8bdf-6ffcf3513fc6/element&amp#27;[39m
&amp#27;[38;5;0m[HTTP]&amp#27;[0m &amp#27;[90m{"using":"id","value":"android:id/text1"}&amp#27;[39m
[debug] &amp#27;[38;5;32m[AndroidUiautomator2Driver@a7d5 (d2c9b10b)]&amp#27;[0m Calling AppiumDriver.findElement() with args: ["id","android:id/text1","d2c9b10b-c037-4b64-8bdf-6ffcf3513fc6"]
[debug] &amp#27;[38;5;32m[AndroidUiautomator2Driver@a7d5 (d2c9b10b)]&amp#27;[0m Valid locator strategies for this request: xpath, id, class name, accessibility id, css selector, -android uiautomator
[debug] &amp#27;[38;5;32m[AndroidUiautomator2Driver@a7d5 (d2c9b10b)]&amp#27;[0m Waiting up to 20000 ms for condition
[debug] &amp#27;[38;5;32m[AndroidUiautomator2Driver@a7d5 (d2c9b10b)]&amp#27;[0m Matched '/element' to command name 'findElement'
[debug] &amp#27;[38;5;32m[AndroidUiautomator2Driver@a7d5 (d2c9b10b)]&amp#27;[0m Proxying [POST /element] to [POST http://127.0.0.1:8200/session/e61cf805-309a-4eec-b589-0eea9f694bc2/element] with body: {"strategy":"id","selector":"android:id/text1","context":"","multiple":false}
&amp#27;[38;5;32m[AndroidUiautomator2Driver@a7d5 (d2c9b10b)]&amp#27;[0m Got response with status 404: {"sessionId":"e61cf805-309a-4eec-b589-0eea9f694bc2","value":{"error":"no such element","message":"An element could not be located on the page using the given search parameters","stacktrace":"io.appium.uiautomator2.common.exceptions.ElementNotFoundException: An element could not be located on the page using the given search parameters\n\tat io.appium.uiautomator2.handler.FindElement.safeHandle(FindElement.java:70)\n\tat io.appium.uiautomator2.handler.request.SafeRequestHandler.handle(SafeRequestHandler.java:59)\n\tat io.appium.uiautomator2.server.AppiumServlet.handleRequest(AppiumServlet.java:267)\n\tat io.appium.uiautomator2.server.AppiumServlet.handleHttpRequest(AppiumServlet.java:261)\n\tat io.appium.uiautomator2.http.ServerHandler.channelRead(ServerHandler.java:68)\n\tat io.netty.channel.AbstractChannelHandlerContext.invokeChannelRead(AbstractChannelHandlerContext.java:366)\n\tat io.netty.channel.AbstractChannelHandlerContext.invokeChannelRead(AbstractChannelHandlerContext.java:352)\n\tat io.netty.chann...
[debug] &amp#27;[38;5;112m[W3C]&amp#27;[0m Matched W3C error code 'no such element' to NoSuchElementError
[debug] &amp#27;[38;5;32m[AndroidUiautomator2Driver@a7d5 (d2c9b10b)]&amp#27;[0m Waited for 806 ms so far
[debug] &amp#27;[38;5;32m[AndroidUiautomator2Driver@a7d5 (d2c9b10b)]&amp#27;[0m Matched '/element' to command name 'findElement'
[debug] &amp#27;[38;5;32m[AndroidUiautomator2Driver@a7d5 (d2c9b10b)]&amp#27;[0m Proxying [POST /element] to [POST http://127.0.0.1:8200/session/e61cf805-309a-4eec-b589-0eea9f694bc2/element] with body: {"strategy":"id","selector":"android:id/text1","context":"","multiple":false}
&amp#27;[38;5;32m[AndroidUiautomator2Driver@a7d5 (d2c9b10b)]&amp#27;[0m Got response with status 404: {"sessionId":"e61cf805-309a-4eec-b589-0eea9f694bc2","value":{"error":"no such element","message":"An element could not be located on the page using the given search parameters","stacktrace":"io.appium.uiautomator2.common.exceptions.ElementNotFoundException: An element could not be located on the page using the given search parameters\n\tat io.appium.uiautomator2.handler.FindElement.safeHandle(FindElement.java:70)\n\tat io.appium.uiautomator2.handler.request.SafeRequestHandler.handle(SafeRequestHandler.java:59)\n\tat io.appium.uiautomator2.server.AppiumServlet.handleRequest(AppiumServlet.java:267)\n\tat io.appium.uiautomator2.server.AppiumServlet.handleHttpRequest(AppiumServlet.java:261)\n\tat io.appium.uiautomator2.http.ServerHandler.channelRead(ServerHandler.java:68)\n\tat io.netty.channel.AbstractChannelHandlerContext.invokeChannelRead(AbstractChannelHandlerContext.java:366)\n\tat io.netty.channel.AbstractChannelHandlerContext.invokeChannelRead(AbstractChannelHandlerContext.java:352)\n\tat io.netty.chann...
[debug] &amp#27;[38;5;112m[W3C]&amp#27;[0m Matched W3C error code 'no such element' to NoSuchElementError
[debug] &amp#27;[38;5;32m[AndroidUiautomator2Driver@a7d5 (d2c9b10b)]&amp#27;[0m Waited for 1509 ms so far
[debug] &amp#27;[38;5;32m[AndroidUiautomator2Driver@a7d5 (d2c9b10b)]&amp#27;[0m Matched '/element' to command name 'findElement'
[debug] &amp#27;[38;5;32m[AndroidUiautomator2Driver@a7d5 (d2c9b10b)]&amp#27;[0m Proxying [POST /element] to [POST http://127.0.0.1:8200/session/e61cf805-309a-4eec-b589-0eea9f694bc2/element] with body: {"strategy":"id","selector":"android:id/text1","context":"","multiple":false}
&amp#27;[38;5;32m[AndroidUiautomator2Driver@a7d5 (d2c9b10b)]&amp#27;[0m Got response with status 404: {"sessionId":"e61cf805-309a-4eec-b589-0eea9f694bc2","value":{"error":"no such element","message":"An element could not be located on the page using the given search parameters","stacktrace":"io.appium.uiautomator2.common.exceptions.ElementNotFoundException: An element could not be located on the page using the given search parameters\n\tat io.appium.uiautomator2.handler.FindElement.safeHandle(FindElement.java:70)\n\tat io.appium.uiautomator2.handler.request.SafeRequestHandler.handle(SafeRequestHandler.java:59)\n\tat io.appium.uiautomator2.server.AppiumServlet.handleRequest(AppiumServlet.java:267)\n\tat io.appium.uiautomator2.server.AppiumServlet.handleHttpRequest(AppiumServlet.java:261)\n\tat io.appium.uiautomator2.http.ServerHandler.channelRead(ServerHandler.java:68)\n\tat io.netty.channel.AbstractChannelHandlerContext.invokeChannelRead(AbstractChannelHandlerContext.java:366)\n\tat io.netty.channel.AbstractChannelHandlerContext.invokeChannelRead(AbstractChannelHandlerContext.java:352)\n\tat io.netty.chann...
[debug] &amp#27;[38;5;112m[W3C]&amp#27;[0m Matched W3C error code 'no such element' to NoSuchElementError
[debug] &amp#27;[38;5;32m[AndroidUiautomator2Driver@a7d5 (d2c9b10b)]&amp#27;[0m Waited for 2188 ms so far
[debug] &amp#27;[38;5;32m[AndroidUiautomator2Driver@a7d5 (d2c9b10b)]&amp#27;[0m Matched '/element' to command name 'findElement'
[debug] &amp#27;[38;5;32m[AndroidUiautomator2Driver@a7d5 (d2c9b10b)]&amp#27;[0m Proxying [POST /element] to [POST http://127.0.0.1:8200/session/e61cf805-309a-4eec-b589-0eea9f694bc2/element] with body: {"strategy":"id","selector":"android:id/text1","context":"","multiple":false}
&amp#27;[38;5;32m[AndroidUiautomator2Driver@a7d5 (d2c9b10b)]&amp#27;[0m Got response with status 404: {"sessionId":"e61cf805-309a-4eec-b589-0eea9f694bc2","value":{"error":"no such element","message":"An element could not be located on the page using the given search parameters","stacktrace":"io.appium.uiautomator2.common.exceptions.ElementNotFoundException: An element could not be located on the page using the given search parameters\n\tat io.appium.uiautomator2.handler.FindElement.safeHandle(FindElement.java:70)\n\tat io.appium.uiautomator2.handler.request.SafeRequestHandler.handle(SafeRequestHandler.java:59)\n\tat io.appium.uiautomator2.server.AppiumServlet.handleRequest(AppiumServlet.java:267)\n\tat io.appium.uiautomator2.server.AppiumServlet.handleHttpRequest(AppiumServlet.java:261)\n\tat io.appium.uiautomator2.http.ServerHandler.channelRead(ServerHandler.java:68)\n\tat io.netty.channel.AbstractChannelHandlerContext.invokeChannelRead(AbstractChannelHandlerContext.java:366)\n\tat io.netty.channel.AbstractChannelHandlerContext.invokeChannelRead(AbstractChannelHandlerContext.java:352)\n\tat io.netty.chann...
[debug] &amp#27;[38;5;112m[W3C]&amp#27;[0m Matched W3C error code 'no such element' to NoSuchElementError
[debug] &amp#27;[38;5;32m[AndroidUiautomator2Driver@a7d5 (d2c9b10b)]&amp#27;[0m Waited for 2853 ms so far
[debug] &amp#27;[38;5;32m[AndroidUiautomator2Driver@a7d5 (d2c9b10b)]&amp#27;[0m Matched '/element' to command name 'findElement'
[debug] &amp#27;[38;5;32m[AndroidUiautomator2Driver@a7d5 (d2c9b10b)]&amp#27;[0m Proxying [POST /element] to [POST http://127.0.0.1:8200/session/e61cf805-309a-4eec-b589-0eea9f694bc2/element] with body: {"strategy":"id","selector":"android:id/text1","context":"","multiple":false}
&amp#27;[38;5;32m[AndroidUiautomator2Driver@a7d5 (d2c9b10b)]&amp#27;[0m Got response with status 404: {"sessionId":"e61cf805-309a-4eec-b589-0eea9f694bc2","value":{"error":"no such element","message":"An element could not be located on the page using the given search parameters","stacktrace":"io.appium.uiautomator2.common.exceptions.ElementNotFoundException: An element could not be located on the page using the given search parameters\n\tat io.appium.uiautomator2.handler.FindElement.safeHandle(FindElement.java:70)\n\tat io.appium.uiautomator2.handler.request.SafeRequestHandler.handle(SafeRequestHandler.java:59)\n\tat io.appium.uiautomator2.server.AppiumServlet.handleRequest(AppiumServlet.java:267)\n\tat io.appium.uiautomator2.server.AppiumServlet.handleHttpRequest(AppiumServlet.java:261)\n\tat io.appium.uiautomator2.http.ServerHandler.channelRead(ServerHandler.java:68)\n\tat io.netty.channel.AbstractChannelHandlerContext.invokeChannelRead(AbstractChannelHandlerContext.java:366)\n\tat io.netty.channel.AbstractChannelHandlerContext.invokeChannelRead(AbstractChannelHandlerContext.java:352)\n\tat io.netty.chann...
[debug] &amp#27;[38;5;112m[W3C]&amp#27;[0m Matched W3C error code 'no such element' to NoSuchElementError
[debug] &amp#27;[38;5;32m[AndroidUiautomator2Driver@a7d5 (d2c9b10b)]&amp#27;[0m Waited for 3505 ms so far
[debug] &amp#27;[38;5;32m[AndroidUiautomator2Driver@a7d5 (d2c9b10b)]&amp#27;[0m Matched '/element' to command name 'findElement'
[debug] &amp#27;[38;5;32m[AndroidUiautomator2Driver@a7d5 (d2c9b10b)]&amp#27;[0m Proxying [POST /element] to [POST http://127.0.0.1:8200/session/e61cf805-309a-4eec-b589-0eea9f694bc2/element] with body: {"strategy":"id","selector":"android:id/text1","context":"","multiple":false}
&amp#27;[38;5;32m[AndroidUiautomator2Driver@a7d5 (d2c9b10b)]&amp#27;[0m Got response with status 404: {"sessionId":"e61cf805-309a-4eec-b589-0eea9f694bc2","value":{"error":"no such element","message":"An element could not be located on the page using the given search parameters","stacktrace":"io.appium.uiautomator2.common.exceptions.ElementNotFoundException: An element could not be located on the page using the given search parameters\n\tat io.appium.uiautomator2.handler.FindElement.safeHandle(FindElement.java:70)\n\tat io.appium.uiautomator2.handler.request.SafeRequestHandler.handle(SafeRequestHandler.java:59)\n\tat io.appium.uiautomator2.server.AppiumServlet.handleRequest(AppiumServlet.java:267)\n\tat io.appium.uiautomator2.server.AppiumServlet.handleHttpRequest(AppiumServlet.java:261)\n\tat io.appium.uiautomator2.http.ServerHandler.channelRead(ServerHandler.java:68)\n\tat io.netty.channel.AbstractChannelHandlerContext.invokeChannelRead(AbstractChannelHandlerContext.java:366)\n\tat io.netty.channel.AbstractChannelHandlerContext.invokeChannelRead(AbstractChannelHandlerContext.java:352)\n\tat io.netty.chann...
[debug] &amp#27;[38;5;112m[W3C]&amp#27;[0m Matched W3C error code 'no such element' to NoSuchElementError
[debug] &amp#27;[38;5;32m[AndroidUiautomator2Driver@a7d5 (d2c9b10b)]&amp#27;[0m Waited for 4163 ms so far
[debug] &amp#27;[38;5;32m[AndroidUiautomator2Driver@a7d5 (d2c9b10b)]&amp#27;[0m Matched '/element' to command name 'findElement'
[debug] &amp#27;[38;5;32m[AndroidUiautomator2Driver@a7d5 (d2c9b10b)]&amp#27;[0m Proxying [POST /element] to [POST http://127.0.0.1:8200/session/e61cf805-309a-4eec-b589-0eea9f694bc2/element] with body: {"strategy":"id","selector":"android:id/text1","context":"","multiple":false}
&amp#27;[38;5;32m[AndroidUiautomator2Driver@a7d5 (d2c9b10b)]&amp#27;[0m Got response with status 404: {"sessionId":"e61cf805-309a-4eec-b589-0eea9f694bc2","value":{"error":"no such element","message":"An element could not be located on the page using the given search parameters","stacktrace":"io.appium.uiautomator2.common.exceptions.ElementNotFoundException: An element could not be located on the page using the given search parameters\n\tat io.appium.uiautomator2.handler.FindElement.safeHandle(FindElement.java:70)\n\tat io.appium.uiautomator2.handler.request.SafeRequestHandler.handle(SafeRequestHandler.java:59)\n\tat io.appium.uiautomator2.server.AppiumServlet.handleRequest(AppiumServlet.java:267)\n\tat io.appium.uiautomator2.server.AppiumServlet.handleHttpRequest(AppiumServlet.java:261)\n\tat io.appium.uiautomator2.http.ServerHandler.channelRead(ServerHandler.java:68)\n\tat io.netty.channel.AbstractChannelHandlerContext.invokeChannelRead(AbstractChannelHandlerContext.java:366)\n\tat io.netty.channel.AbstractChannelHandlerContext.invokeChannelRead(AbstractChannelHandlerContext.java:352)\n\tat io.netty.chann...
[debug] &amp#27;[38;5;112m[W3C]&amp#27;[0m Matched W3C error code 'no such element' to NoSuchElementError
[debug] &amp#27;[38;5;32m[AndroidUiautomator2Driver@a7d5 (d2c9b10b)]&amp#27;[0m Waited for 4795 ms so far
[debug] &amp#27;[38;5;32m[AndroidUiautomator2Driver@a7d5 (d2c9b10b)]&amp#27;[0m Matched '/element' to command name 'findElement'
[debug] &amp#27;[38;5;32m[AndroidUiautomator2Driver@a7d5 (d2c9b10b)]&amp#27;[0m Proxying [POST /element] to [POST http://127.0.0.1:8200/session/e61cf805-309a-4eec-b589-0eea9f694bc2/element] with body: {"strategy":"id","selector":"android:id/text1","context":"","multiple":false}
&amp#27;[38;5;32m[AndroidUiautomator2Driver@a7d5 (d2c9b10b)]&amp#27;[0m Got response with status 404: {"sessionId":"e61cf805-309a-4eec-b589-0eea9f694bc2","value":{"error":"no such element","message":"An element could not be located on the page using the given search parameters","stacktrace":"io.appium.uiautomator2.common.exceptions.ElementNotFoundException: An element could not be located on the page using the given search parameters\n\tat io.appium.uiautomator2.handler.FindElement.safeHandle(FindElement.java:70)\n\tat io.appium.uiautomator2.handler.request.SafeRequestHandler.handle(SafeRequestHandler.java:59)\n\tat io.appium.uiautomator2.server.AppiumServlet.handleRequest(AppiumServlet.java:267)\n\tat io.appium.uiautomator2.server.AppiumServlet.handleHttpRequest(AppiumServlet.java:261)\n\tat io.appium.uiautomator2.http.ServerHandler.channelRead(ServerHandler.java:68)\n\tat io.netty.channel.AbstractChannelHandlerContext.invokeChannelRead(AbstractChannelHandlerContext.java:366)\n\tat io.netty.channel.AbstractChannelHandlerContext.invokeChannelRead(AbstractChannelHandlerContext.java:352)\n\tat io.netty.chann...
[debug] &amp#27;[38;5;112m[W3C]&amp#27;[0m Matched W3C error code 'no such element' to NoSuchElementError
[debug] &amp#27;[38;5;32m[AndroidUiautomator2Driver@a7d5 (d2c9b10b)]&amp#27;[0m Waited for 5457 ms so far
[debug] &amp#27;[38;5;32m[AndroidUiautomator2Driver@a7d5 (d2c9b10b)]&amp#27;[0m Matched '/element' to command name 'findElement'
[debug] &amp#27;[38;5;32m[AndroidUiautomator2Driver@a7d5 (d2c9b10b)]&amp#27;[0m Proxying [POST /element] to [POST http://127.0.0.1:8200/session/e61cf805-309a-4eec-b589-0eea9f694bc2/element] with body: {"strategy":"id","selector":"android:id/text1","context":"","multiple":false}
&amp#27;[38;5;32m[AndroidUiautomator2Driver@a7d5 (d2c9b10b)]&amp#27;[0m Got response with status 404: {"sessionId":"e61cf805-309a-4eec-b589-0eea9f694bc2","value":{"error":"no such element","message":"An element could not be located on the page using the given search parameters","stacktrace":"io.appium.uiautomator2.common.exceptions.ElementNotFoundException: An element could not be located on the page using the given search parameters\n\tat io.appium.uiautomator2.handler.FindElement.safeHandle(FindElement.java:70)\n\tat io.appium.uiautomator2.handler.request.SafeRequestHandler.handle(SafeRequestHandler.java:59)\n\tat io.appium.uiautomator2.server.AppiumServlet.handleRequest(AppiumServlet.java:267)\n\tat io.appium.uiautomator2.server.AppiumServlet.handleHttpRequest(AppiumServlet.java:261)\n\tat io.appium.uiautomator2.http.ServerHandler.channelRead(ServerHandler.java:68)\n\tat io.netty.channel.AbstractChannelHandlerContext.invokeChannelRead(AbstractChannelHandlerContext.java:366)\n\tat io.netty.channel.AbstractChannelHandlerContext.invokeChannelRead(AbstractChannelHandlerContext.java:352)\n\tat io.netty.chann...
[debug] &amp#27;[38;5;112m[W3C]&amp#27;[0m Matched W3C error code 'no such element' to NoSuchElementError
[debug] &amp#27;[38;5;32m[AndroidUiautomator2Driver@a7d5 (d2c9b10b)]&amp#27;[0m Waited for 6103 ms so far
[debug] &amp#27;[38;5;32m[AndroidUiautomator2Driver@a7d5 (d2c9b10b)]&amp#27;[0m Matched '/element' to command name 'findElement'
[debug] &amp#27;[38;5;32m[AndroidUiautomator2Driver@a7d5 (d2c9b10b)]&amp#27;[0m Proxying [POST /element] to [POST http://127.0.0.1:8200/session/e61cf805-309a-4eec-b589-0eea9f694bc2/element] with body: {"strategy":"id","selector":"android:id/text1","context":"","multiple":false}
&amp#27;[38;5;32m[AndroidUiautomator2Driver@a7d5 (d2c9b10b)]&amp#27;[0m Got response with status 404: {"sessionId":"e61cf805-309a-4eec-b589-0eea9f694bc2","value":{"error":"no such element","message":"An element could not be located on the page using the given search parameters","stacktrace":"io.appium.uiautomator2.common.exceptions.ElementNotFoundException: An element could not be located on the page using the given search parameters\n\tat io.appium.uiautomator2.handler.FindElement.safeHandle(FindElement.java:70)\n\tat io.appium.uiautomator2.handler.request.SafeRequestHandler.handle(SafeRequestHandler.java:59)\n\tat io.appium.uiautomator2.server.AppiumServlet.handleRequest(AppiumServlet.java:267)\n\tat io.appium.uiautomator2.server.AppiumServlet.handleHttpRequest(AppiumServlet.java:261)\n\tat io.appium.uiautomator2.http.ServerHandler.channelRead(ServerHandler.java:68)\n\tat io.netty.channel.AbstractChannelHandlerContext.invokeChannelRead(AbstractChannelHandlerContext.java:366)\n\tat io.netty.channel.AbstractChannelHandlerContext.invokeChannelRead(AbstractChannelHandlerContext.java:352)\n\tat io.netty.chann...
[debug] &amp#27;[38;5;112m[W3C]&amp#27;[0m Matched W3C error code 'no such element' to NoSuchElementError
[debug] &amp#27;[38;5;32m[AndroidUiautomator2Driver@a7d5 (d2c9b10b)]&amp#27;[0m Waited for 6712 ms so far
[debug] &amp#27;[38;5;32m[AndroidUiautomator2Driver@a7d5 (d2c9b10b)]&amp#27;[0m Matched '/element' to command name 'findElement'
[debug] &amp#27;[38;5;32m[AndroidUiautomator2Driver@a7d5 (d2c9b10b)]&amp#27;[0m Proxying [POST /element] to [POST http://127.0.0.1:8200/session/e61cf805-309a-4eec-b589-0eea9f694bc2/element] with body: {"strategy":"id","selector":"android:id/text1","context":"","multiple":false}
&amp#27;[38;5;32m[AndroidUiautomator2Driver@a7d5 (d2c9b10b)]&amp#27;[0m Got response with status 404: {"sessionId":"e61cf805-309a-4eec-b589-0eea9f694bc2","value":{"error":"no such element","message":"An element could not be located on the page using the given search parameters","stacktrace":"io.appium.uiautomator2.common.exceptions.ElementNotFoundException: An element could not be located on the page using the given search parameters\n\tat io.appium.uiautomator2.handler.FindElement.safeHandle(FindElement.java:70)\n\tat io.appium.uiautomator2.handler.request.SafeRequestHandler.handle(SafeRequestHandler.java:59)\n\tat io.appium.uiautomator2.server.AppiumServlet.handleRequest(AppiumServlet.java:267)\n\tat io.appium.uiautomator2.server.AppiumServlet.handleHttpRequest(AppiumServlet.java:261)\n\tat io.appium.uiautomator2.http.ServerHandler.channelRead(ServerHandler.java:68)\n\tat io.netty.channel.AbstractChannelHandlerContext.invokeChannelRead(AbstractChannelHandlerContext.java:366)\n\tat io.netty.channel.AbstractChannelHandlerContext.invokeChannelRead(AbstractChannelHandlerContext.java:352)\n\tat io.netty.chann...
[debug] &amp#27;[38;5;112m[W3C]&amp#27;[0m Matched W3C error code 'no such element' to NoSuchElementError
[debug] &amp#27;[38;5;32m[AndroidUiautomator2Driver@a7d5 (d2c9b10b)]&amp#27;[0m Waited for 7372 ms so far
[debug] &amp#27;[38;5;32m[AndroidUiautomator2Driver@a7d5 (d2c9b10b)]&amp#27;[0m Matched '/element' to command name 'findElement'
[debug] &amp#27;[38;5;32m[AndroidUiautomator2Driver@a7d5 (d2c9b10b)]&amp#27;[0m Proxying [POST /element] to [POST http://127.0.0.1:8200/session/e61cf805-309a-4eec-b589-0eea9f694bc2/element] with body: {"strategy":"id","selector":"android:id/text1","context":"","multiple":false}
&amp#27;[38;5;32m[AndroidUiautomator2Driver@a7d5 (d2c9b10b)]&amp#27;[0m Got response with status 404: {"sessionId":"e61cf805-309a-4eec-b589-0eea9f694bc2","value":{"error":"no such element","message":"An element could not be located on the page using the given search parameters","stacktrace":"io.appium.uiautomator2.common.exceptions.ElementNotFoundException: An element could not be located on the page using the given search parameters\n\tat io.appium.uiautomator2.handler.FindElement.safeHandle(FindElement.java:70)\n\tat io.appium.uiautomator2.handler.request.SafeRequestHandler.handle(SafeRequestHandler.java:59)\n\tat io.appium.uiautomator2.server.AppiumServlet.handleRequest(AppiumServlet.java:267)\n\tat io.appium.uiautomator2.server.AppiumServlet.handleHttpRequest(AppiumServlet.java:261)\n\tat io.appium.uiautomator2.http.ServerHandler.channelRead(ServerHandler.java:68)\n\tat io.netty.channel.AbstractChannelHandlerContext.invokeChannelRead(AbstractChannelHandlerContext.java:366)\n\tat io.netty.channel.AbstractChannelHandlerContext.invokeChannelRead(AbstractChannelHandlerContext.java:352)\n\tat io.netty.chann...
[debug] &amp#27;[38;5;112m[W3C]&amp#27;[0m Matched W3C error code 'no such element' to NoSuchElementError
[debug] &amp#27;[38;5;32m[AndroidUiautomator2Driver@a7d5 (d2c9b10b)]&amp#27;[0m Waited for 8005 ms so far
[debug] &amp#27;[38;5;32m[AndroidUiautomator2Driver@a7d5 (d2c9b10b)]&amp#27;[0m Matched '/element' to command name 'findElement'
[debug] &amp#27;[38;5;32m[AndroidUiautomator2Driver@a7d5 (d2c9b10b)]&amp#27;[0m Proxying [POST /element] to [POST http://127.0.0.1:8200/session/e61cf805-309a-4eec-b589-0eea9f694bc2/element] with body: {"strategy":"id","selector":"android:id/text1","context":"","multiple":false}
&amp#27;[38;5;32m[AndroidUiautomator2Driver@a7d5 (d2c9b10b)]&amp#27;[0m Got response with status 404: {"sessionId":"e61cf805-309a-4eec-b589-0eea9f694bc2","value":{"error":"no such element","message":"An element could not be located on the page using the given search parameters","stacktrace":"io.appium.uiautomator2.common.exceptions.ElementNotFoundException: An element could not be located on the page using the given search parameters\n\tat io.appium.uiautomator2.handler.FindElement.safeHandle(FindElement.java:70)\n\tat io.appium.uiautomator2.handler.request.SafeRequestHandler.handle(SafeRequestHandler.java:59)\n\tat io.appium.uiautomator2.server.AppiumServlet.handleRequest(AppiumServlet.java:267)\n\tat io.appium.uiautomator2.server.AppiumServlet.handleHttpRequest(AppiumServlet.java:261)\n\tat io.appium.uiautomator2.http.ServerHandler.channelRead(ServerHandler.java:68)\n\tat io.netty.channel.AbstractChannelHandlerContext.invokeChannelRead(AbstractChannelHandlerContext.java:366)\n\tat io.netty.channel.AbstractChannelHandlerContext.invokeChannelRead(AbstractChannelHandlerContext.java:352)\n\tat io.netty.chann...
[debug] &amp#27;[38;5;112m[W3C]&amp#27;[0m Matched W3C error code 'no such element' to NoSuchElementError
[debug] &amp#27;[38;5;32m[AndroidUiautomator2Driver@a7d5 (d2c9b10b)]&amp#27;[0m Waited for 8623 ms so far
[debug] &amp#27;[38;5;32m[AndroidUiautomator2Driver@a7d5 (d2c9b10b)]&amp#27;[0m Matched '/element' to command name 'findElement'
[debug] &amp#27;[38;5;32m[AndroidUiautomator2Driver@a7d5 (d2c9b10b)]&amp#27;[0m Proxying [POST /element] to [POST http://127.0.0.1:8200/session/e61cf805-309a-4eec-b589-0eea9f694bc2/element] with body: {"strategy":"id","selector":"android:id/text1","context":"","multiple":false}
&amp#27;[38;5;32m[AndroidUiautomator2Driver@a7d5 (d2c9b10b)]&amp#27;[0m Got response with status 404: {"sessionId":"e61cf805-309a-4eec-b589-0eea9f694bc2","value":{"error":"no such element","message":"An element could not be located on the page using the given search parameters","stacktrace":"io.appium.uiautomator2.common.exceptions.ElementNotFoundException: An element could not be located on the page using the given search parameters\n\tat io.appium.uiautomator2.handler.FindElement.safeHandle(FindElement.java:70)\n\tat io.appium.uiautomator2.handler.request.SafeRequestHandler.handle(SafeRequestHandler.java:59)\n\tat io.appium.uiautomator2.server.AppiumServlet.handleRequest(AppiumServlet.java:267)\n\tat io.appium.uiautomator2.server.AppiumServlet.handleHttpRequest(AppiumServlet.java:261)\n\tat io.appium.uiautomator2.http.ServerHandler.channelRead(ServerHandler.java:68)\n\tat io.netty.channel.AbstractChannelHandlerContext.invokeChannelRead(AbstractChannelHandlerContext.java:366)\n\tat io.netty.channel.AbstractChannelHandlerContext.invokeChannelRead(AbstractChannelHandlerContext.java:352)\n\tat io.netty.chann...
[debug] &amp#27;[38;5;112m[W3C]&amp#27;[0m Matched W3C error code 'no such element' to NoSuchElementError
[debug] &amp#27;[38;5;32m[AndroidUiautomator2Driver@a7d5 (d2c9b10b)]&amp#27;[0m Waited for 9246 ms so far
[debug] &amp#27;[38;5;32m[AndroidUiautomator2Driver@a7d5 (d2c9b10b)]&amp#27;[0m Matched '/element' to command name 'findElement'
[debug] &amp#27;[38;5;32m[AndroidUiautomator2Driver@a7d5 (d2c9b10b)]&amp#27;[0m Proxying [POST /element] to [POST http://127.0.0.1:8200/session/e61cf805-309a-4eec-b589-0eea9f694bc2/element] with body: {"strategy":"id","selector":"android:id/text1","context":"","multiple":false}
&amp#27;[38;5;32m[AndroidUiautomator2Driver@a7d5 (d2c9b10b)]&amp#27;[0m Got response with status 404: {"sessionId":"e61cf805-309a-4eec-b589-0eea9f694bc2","value":{"error":"no such element","message":"An element could not be located on the page using the given search parameters","stacktrace":"io.appium.uiautomator2.common.exceptions.ElementNotFoundException: An element could not be located on the page using the given search parameters\n\tat io.appium.uiautomator2.handler.FindElement.safeHandle(FindElement.java:70)\n\tat io.appium.uiautomator2.handler.request.SafeRequestHandler.handle(SafeRequestHandler.java:59)\n\tat io.appium.uiautomator2.server.AppiumServlet.handleRequest(AppiumServlet.java:267)\n\tat io.appium.uiautomator2.server.AppiumServlet.handleHttpRequest(AppiumServlet.java:261)\n\tat io.appium.uiautomator2.http.ServerHandler.channelRead(ServerHandler.java:68)\n\tat io.netty.channel.AbstractChannelHandlerContext.invokeChannelRead(AbstractChannelHandlerContext.java:366)\n\tat io.netty.channel.AbstractChannelHandlerContext.invokeChannelRead(AbstractChannelHandlerContext.java:352)\n\tat io.netty.chann...
[debug] &amp#27;[38;5;112m[W3C]&amp#27;[0m Matched W3C error code 'no such element' to NoSuchElementError
[debug] &amp#27;[38;5;32m[AndroidUiautomator2Driver@a7d5 (d2c9b10b)]&amp#27;[0m Waited for 9860 ms so far
[debug] &amp#27;[38;5;32m[AndroidUiautomator2Driver@a7d5 (d2c9b10b)]&amp#27;[0m Matched '/element' to command name 'findElement'
[debug] &amp#27;[38;5;32m[AndroidUiautomator2Driver@a7d5 (d2c9b10b)]&amp#27;[0m Proxying [POST /element] to [POST http://127.0.0.1:8200/session/e61cf805-309a-4eec-b589-0eea9f694bc2/element] with body: {"strategy":"id","selector":"android:id/text1","context":"","multiple":false}
&amp#27;[38;5;32m[AndroidUiautomator2Driver@a7d5 (d2c9b10b)]&amp#27;[0m Got response with status 404: {"sessionId":"e61cf805-309a-4eec-b589-0eea9f694bc2","value":{"error":"no such element","message":"An element could not be located on the page using the given search parameters","stacktrace":"io.appium.uiautomator2.common.exceptions.ElementNotFoundException: An element could not be located on the page using the given search parameters\n\tat io.appium.uiautomator2.handler.FindElement.safeHandle(FindElement.java:70)\n\tat io.appium.uiautomator2.handler.request.SafeRequestHandler.handle(SafeRequestHandler.java:59)\n\tat io.appium.uiautomator2.server.AppiumServlet.handleRequest(AppiumServlet.java:267)\n\tat io.appium.uiautomator2.server.AppiumServlet.handleHttpRequest(AppiumServlet.java:261)\n\tat io.appium.uiautomator2.http.ServerHandler.channelRead(ServerHandler.java:68)\n\tat io.netty.channel.AbstractChannelHandlerContext.invokeChannelRead(AbstractChannelHandlerContext.java:366)\n\tat io.netty.channel.AbstractChannelHandlerContext.invokeChannelRead(AbstractChannelHandlerContext.java:352)\n\tat io.netty.chann...
[debug] &amp#27;[38;5;112m[W3C]&amp#27;[0m Matched W3C error code 'no such element' to NoSuchElementError
[debug] &amp#27;[38;5;32m[AndroidUiautomator2Driver@a7d5 (d2c9b10b)]&amp#27;[0m Waited for 11445 ms so far
[debug] &amp#27;[38;5;32m[AndroidUiautomator2Driver@a7d5 (d2c9b10b)]&amp#27;[0m Matched '/element' to command name 'findElement'
[debug] &amp#27;[38;5;32m[AndroidUiautomator2Driver@a7d5 (d2c9b10b)]&amp#27;[0m Proxying [POST /element] to [POST http://127.0.0.1:8200/session/e61cf805-309a-4eec-b589-0eea9f694bc2/element] with body: {"strategy":"id","selector":"android:id/text1","context":"","multiple":false}
&amp#27;[38;5;32m[AndroidUiautomator2Driver@a7d5 (d2c9b10b)]&amp#27;[0m Got response with status 404: {"sessionId":"e61cf805-309a-4eec-b589-0eea9f694bc2","value":{"error":"no such element","message":"An element could not be located on the page using the given search parameters","stacktrace":"io.appium.uiautomator2.common.exceptions.ElementNotFoundException: An element could not be located on the page using the given search parameters\n\tat io.appium.uiautomator2.handler.FindElement.safeHandle(FindElement.java:70)\n\tat io.appium.uiautomator2.handler.request.SafeRequestHandler.handle(SafeRequestHandler.java:59)\n\tat io.appium.uiautomator2.server.AppiumServlet.handleRequest(AppiumServlet.java:267)\n\tat io.appium.uiautomator2.server.AppiumServlet.handleHttpRequest(AppiumServlet.java:261)\n\tat io.appium.uiautomator2.http.ServerHandler.channelRead(ServerHandler.java:68)\n\tat io.netty.channel.AbstractChannelHandlerContext.invokeChannelRead(AbstractChannelHandlerContext.java:366)\n\tat io.netty.channel.AbstractChannelHandlerContext.invokeChannelRead(AbstractChannelHandlerContext.java:352)\n\tat io.netty.chann...
[debug] &amp#27;[38;5;112m[W3C]&amp#27;[0m Matched W3C error code 'no such element' to NoSuchElementError
[debug] &amp#27;[38;5;32m[AndroidUiautomator2Driver@a7d5 (d2c9b10b)]&amp#27;[0m Waited for 12004 ms so far
[debug] &amp#27;[38;5;32m[AndroidUiautomator2Driver@a7d5 (d2c9b10b)]&amp#27;[0m Matched '/element' to command name 'findElement'
[debug] &amp#27;[38;5;32m[AndroidUiautomator2Driver@a7d5 (d2c9b10b)]&amp#27;[0m Proxying [POST /element] to [POST http://127.0.0.1:8200/session/e61cf805-309a-4eec-b589-0eea9f694bc2/element] with body: {"strategy":"id","selector":"android:id/text1","context":"","multiple":false}
&amp#27;[38;5;32m[AndroidUiautomator2Driver@a7d5 (d2c9b10b)]&amp#27;[0m Got response with status 404: {"sessionId":"e61cf805-309a-4eec-b589-0eea9f694bc2","value":{"error":"no such element","message":"An element could not be located on the page using the given search parameters","stacktrace":"io.appium.uiautomator2.common.exceptions.ElementNotFoundException: An element could not be located on the page using the given search parameters\n\tat io.appium.uiautomator2.handler.FindElement.safeHandle(FindElement.java:70)\n\tat io.appium.uiautomator2.handler.request.SafeRequestHandler.handle(SafeRequestHandler.java:59)\n\tat io.appium.uiautomator2.server.AppiumServlet.handleRequest(AppiumServlet.java:267)\n\tat io.appium.uiautomator2.server.AppiumServlet.handleHttpRequest(AppiumServlet.java:261)\n\tat io.appium.uiautomator2.http.ServerHandler.channelRead(ServerHandler.java:68)\n\tat io.netty.channel.AbstractChannelHandlerContext.invokeChannelRead(AbstractChannelHandlerContext.java:366)\n\tat io.netty.channel.AbstractChannelHandlerContext.invokeChannelRead(AbstractChannelHandlerContext.java:352)\n\tat io.netty.chann...
[debug] &amp#27;[38;5;112m[W3C]&amp#27;[0m Matched W3C error code 'no such element' to NoSuchElementError
[debug] &amp#27;[38;5;32m[AndroidUiautomator2Driver@a7d5 (d2c9b10b)]&amp#27;[0m Waited for 12600 ms so far
[debug] &amp#27;[38;5;32m[AndroidUiautomator2Driver@a7d5 (d2c9b10b)]&amp#27;[0m Matched '/element' to command name 'findElement'
[debug] &amp#27;[38;5;32m[AndroidUiautomator2Driver@a7d5 (d2c9b10b)]&amp#27;[0m Proxying [POST /element] to [POST http://127.0.0.1:8200/session/e61cf805-309a-4eec-b589-0eea9f694bc2/element] with body: {"strategy":"id","selector":"android:id/text1","context":"","multiple":false}
&amp#27;[38;5;32m[AndroidUiautomator2Driver@a7d5 (d2c9b10b)]&amp#27;[0m Got response with status 404: {"sessionId":"e61cf805-309a-4eec-b589-0eea9f694bc2","value":{"error":"no such element","message":"An element could not be located on the page using the given search parameters","stacktrace":"io.appium.uiautomator2.common.exceptions.ElementNotFoundException: An element could not be located on the page using the given search parameters\n\tat io.appium.uiautomator2.handler.FindElement.safeHandle(FindElement.java:70)\n\tat io.appium.uiautomator2.handler.request.SafeRequestHandler.handle(SafeRequestHandler.java:59)\n\tat io.appium.uiautomator2.server.AppiumServlet.handleRequest(AppiumServlet.java:267)\n\tat io.appium.uiautomator2.server.AppiumServlet.handleHttpRequest(AppiumServlet.java:261)\n\tat io.appium.uiautomator2.http.ServerHandler.channelRead(ServerHandler.java:68)\n\tat io.netty.channel.AbstractChannelHandlerContext.invokeChannelRead(AbstractChannelHandlerContext.java:366)\n\tat io.netty.channel.AbstractChannelHandlerContext.invokeChannelRead(AbstractChannelHandlerContext.java:352)\n\tat io.netty.chann...
[debug] &amp#27;[38;5;112m[W3C]&amp#27;[0m Matched W3C error code 'no such element' to NoSuchElementError
[debug] &amp#27;[38;5;32m[AndroidUiautomator2Driver@a7d5 (d2c9b10b)]&amp#27;[0m Waited for 13205 ms so far
[debug] &amp#27;[38;5;32m[AndroidUiautomator2Driver@a7d5 (d2c9b10b)]&amp#27;[0m Matched '/element' to command name 'findElement'
[debug] &amp#27;[38;5;32m[AndroidUiautomator2Driver@a7d5 (d2c9b10b)]&amp#27;[0m Proxying [POST /element] to [POST http://127.0.0.1:8200/session/e61cf805-309a-4eec-b589-0eea9f694bc2/element] with body: {"strategy":"id","selector":"android:id/text1","context":"","multiple":false}
&amp#27;[38;5;32m[AndroidUiautomator2Driver@a7d5 (d2c9b10b)]&amp#27;[0m Got response with status 404: {"sessionId":"e61cf805-309a-4eec-b589-0eea9f694bc2","value":{"error":"no such element","message":"An element could not be located on the page using the given search parameters","stacktrace":"io.appium.uiautomator2.common.exceptions.ElementNotFoundException: An element could not be located on the page using the given search parameters\n\tat io.appium.uiautomator2.handler.FindElement.safeHandle(FindElement.java:70)\n\tat io.appium.uiautomator2.handler.request.SafeRequestHandler.handle(SafeRequestHandler.java:59)\n\tat io.appium.uiautomator2.server.AppiumServlet.handleRequest(AppiumServlet.java:267)\n\tat io.appium.uiautomator2.server.AppiumServlet.handleHttpRequest(AppiumServlet.java:261)\n\tat io.appium.uiautomator2.http.ServerHandler.channelRead(ServerHandler.java:68)\n\tat io.netty.channel.AbstractChannelHandlerContext.invokeChannelRead(AbstractChannelHandlerContext.java:366)\n\tat io.netty.channel.AbstractChannelHandlerContext.invokeChannelRead(AbstractChannelHandlerContext.java:352)\n\tat io.netty.chann...
[debug] &amp#27;[38;5;112m[W3C]&amp#27;[0m Matched W3C error code 'no such element' to NoSuchElementError
[debug] &amp#27;[38;5;32m[AndroidUiautomator2Driver@a7d5 (d2c9b10b)]&amp#27;[0m Waited for 14033 ms so far
[debug] &amp#27;[38;5;32m[AndroidUiautomator2Driver@a7d5 (d2c9b10b)]&amp#27;[0m Matched '/element' to command name 'findElement'
[debug] &amp#27;[38;5;32m[AndroidUiautomator2Driver@a7d5 (d2c9b10b)]&amp#27;[0m Proxying [POST /element] to [POST http://127.0.0.1:8200/session/e61cf805-309a-4eec-b589-0eea9f694bc2/element] with body: {"strategy":"id","selector":"android:id/text1","context":"","multiple":false}
[debug] &amp#27;[38;5;32m[AndroidUiautomator2Driver@a7d5 (d2c9b10b)]&amp#27;[0m Got response with status 200: {"sessionId":"e61cf805-309a-4eec-b589-0eea9f694bc2","value":{"ELEMENT":"00000000-0000-075e-ffff-ffff0000001d","element-6066-11e4-a52e-4f735466cecf":"00000000-0000-075e-ffff-ffff0000001d"}}
[debug] &amp#27;[38;5;32m[AndroidUiautomator2Driver@a7d5 (d2c9b10b)]&amp#27;[0m Responding to client with driver.findElement() result: {"element-6066-11e4-a52e-4f735466cecf":"00000000-0000-075e-ffff-ffff0000001d","ELEMENT":"00000000-0000-075e-ffff-ffff0000001d"}
&amp#27;[38;5;0m[HTTP]&amp#27;[0m &amp#27;[37m<-- POST /session/d2c9b10b-c037-4b64-8bdf-6ffcf3513fc6/element &amp#27;[39m&amp#27;[32m200&amp#27;[39m &amp#27;[90m15738 ms - 137&amp#27;[39m
&amp#27;[38;5;0m[HTTP]&amp#27;[0m &amp#27;[90m&amp#27;[39m
&amp#27;[38;5;0m[HTTP]&amp#27;[0m &amp#27;[37m-->&amp#27;[39m &amp#27;[37mPOST&amp#27;[39m &amp#27;[37m/session/d2c9b10b-c037-4b64-8bdf-6ffcf3513fc6/element/00000000-0000-075e-ffff-ffff0000001d/click&amp#27;[39m
&amp#27;[38;5;0m[HTTP]&amp#27;[0m &amp#27;[90m{"id":"00000000-0000-075e-ffff-ffff0000001d"}&amp#27;[39m
[debug] &amp#27;[38;5;32m[AndroidUiautomator2Driver@a7d5 (d2c9b10b)]&amp#27;[0m Calling AppiumDriver.click() with args: ["00000000-0000-075e-ffff-ffff0000001d","d2c9b10b-c037-4b64-8bdf-6ffcf3513fc6"]
[debug] &amp#27;[38;5;32m[AndroidUiautomator2Driver@a7d5 (d2c9b10b)]&amp#27;[0m Matched '/element/00000000-0000-075e-ffff-ffff0000001d/click' to command name 'click'
[debug] &amp#27;[38;5;32m[AndroidUiautomator2Driver@a7d5 (d2c9b10b)]&amp#27;[0m Proxying [POST /element/00000000-0000-075e-ffff-ffff0000001d/click] to [POST http://127.0.0.1:8200/session/e61cf805-309a-4eec-b589-0eea9f694bc2/element/00000000-0000-075e-ffff-ffff0000001d/click] with body: {"element":"00000000-0000-075e-ffff-ffff0000001d"}
[debug] &amp#27;[38;5;32m[AndroidUiautomator2Driver@a7d5 (d2c9b10b)]&amp#27;[0m Got response with status 200: {"sessionId":"e61cf805-309a-4eec-b589-0eea9f694bc2","value":null}
[debug] &amp#27;[38;5;32m[AndroidUiautomator2Driver@a7d5 (d2c9b10b)]&amp#27;[0m Responding to client with driver.click() result: null
&amp#27;[38;5;0m[HTTP]&amp#27;[0m &amp#27;[37m<-- POST /session/d2c9b10b-c037-4b64-8bdf-6ffcf3513fc6/element/00000000-0000-075e-ffff-ffff0000001d/click &amp#27;[39m&amp#27;[32m200&amp#27;[39m &amp#27;[90m109 ms - 14&amp#27;[39m
&amp#27;[38;5;0m[HTTP]&amp#27;[0m &amp#27;[90m&amp#27;[39m
&amp#27;[38;5;0m[HTTP]&amp#27;[0m &amp#27;[37m-->&amp#27;[39m &amp#27;[37mPOST&amp#27;[39m &amp#27;[37m/session/d2c9b10b-c037-4b64-8bdf-6ffcf3513fc6/element&amp#27;[39m
&amp#27;[38;5;0m[HTTP]&amp#27;[0m &amp#27;[90m{"using":"-android uiautomator","value":"new UiScrollable(new UiSelector()).scrollIntoView(text(\"India\"));"}&amp#27;[39m
[debug] &amp#27;[38;5;32m[AndroidUiautomator2Driver@a7d5 (d2c9b10b)]&amp#27;[0m Calling AppiumDriver.findElement() with args: ["-android uiautomator","new UiScrollable(new UiSelector()).scrollIntoView(text(\"India\"));","d2c9b10b-c037-4b64-8bdf-6ffcf3513fc6"]
[debug] &amp#27;[38;5;32m[AndroidUiautomator2Driver@a7d5 (d2c9b10b)]&amp#27;[0m Valid locator strategies for this request: xpath, id, class name, accessibility id, css selector, -android uiautomator
[debug] &amp#27;[38;5;32m[AndroidUiautomator2Driver@a7d5 (d2c9b10b)]&amp#27;[0m Waiting up to 20000 ms for condition
[debug] &amp#27;[38;5;32m[AndroidUiautomator2Driver@a7d5 (d2c9b10b)]&amp#27;[0m Matched '/element' to command name 'findElement'
[debug] &amp#27;[38;5;32m[AndroidUiautomator2Driver@a7d5 (d2c9b10b)]&amp#27;[0m Proxying [POST /element] to [POST http://127.0.0.1:8200/session/e61cf805-309a-4eec-b589-0eea9f694bc2/element] with body: {"strategy":"-android uiautomator","selector":"new UiScrollable(new UiSelector()).scrollIntoView(text(\"India\"));","context":"","multiple":false}
[debug] &amp#27;[38;5;32m[AndroidUiautomator2Driver@a7d5 (d2c9b10b)]&amp#27;[0m Got response with status 200: {"sessionId":"e61cf805-309a-4eec-b589-0eea9f694bc2","value":{"ELEMENT":"00000000-0000-075f-ffff-ffff00000027","element-6066-11e4-a52e-4f735466cecf":"00000000-0000-075f-ffff-ffff00000027"}}
[debug] &amp#27;[38;5;32m[AndroidUiautomator2Driver@a7d5 (d2c9b10b)]&amp#27;[0m Responding to client with driver.findElement() result: {"element-6066-11e4-a52e-4f735466cecf":"00000000-0000-075f-ffff-ffff00000027","ELEMENT":"00000000-0000-075f-ffff-ffff00000027"}
&amp#27;[38;5;0m[HTTP]&amp#27;[0m &amp#27;[37m<-- POST /session/d2c9b10b-c037-4b64-8bdf-6ffcf3513fc6/element &amp#27;[39m&amp#27;[32m200&amp#27;[39m &amp#27;[90m38635 ms - 137&amp#27;[39m
&amp#27;[38;5;0m[HTTP]&amp#27;[0m &amp#27;[90m&amp#27;[39m
&amp#27;[38;5;0m[HTTP]&amp#27;[0m &amp#27;[37m-->&amp#27;[39m &amp#27;[37mPOST&amp#27;[39m &amp#27;[37m/session/d2c9b10b-c037-4b64-8bdf-6ffcf3513fc6/element&amp#27;[39m
&amp#27;[38;5;0m[HTTP]&amp#27;[0m &amp#27;[90m{"using":"xpath","value":"//android.widget.TextView[@text='India']"}&amp#27;[39m
[debug] &amp#27;[38;5;32m[AndroidUiautomator2Driver@a7d5 (d2c9b10b)]&amp#27;[0m Calling AppiumDriver.findElement() with args: ["xpath","//android.widget.TextView[@text='India']","d2c9b10b-c037-4b64-8bdf-6ffcf3513fc6"]
[debug] &amp#27;[38;5;32m[AndroidUiautomator2Driver@a7d5 (d2c9b10b)]&amp#27;[0m Valid locator strategies for this request: xpath, id, class name, accessibility id, css selector, -android uiautomator
[debug] &amp#27;[38;5;32m[AndroidUiautomator2Driver@a7d5 (d2c9b10b)]&amp#27;[0m Waiting up to 20000 ms for condition
[debug] &amp#27;[38;5;32m[AndroidUiautomator2Driver@a7d5 (d2c9b10b)]&amp#27;[0m Matched '/element' to command name 'findElement'
[debug] &amp#27;[38;5;32m[AndroidUiautomator2Driver@a7d5 (d2c9b10b)]&amp#27;[0m Proxying [POST /element] to [POST http://127.0.0.1:8200/session/e61cf805-309a-4eec-b589-0eea9f694bc2/element] with body: {"strategy":"xpath","selector":"//android.widget.TextView[@text='India']","context":"","multiple":false}
[debug] &amp#27;[38;5;32m[AndroidUiautomator2Driver@a7d5 (d2c9b10b)]&amp#27;[0m Got response with status 200: {"sessionId":"e61cf805-309a-4eec-b589-0eea9f694bc2","value":{"ELEMENT":"00000000-0000-075f-ffff-ffff00000027","element-6066-11e4-a52e-4f735466cecf":"00000000-0000-075f-ffff-ffff00000027"}}
[debug] &amp#27;[38;5;32m[AndroidUiautomator2Driver@a7d5 (d2c9b10b)]&amp#27;[0m Responding to client with driver.findElement() result: {"element-6066-11e4-a52e-4f735466cecf":"00000000-0000-075f-ffff-ffff00000027","ELEMENT":"00000000-0000-075f-ffff-ffff00000027"}
&amp#27;[38;5;0m[HTTP]&amp#27;[0m &amp#27;[37m<-- POST /session/d2c9b10b-c037-4b64-8bdf-6ffcf3513fc6/element &amp#27;[39m&amp#27;[32m200&amp#27;[39m &amp#27;[90m1483 ms - 137&amp#27;[39m
&amp#27;[38;5;0m[HTTP]&amp#27;[0m &amp#27;[90m&amp#27;[39m
&amp#27;[38;5;0m[HTTP]&amp#27;[0m &amp#27;[37m-->&amp#27;[39m &amp#27;[37mPOST&amp#27;[39m &amp#27;[37m/session/d2c9b10b-c037-4b64-8bdf-6ffcf3513fc6/element/00000000-0000-075f-ffff-ffff00000027/click&amp#27;[39m
&amp#27;[38;5;0m[HTTP]&amp#27;[0m &amp#27;[90m{"id":"00000000-0000-075f-ffff-ffff00000027"}&amp#27;[39m
[debug] &amp#27;[38;5;32m[AndroidUiautomator2Driver@a7d5 (d2c9b10b)]&amp#27;[0m Calling AppiumDriver.click() with args: ["00000000-0000-075f-ffff-ffff00000027","d2c9b10b-c037-4b64-8bdf-6ffcf3513fc6"]
[debug] &amp#27;[38;5;32m[AndroidUiautomator2Driver@a7d5 (d2c9b10b)]&amp#27;[0m Matched '/element/00000000-0000-075f-ffff-ffff00000027/click' to command name 'click'
[debug] &amp#27;[38;5;32m[AndroidUiautomator2Driver@a7d5 (d2c9b10b)]&amp#27;[0m Proxying [POST /element/00000000-0000-075f-ffff-ffff00000027/click] to [POST http://127.0.0.1:8200/session/e61cf805-309a-4eec-b589-0eea9f694bc2/element/00000000-0000-075f-ffff-ffff00000027/click] with body: {"element":"00000000-0000-075f-ffff-ffff00000027"}
[debug] &amp#27;[38;5;32m[AndroidUiautomator2Driver@a7d5 (d2c9b10b)]&amp#27;[0m Got response with status 200: {"sessionId":"e61cf805-309a-4eec-b589-0eea9f694bc2","value":null}
[debug] &amp#27;[38;5;32m[AndroidUiautomator2Driver@a7d5 (d2c9b10b)]&amp#27;[0m Responding to client with driver.click() result: null
&amp#27;[38;5;0m[HTTP]&amp#27;[0m &amp#27;[37m<-- POST /session/d2c9b10b-c037-4b64-8bdf-6ffcf3513fc6/element/00000000-0000-075f-ffff-ffff00000027/click &amp#27;[39m&amp#27;[32m200&amp#27;[39m &amp#27;[90m778 ms - 14&amp#27;[39m
&amp#27;[38;5;0m[HTTP]&amp#27;[0m &amp#27;[90m&amp#27;[39m
&amp#27;[38;5;0m[HTTP]&amp#27;[0m &amp#27;[37m-->&amp#27;[39m &amp#27;[37mGET&amp#27;[39m &amp#27;[37m/session/d2c9b10b-c037-4b64-8bdf-6ffcf3513fc6/context&amp#27;[39m
&amp#27;[38;5;0m[HTTP]&amp#27;[0m &amp#27;[90m{}&amp#27;[39m
[debug] &amp#27;[38;5;32m[AndroidUiautomator2Driver@a7d5 (d2c9b10b)]&amp#27;[0m Calling AppiumDriver.getCurrentContext() with args: ["d2c9b10b-c037-4b64-8bdf-6ffcf3513fc6"]
[debug] &amp#27;[38;5;32m[AndroidUiautomator2Driver@a7d5 (d2c9b10b)]&amp#27;[0m Responding to client with driver.getCurrentContext() result: "NATIVE_APP"
&amp#27;[38;5;0m[HTTP]&amp#27;[0m &amp#27;[37m<-- GET /session/d2c9b10b-c037-4b64-8bdf-6ffcf3513fc6/context &amp#27;[39m&amp#27;[32m200&amp#27;[39m &amp#27;[90m18 ms - 22&amp#27;[39m
&amp#27;[38;5;0m[HTTP]&amp#27;[0m &amp#27;[90m&amp#27;[39m
&amp#27;[38;5;0m[HTTP]&amp#27;[0m &amp#27;[37m-->&amp#27;[39m &amp#27;[37mPOST&amp#27;[39m &amp#27;[37m/session/d2c9b10b-c037-4b64-8bdf-6ffcf3513fc6/element&amp#27;[39m
&amp#27;[38;5;0m[HTTP]&amp#27;[0m &amp#27;[90m{"using":"xpath","value":"//android.widget.RadioButton[@resource-id='com.androidsample.generalstore:id/radioMale']"}&amp#27;[39m
[debug] &amp#27;[38;5;32m[AndroidUiautomator2Driver@a7d5 (d2c9b10b)]&amp#27;[0m Calling AppiumDriver.findElement() with args: ["xpath","//android.widget.RadioButton[@resource-id='com.androidsample.generalstore:id/radioMale']","d2c9b10b-c037-4b64-8bdf-6ffcf3513fc6"]
[debug] &amp#27;[38;5;32m[AndroidUiautomator2Driver@a7d5 (d2c9b10b)]&amp#27;[0m Valid locator strategies for this request: xpath, id, class name, accessibility id, css selector, -android uiautomator
[debug] &amp#27;[38;5;32m[AndroidUiautomator2Driver@a7d5 (d2c9b10b)]&amp#27;[0m Waiting up to 20000 ms for condition
[debug] &amp#27;[38;5;32m[AndroidUiautomator2Driver@a7d5 (d2c9b10b)]&amp#27;[0m Matched '/element' to command name 'findElement'
[debug] &amp#27;[38;5;32m[AndroidUiautomator2Driver@a7d5 (d2c9b10b)]&amp#27;[0m Proxying [POST /element] to [POST http://127.0.0.1:8200/session/e61cf805-309a-4eec-b589-0eea9f694bc2/element] with body: {"strategy":"xpath","selector":"//android.widget.RadioButton[@resource-id='com.androidsample.generalstore:id/radioMale']","context":"","multiple":false}
[debug] &amp#27;[38;5;32m[AndroidUiautomator2Driver@a7d5 (d2c9b10b)]&amp#27;[0m Got response with status 200: {"sessionId":"e61cf805-309a-4eec-b589-0eea9f694bc2","value":{"ELEMENT":"00000000-0000-075e-ffff-ffff0000001e","element-6066-11e4-a52e-4f735466cecf":"00000000-0000-075e-ffff-ffff0000001e"}}
[debug] &amp#27;[38;5;32m[AndroidUiautomator2Driver@a7d5 (d2c9b10b)]&amp#27;[0m Responding to client with driver.findElement() result: {"element-6066-11e4-a52e-4f735466cecf":"00000000-0000-075e-ffff-ffff0000001e","ELEMENT":"00000000-0000-075e-ffff-ffff0000001e"}
&amp#27;[38;5;0m[HTTP]&amp#27;[0m &amp#27;[37m<-- POST /session/d2c9b10b-c037-4b64-8bdf-6ffcf3513fc6/element &amp#27;[39m&amp#27;[32m200&amp#27;[39m &amp#27;[90m326 ms - 137&amp#27;[39m
&amp#27;[38;5;0m[HTTP]&amp#27;[0m &amp#27;[90m&amp#27;[39m
&amp#27;[38;5;0m[HTTP]&amp#27;[0m &amp#27;[37m-->&amp#27;[39m &amp#27;[37mPOST&amp#27;[39m &amp#27;[37m/session/d2c9b10b-c037-4b64-8bdf-6ffcf3513fc6/element/00000000-0000-075e-ffff-ffff0000001e/click&amp#27;[39m
&amp#27;[38;5;0m[HTTP]&amp#27;[0m &amp#27;[90m{"id":"00000000-0000-075e-ffff-ffff0000001e"}&amp#27;[39m
[debug] &amp#27;[38;5;32m[AndroidUiautomator2Driver@a7d5 (d2c9b10b)]&amp#27;[0m Calling AppiumDriver.click() with args: ["00000000-0000-075e-ffff-ffff0000001e","d2c9b10b-c037-4b64-8bdf-6ffcf3513fc6"]
[debug] &amp#27;[38;5;32m[AndroidUiautomator2Driver@a7d5 (d2c9b10b)]&amp#27;[0m Matched '/element/00000000-0000-075e-ffff-ffff0000001e/click' to command name 'click'
[debug] &amp#27;[38;5;32m[AndroidUiautomator2Driver@a7d5 (d2c9b10b)]&amp#27;[0m Proxying [POST /element/00000000-0000-075e-ffff-ffff0000001e/click] to [POST http://127.0.0.1:8200/session/e61cf805-309a-4eec-b589-0eea9f694bc2/element/00000000-0000-075e-ffff-ffff0000001e/click] with body: {"element":"00000000-0000-075e-ffff-ffff0000001e"}
[debug] &amp#27;[38;5;32m[AndroidUiautomator2Driver@a7d5 (d2c9b10b)]&amp#27;[0m Got response with status 200: {"sessionId":"e61cf805-309a-4eec-b589-0eea9f694bc2","value":null}
[debug] &amp#27;[38;5;32m[AndroidUiautomator2Driver@a7d5 (d2c9b10b)]&amp#27;[0m Responding to client with driver.click() result: null
&amp#27;[38;5;0m[HTTP]&amp#27;[0m &amp#27;[37m<-- POST /session/d2c9b10b-c037-4b64-8bdf-6ffcf3513fc6/element/00000000-0000-075e-ffff-ffff0000001e/click &amp#27;[39m&amp#27;[32m200&amp#27;[39m &amp#27;[90m46 ms - 14&amp#27;[39m
&amp#27;[38;5;0m[HTTP]&amp#27;[0m &amp#27;[90m&amp#27;[39m
&amp#27;[38;5;0m[HTTP]&amp#27;[0m &amp#27;[37m-->&amp#27;[39m &amp#27;[37mGET&amp#27;[39m &amp#27;[37m/session/d2c9b10b-c037-4b64-8bdf-6ffcf3513fc6/context&amp#27;[39m
&amp#27;[38;5;0m[HTTP]&amp#27;[0m &amp#27;[90m{}&amp#27;[39m
[debug] &amp#27;[38;5;32m[AndroidUiautomator2Driver@a7d5 (d2c9b10b)]&amp#27;[0m Calling AppiumDriver.getCurrentContext() with args: ["d2c9b10b-c037-4b64-8bdf-6ffcf3513fc6"]
[debug] &amp#27;[38;5;32m[AndroidUiautomator2Driver@a7d5 (d2c9b10b)]&amp#27;[0m Responding to client with driver.getCurrentContext() result: "NATIVE_APP"
&amp#27;[38;5;0m[HTTP]&amp#27;[0m &amp#27;[37m<-- GET /session/d2c9b10b-c037-4b64-8bdf-6ffcf3513fc6/context &amp#27;[39m&amp#27;[32m200&amp#27;[39m &amp#27;[90m3 ms - 22&amp#27;[39m
&amp#27;[38;5;0m[HTTP]&amp#27;[0m &amp#27;[90m&amp#27;[39m
&amp#27;[38;5;0m[HTTP]&amp#27;[0m &amp#27;[37m-->&amp#27;[39m &amp#27;[37mPOST&amp#27;[39m &amp#27;[37m/session/d2c9b10b-c037-4b64-8bdf-6ffcf3513fc6/element&amp#27;[39m
&amp#27;[38;5;0m[HTTP]&amp#27;[0m &amp#27;[90m{"using":"xpath","value":"//android.widget.Button[@resource-id='com.androidsample.generalstore:id/btnLetsShop']"}&amp#27;[39m
[debug] &amp#27;[38;5;32m[AndroidUiautomator2Driver@a7d5 (d2c9b10b)]&amp#27;[0m Calling AppiumDriver.findElement() with args: ["xpath","//android.widget.Button[@resource-id='com.androidsample.generalstore:id/btnLetsShop']","d2c9b10b-c037-4b64-8bdf-6ffcf3513fc6"]
[debug] &amp#27;[38;5;32m[AndroidUiautomator2Driver@a7d5 (d2c9b10b)]&amp#27;[0m Valid locator strategies for this request: xpath, id, class name, accessibility id, css selector, -android uiautomator
[debug] &amp#27;[38;5;32m[AndroidUiautomator2Driver@a7d5 (d2c9b10b)]&amp#27;[0m Waiting up to 20000 ms for condition
[debug] &amp#27;[38;5;32m[AndroidUiautomator2Driver@a7d5 (d2c9b10b)]&amp#27;[0m Matched '/element' to command name 'findElement'
[debug] &amp#27;[38;5;32m[AndroidUiautomator2Driver@a7d5 (d2c9b10b)]&amp#27;[0m Proxying [POST /element] to [POST http://127.0.0.1:8200/session/e61cf805-309a-4eec-b589-0eea9f694bc2/element] with body: {"strategy":"xpath","selector":"//android.widget.Button[@resource-id='com.androidsample.generalstore:id/btnLetsShop']","context":"","multiple":false}
[debug] &amp#27;[38;5;32m[AndroidUiautomator2Driver@a7d5 (d2c9b10b)]&amp#27;[0m Got response with status 200: {"sessionId":"e61cf805-309a-4eec-b589-0eea9f694bc2","value":{"ELEMENT":"00000000-0000-075e-ffff-ffff0000001c","element-6066-11e4-a52e-4f735466cecf":"00000000-0000-075e-ffff-ffff0000001c"}}
[debug] &amp#27;[38;5;32m[AndroidUiautomator2Driver@a7d5 (d2c9b10b)]&amp#27;[0m Responding to client with driver.findElement() result: {"element-6066-11e4-a52e-4f735466cecf":"00000000-0000-075e-ffff-ffff0000001c","ELEMENT":"00000000-0000-075e-ffff-ffff0000001c"}
&amp#27;[38;5;0m[HTTP]&amp#27;[0m &amp#27;[37m<-- POST /session/d2c9b10b-c037-4b64-8bdf-6ffcf3513fc6/element &amp#27;[39m&amp#27;[32m200&amp#27;[39m &amp#27;[90m737 ms - 137&amp#27;[39m
&amp#27;[38;5;0m[HTTP]&amp#27;[0m &amp#27;[90m&amp#27;[39m
&amp#27;[38;5;0m[HTTP]&amp#27;[0m &amp#27;[37m-->&amp#27;[39m &amp#27;[37mPOST&amp#27;[39m &amp#27;[37m/session/d2c9b10b-c037-4b64-8bdf-6ffcf3513fc6/element/00000000-0000-075e-ffff-ffff0000001c/click&amp#27;[39m
&amp#27;[38;5;0m[HTTP]&amp#27;[0m &amp#27;[90m{"id":"00000000-0000-075e-ffff-ffff0000001c"}&amp#27;[39m
[debug] &amp#27;[38;5;32m[AndroidUiautomator2Driver@a7d5 (d2c9b10b)]&amp#27;[0m Calling AppiumDriver.click() with args: ["00000000-0000-075e-ffff-ffff0000001c","d2c9b10b-c037-4b64-8bdf-6ffcf3513fc6"]
[debug] &amp#27;[38;5;32m[AndroidUiautomator2Driver@a7d5 (d2c9b10b)]&amp#27;[0m Matched '/element/00000000-0000-075e-ffff-ffff0000001c/click' to command name 'click'
[debug] &amp#27;[38;5;32m[AndroidUiautomator2Driver@a7d5 (d2c9b10b)]&amp#27;[0m Proxying [POST /element/00000000-0000-075e-ffff-ffff0000001c/click] to [POST http://127.0.0.1:8200/session/e61cf805-309a-4eec-b589-0eea9f694bc2/element/00000000-0000-075e-ffff-ffff0000001c/click] with body: {"element":"00000000-0000-075e-ffff-ffff0000001c"}
[debug] &amp#27;[38;5;32m[AndroidUiautomator2Driver@a7d5 (d2c9b10b)]&amp#27;[0m Got response with status 200: {"sessionId":"e61cf805-309a-4eec-b589-0eea9f694bc2","value":null}
[debug] &amp#27;[38;5;32m[AndroidUiautomator2Driver@a7d5 (d2c9b10b)]&amp#27;[0m Responding to client with driver.click() result: null
&amp#27;[38;5;0m[HTTP]&amp#27;[0m &amp#27;[37m<-- POST /session/d2c9b10b-c037-4b64-8bdf-6ffcf3513fc6/element/00000000-0000-075e-ffff-ffff0000001c/click &amp#27;[39m&amp#27;[32m200&amp#27;[39m &amp#27;[90m48 ms - 14&amp#27;[39m
&amp#27;[38;5;0m[HTTP]&amp#27;[0m &amp#27;[90m&amp#27;[39m
&amp#27;[38;5;0m[HTTP]&amp#27;[0m &amp#27;[37m-->&amp#27;[39m &amp#27;[37mPOST&amp#27;[39m &amp#27;[37m/session/d2c9b10b-c037-4b64-8bdf-6ffcf3513fc6/element&amp#27;[39m
&amp#27;[38;5;0m[HTTP]&amp#27;[0m &amp#27;[90m{"using":"xpath","value":"(//android.widget.Toast)[1]"}&amp#27;[39m
[debug] &amp#27;[38;5;32m[AndroidUiautomator2Driver@a7d5 (d2c9b10b)]&amp#27;[0m Calling AppiumDriver.findElement() with args: ["xpath","(//android.widget.Toast)[1]","d2c9b10b-c037-4b64-8bdf-6ffcf3513fc6"]
[debug] &amp#27;[38;5;32m[AndroidUiautomator2Driver@a7d5 (d2c9b10b)]&amp#27;[0m Valid locator strategies for this request: xpath, id, class name, accessibility id, css selector, -android uiautomator
[debug] &amp#27;[38;5;32m[AndroidUiautomator2Driver@a7d5 (d2c9b10b)]&amp#27;[0m Waiting up to 20000 ms for condition
[debug] &amp#27;[38;5;32m[AndroidUiautomator2Driver@a7d5 (d2c9b10b)]&amp#27;[0m Matched '/element' to command name 'findElement'
[debug] &amp#27;[38;5;32m[AndroidUiautomator2Driver@a7d5 (d2c9b10b)]&amp#27;[0m Proxying [POST /element] to [POST http://127.0.0.1:8200/session/e61cf805-309a-4eec-b589-0eea9f694bc2/element] with body: {"strategy":"xpath","selector":"(//android.widget.Toast)[1]","context":"","multiple":false}
[debug] &amp#27;[38;5;32m[AndroidUiautomator2Driver@a7d5 (d2c9b10b)]&amp#27;[0m Got response with status 200: {"sessionId":"e61cf805-309a-4eec-b589-0eea9f694bc2","value":{"ELEMENT":"dff2f439-2643-4ea9-ad39-042b23be8d70","element-6066-11e4-a52e-4f735466cecf":"dff2f439-2643-4ea9-ad39-042b23be8d70"}}
[debug] &amp#27;[38;5;32m[AndroidUiautomator2Driver@a7d5 (d2c9b10b)]&amp#27;[0m Responding to client with driver.findElement() result: {"element-6066-11e4-a52e-4f735466cecf":"dff2f439-2643-4ea9-ad39-042b23be8d70","ELEMENT":"dff2f439-2643-4ea9-ad39-042b23be8d70"}
&amp#27;[38;5;0m[HTTP]&amp#27;[0m &amp#27;[37m<-- POST /session/d2c9b10b-c037-4b64-8bdf-6ffcf3513fc6/element &amp#27;[39m&amp#27;[32m200&amp#27;[39m &amp#27;[90m321 ms - 137&amp#27;[39m
&amp#27;[38;5;0m[HTTP]&amp#27;[0m &amp#27;[90m&amp#27;[39m
&amp#27;[38;5;0m[HTTP]&amp#27;[0m &amp#27;[37m-->&amp#27;[39m &amp#27;[37mGET&amp#27;[39m &amp#27;[37m/session/d2c9b10b-c037-4b64-8bdf-6ffcf3513fc6/element/dff2f439-2643-4ea9-ad39-042b23be8d70/attribute/name&amp#27;[39m
&amp#27;[38;5;0m[HTTP]&amp#27;[0m &amp#27;[90m{}&amp#27;[39m
[debug] &amp#27;[38;5;32m[AndroidUiautomator2Driver@a7d5 (d2c9b10b)]&amp#27;[0m Calling AppiumDriver.getAttribute() with args: ["name","dff2f439-2643-4ea9-ad39-042b23be8d70","d2c9b10b-c037-4b64-8bdf-6ffcf3513fc6"]
[debug] &amp#27;[38;5;32m[AndroidUiautomator2Driver@a7d5 (d2c9b10b)]&amp#27;[0m Matched '/element/dff2f439-2643-4ea9-ad39-042b23be8d70/attribute/name' to command name 'getAttribute'
[debug] &amp#27;[38;5;32m[AndroidUiautomator2Driver@a7d5 (d2c9b10b)]&amp#27;[0m Proxying [GET /element/dff2f439-2643-4ea9-ad39-042b23be8d70/attribute/name] to [GET http://127.0.0.1:8200/session/e61cf805-309a-4eec-b589-0eea9f694bc2/element/dff2f439-2643-4ea9-ad39-042b23be8d70/attribute/name] with no body
[debug] &amp#27;[38;5;32m[AndroidUiautomator2Driver@a7d5 (d2c9b10b)]&amp#27;[0m Got response with status 200: {"sessionId":"e61cf805-309a-4eec-b589-0eea9f694bc2","value":"Please enter your name"}
[debug] &amp#27;[38;5;32m[AndroidUiautomator2Driver@a7d5 (d2c9b10b)]&amp#27;[0m Responding to client with driver.getAttribute() result: "Please enter your name"
&amp#27;[38;5;0m[HTTP]&amp#27;[0m &amp#27;[37m<-- GET /session/d2c9b10b-c037-4b64-8bdf-6ffcf3513fc6/element/dff2f439-2643-4ea9-ad39-042b23be8d70/attribute/name &amp#27;[39m&amp#27;[32m200&amp#27;[39m &amp#27;[90m444 ms - 34&amp#27;[39m
&amp#27;[38;5;0m[HTTP]&amp#27;[0m &amp#27;[90m&amp#27;[39m
&amp#27;[38;5;0m[HTTP]&amp#27;[0m &amp#27;[37m-->&amp#27;[39m &amp#27;[37mGET&amp#27;[39m &amp#27;[37m/session/d2c9b10b-c037-4b64-8bdf-6ffcf3513fc6/screenshot&amp#27;[39m
&amp#27;[38;5;0m[HTTP]&amp#27;[0m &amp#27;[90m{}&amp#27;[39m
[debug] &amp#27;[38;5;32m[AndroidUiautomator2Driver@a7d5 (d2c9b10b)]&amp#27;[0m Calling AppiumDriver.getScreenshot() with args: ["d2c9b10b-c037-4b64-8bdf-6ffcf3513fc6"]
[debug] &amp#27;[38;5;32m[AndroidUiautomator2Driver@a7d5 (d2c9b10b)]&amp#27;[0m Matched '/screenshot' to command name 'getScreenshot'
[debug] &amp#27;[38;5;32m[AndroidUiautomator2Driver@a7d5 (d2c9b10b)]&amp#27;[0m Proxying [GET /screenshot] to [GET http://127.0.0.1:8200/session/e61cf805-309a-4eec-b589-0eea9f694bc2/screenshot] with no body
[debug] &amp#27;[38;5;32m[AndroidUiautomator2Driver@a7d5 (d2c9b10b)]&amp#27;[0m Got response with status 200: {"sessionId":"e61cf805-309a-4eec-b589-0eea9f694bc2","value":"iVBORw0KGgoAAAANSUhEUgAABDgAAAeACAYAAAArYecKAAAABHNCSVQICAgIfAhkiAAAIABJREFUeJy8vXm8ZUV1P/qtfc49d+7b93b3vU033U0zC90gMhlF0QYVISjERIGIxh9ojFE0eTExP/GnERI1L79EM5rnTPwByTNigmJUJkdkcAAaFFoZGpvm3p6HO59z6v1xzt5n1aq1qmqf7rzVH7jn1K5atWrVms/etc3oI2+yMAAAmPYHCwsOBkZshwXy8SEI4T4U8Ohi9Kh0lxjfai5JN8ETooFfi9Fbpp+BgbU2aX+iYAFjuqOV4+F8SZG7Yi4ubwH5C9Kn0BGTFU4nHRPCk7LWlPlSxpSS99YE+cUg7Sn4U+YsJeNEflNoA1CM0eaJ8SBGU6s7kcVEG+hMmSCzkm0ypjN/GZscsnOeneC6rq0ztO72tTLyEtzfMjzu1t6xdapy0gX+lL2K6fvh0L2obChrD+2DZPdSbKHGy6isxmxR2T2K9I/Zna6Ayhrk+TX/XcqusTm5D5egjA/pmpYS88fiGC5PpWnq1mZIcinhKhmThoDrajAmK7Gu6J4eil1NgRj+EA+70F9+3Z0qIvtcFg8jb8R4powuMj9+OOgqk78k+RcE6KLjU/1DCehKP6T4J4G2bnUxSncKrSVxldrjLuZU8Ql63WpOo4X2l+jMpMBBBelyiYQg1chwgyP1VRlBg4bIPNr4vE/Ok5SAQGhU56D9+TVrrUq/Ny5Fx0sKXgiPR6sSRLQvgnVuXWN8EXlsO389weUkGl928n+SItBxEh0SaPvFx6j8sO19Vfpo8+V8iekDhRh+8bqB77CVMfk6YhDjmbQmUTcDeuTRlvPLyPzixpBdTNIVR1aNL9PBdRlE56GGXwoc6PzqXrOEWewb4itnjTF+u+KYClTFVzdYC0FwfyM8JhejQG2EOJbR7swb8S+cxkL/CR+M...
[debug] &amp#27;[38;5;32m[AndroidUiautomator2Driver@a7d5 (d2c9b10b)]&amp#27;[0m Responding to client with driver.getScreenshot() result: "iVBORw0KGgoAAAANSUhEUgAABDgAAAeACAYAAAArYecKAAAABHNCSVQICAgIfAhkiAAAIABJREFUeJy8vXm8ZUV1P/qtfc49d+7b93b3vU033U0zC90gMhlF0QYVISjERIGIxh9ojFE0eTExP/GnERI1L79EM5rnTPwByTNigmJUJkdkcAAaFFoZGpvm3p6HO59z6v1xzt5n1aq1qmqf7rzVH7jn1K5atWrVms/etc3oI2+yMAAAmPYHCwsOBkZshwXy8SEI4T4U8Ohi9Kh0lxjfai5JN8ETooFfi9Fbpp+BgbU2aX+iYAFjuqOV4+F8SZG7Yi4ubwH5C9Kn0BGTFU4nHRPCk7LWlPlSxpSS99YE+cUg7Sn4U+YsJeNEflNoA1CM0eaJ8SBGU6s7kcVEG+hMmSCzkm0ypjN/GZscsnOeneC6rq0ztO72tTLyEtzfMjzu1t6xdapy0gX+lL2K6fvh0L2obChrD+2DZPdSbKHGy6isxmxR2T2K9I/Zna6Ayhrk+TX/XcqusTm5D5egjA/pmpYS88fiGC5PpWnq1mZIcinhKhmThoDrajAmK7Gu6J4eil1NgRj+EA+70F9+3Z0qIvtcFg8jb8R4powuMj9+OOgqk78k+RcE6KLjU/1DCehKP6T4J4G2bnUxSncKrSVxldrjLuZU8Ql63WpOo4X2l+jMpMBBBelyiYQg1chwgyP1VRlBg4bIPNr4vE/Ok5SAQGhU56D9+TVrrUq/Ny5Fx0sKXgiPR6sSRLQvgnVuXWN8EXlsO389weUkGl928n+SItBxEh0SaPvFx6j8sO19Vfpo8+V8iekDhRh+8bqB77CVMfk6YhDjmbQmUTcDeuTRlvPLyPzixpBdTNIVR1aNL9PBdRlE56GGXwoc6PzqXrOEWewb4itnjTF+u+KYClTFVzdYC0FwfyM8JhejQG2EOJbR7swb8S+cxkL/CR+Mu5gCYr6mm6DOs4Ex/khrp/QbRr9i20Iyyvc0KhtKjKLaa0X/VfZFplfXUHY7...
&amp#27;[38;5;0m[HTTP]&amp#27;[0m &amp#27;[37m<-- GET /session/d2c9b10b-c037-4b64-8bdf-6ffcf3513fc6/screenshot &amp#27;[39m&amp#27;[32m200&amp#27;[39m &amp#27;[90m1723 ms - 777840&amp#27;[39m
&amp#27;[38;5;0m[HTTP]&amp#27;[0m &amp#27;[90m&amp#27;[39m
]]></system-out>
    <system-err><![CDATA[SLF4J: No SLF4J providers were found.
SLF4J: Defaulting to no-operation (NOP) logger implementation
SLF4J: See https://www.slf4j.org/codes.html#noProviders for further details.
SLF4J: Class path contains SLF4J bindings targeting slf4j-api versions 1.7.x or earlier.
SLF4J: Ignoring binding found at [jar:file:/C:/Users/User/.m2/repository/org/slf4j/slf4j-nop/1.5.3/slf4j-nop-1.5.3.jar!/org/slf4j/impl/StaticLoggerBinder.class]
SLF4J: Ignoring binding found at [jar:file:/C:/Users/User/.m2/repository/org/slf4j/slf4j-jdk14/1.5.6/slf4j-jdk14-1.5.6.jar!/org/slf4j/impl/StaticLoggerBinder.class]
SLF4J: See https://www.slf4j.org/codes.html#ignoredBindings for an explanation.
log4j:WARN No appenders could be found for logger (io.netty.util.internal.logging.InternalLoggerFactory).
log4j:WARN Please initialize the log4j system properly.
log4j:WARN See http://logging.apache.org/log4j/1.2/faq.html#noconfig for more info.
]]></system-err>
  </testcase>
  <testcase name="fillForm_PositiveFlow" classname="com.generalstore.android.test.SmokeTestCase" time="4.821">
    <system-out><![CDATA[&amp#27;[38;5;0m[HTTP]&amp#27;[0m &amp#27;[37m-->&amp#27;[39m &amp#27;[37mGET&amp#27;[39m &amp#27;[37m/session/d2c9b10b-c037-4b64-8bdf-6ffcf3513fc6/context&amp#27;[39m
&amp#27;[38;5;0m[HTTP]&amp#27;[0m &amp#27;[90m{}&amp#27;[39m
[debug] &amp#27;[38;5;32m[AndroidUiautomator2Driver@a7d5 (d2c9b10b)]&amp#27;[0m Calling AppiumDriver.getCurrentContext() with args: ["d2c9b10b-c037-4b64-8bdf-6ffcf3513fc6"]
[debug] &amp#27;[38;5;32m[AndroidUiautomator2Driver@a7d5 (d2c9b10b)]&amp#27;[0m Responding to client with driver.getCurrentContext() result: "NATIVE_APP"
&amp#27;[38;5;0m[HTTP]&amp#27;[0m &amp#27;[37m<-- GET /session/d2c9b10b-c037-4b64-8bdf-6ffcf3513fc6/context &amp#27;[39m&amp#27;[32m200&amp#27;[39m &amp#27;[90m4 ms - 22&amp#27;[39m
&amp#27;[38;5;0m[HTTP]&amp#27;[0m &amp#27;[90m&amp#27;[39m
&amp#27;[38;5;0m[HTTP]&amp#27;[0m &amp#27;[37m-->&amp#27;[39m &amp#27;[37mPOST&amp#27;[39m &amp#27;[37m/session/d2c9b10b-c037-4b64-8bdf-6ffcf3513fc6/element&amp#27;[39m
&amp#27;[38;5;0m[HTTP]&amp#27;[0m &amp#27;[90m{"using":"id","value":"android:id/text1"}&amp#27;[39m
[debug] &amp#27;[38;5;32m[AndroidUiautomator2Driver@a7d5 (d2c9b10b)]&amp#27;[0m Calling AppiumDriver.findElement() with args: ["id","android:id/text1","d2c9b10b-c037-4b64-8bdf-6ffcf3513fc6"]
[debug] &amp#27;[38;5;32m[AndroidUiautomator2Driver@a7d5 (d2c9b10b)]&amp#27;[0m Valid locator strategies for this request: xpath, id, class name, accessibility id, css selector, -android uiautomator
[debug] &amp#27;[38;5;32m[AndroidUiautomator2Driver@a7d5 (d2c9b10b)]&amp#27;[0m Waiting up to 20000 ms for condition
[debug] &amp#27;[38;5;32m[AndroidUiautomator2Driver@a7d5 (d2c9b10b)]&amp#27;[0m Matched '/element' to command name 'findElement'
[debug] &amp#27;[38;5;32m[AndroidUiautomator2Driver@a7d5 (d2c9b10b)]&amp#27;[0m Proxying [POST /element] to [POST http://127.0.0.1:8200/session/e61cf805-309a-4eec-b589-0eea9f694bc2/element] with body: {"strategy":"id","selector":"android:id/text1","context":"","multiple":false}
[debug] &amp#27;[38;5;32m[AndroidUiautomator2Driver@a7d5 (d2c9b10b)]&amp#27;[0m Got response with status 200: {"sessionId":"e61cf805-309a-4eec-b589-0eea9f694bc2","value":{"ELEMENT":"00000000-0000-075e-ffff-ffff0000002c","element-6066-11e4-a52e-4f735466cecf":"00000000-0000-075e-ffff-ffff0000002c"}}
[debug] &amp#27;[38;5;32m[AndroidUiautomator2Driver@a7d5 (d2c9b10b)]&amp#27;[0m Responding to client with driver.findElement() result: {"element-6066-11e4-a52e-4f735466cecf":"00000000-0000-075e-ffff-ffff0000002c","ELEMENT":"00000000-0000-075e-ffff-ffff0000002c"}
&amp#27;[38;5;0m[HTTP]&amp#27;[0m &amp#27;[37m<-- POST /session/d2c9b10b-c037-4b64-8bdf-6ffcf3513fc6/element &amp#27;[39m&amp#27;[32m200&amp#27;[39m &amp#27;[90m68 ms - 137&amp#27;[39m
&amp#27;[38;5;0m[HTTP]&amp#27;[0m &amp#27;[90m&amp#27;[39m
&amp#27;[38;5;0m[HTTP]&amp#27;[0m &amp#27;[37m-->&amp#27;[39m &amp#27;[37mPOST&amp#27;[39m &amp#27;[37m/session/d2c9b10b-c037-4b64-8bdf-6ffcf3513fc6/element/00000000-0000-075e-ffff-ffff0000002c/click&amp#27;[39m
&amp#27;[38;5;0m[HTTP]&amp#27;[0m &amp#27;[90m{"id":"00000000-0000-075e-ffff-ffff0000002c"}&amp#27;[39m
[debug] &amp#27;[38;5;32m[AndroidUiautomator2Driver@a7d5 (d2c9b10b)]&amp#27;[0m Calling AppiumDriver.click() with args: ["00000000-0000-075e-ffff-ffff0000002c","d2c9b10b-c037-4b64-8bdf-6ffcf3513fc6"]
[debug] &amp#27;[38;5;32m[AndroidUiautomator2Driver@a7d5 (d2c9b10b)]&amp#27;[0m Matched '/element/00000000-0000-075e-ffff-ffff0000002c/click' to command name 'click'
[debug] &amp#27;[38;5;32m[AndroidUiautomator2Driver@a7d5 (d2c9b10b)]&amp#27;[0m Proxying [POST /element/00000000-0000-075e-ffff-ffff0000002c/click] to [POST http://127.0.0.1:8200/session/e61cf805-309a-4eec-b589-0eea9f694bc2/element/00000000-0000-075e-ffff-ffff0000002c/click] with body: {"element":"00000000-0000-075e-ffff-ffff0000002c"}
[debug] &amp#27;[38;5;32m[AndroidUiautomator2Driver@a7d5 (d2c9b10b)]&amp#27;[0m Got response with status 200: {"sessionId":"e61cf805-309a-4eec-b589-0eea9f694bc2","value":null}
[debug] &amp#27;[38;5;32m[AndroidUiautomator2Driver@a7d5 (d2c9b10b)]&amp#27;[0m Responding to client with driver.click() result: null
&amp#27;[38;5;0m[HTTP]&amp#27;[0m &amp#27;[37m<-- POST /session/d2c9b10b-c037-4b64-8bdf-6ffcf3513fc6/element/00000000-0000-075e-ffff-ffff0000002c/click &amp#27;[39m&amp#27;[32m200&amp#27;[39m &amp#27;[90m74 ms - 14&amp#27;[39m
&amp#27;[38;5;0m[HTTP]&amp#27;[0m &amp#27;[90m&amp#27;[39m
&amp#27;[38;5;0m[HTTP]&amp#27;[0m &amp#27;[37m-->&amp#27;[39m &amp#27;[37mPOST&amp#27;[39m &amp#27;[37m/session/d2c9b10b-c037-4b64-8bdf-6ffcf3513fc6/element&amp#27;[39m
&amp#27;[38;5;0m[HTTP]&amp#27;[0m &amp#27;[90m{"using":"-android uiautomator","value":"new UiScrollable(new UiSelector()).scrollIntoView(text(\"India\"));"}&amp#27;[39m
[debug] &amp#27;[38;5;32m[AndroidUiautomator2Driver@a7d5 (d2c9b10b)]&amp#27;[0m Calling AppiumDriver.findElement() with args: ["-android uiautomator","new UiScrollable(new UiSelector()).scrollIntoView(text(\"India\"));","d2c9b10b-c037-4b64-8bdf-6ffcf3513fc6"]
[debug] &amp#27;[38;5;32m[AndroidUiautomator2Driver@a7d5 (d2c9b10b)]&amp#27;[0m Valid locator strategies for this request: xpath, id, class name, accessibility id, css selector, -android uiautomator
[debug] &amp#27;[38;5;32m[AndroidUiautomator2Driver@a7d5 (d2c9b10b)]&amp#27;[0m Waiting up to 20000 ms for condition
[debug] &amp#27;[38;5;32m[AndroidUiautomator2Driver@a7d5 (d2c9b10b)]&amp#27;[0m Matched '/element' to command name 'findElement'
[debug] &amp#27;[38;5;32m[AndroidUiautomator2Driver@a7d5 (d2c9b10b)]&amp#27;[0m Proxying [POST /element] to [POST http://127.0.0.1:8200/session/e61cf805-309a-4eec-b589-0eea9f694bc2/element] with body: {"strategy":"-android uiautomator","selector":"new UiScrollable(new UiSelector()).scrollIntoView(text(\"India\"));","context":"","multiple":false}
[debug] &amp#27;[38;5;32m[AndroidUiautomator2Driver@a7d5 (d2c9b10b)]&amp#27;[0m Got response with status 200: {"sessionId":"e61cf805-309a-4eec-b589-0eea9f694bc2","value":{"ELEMENT":"00000000-0000-0761-ffff-ffff00000031","element-6066-11e4-a52e-4f735466cecf":"00000000-0000-0761-ffff-ffff00000031"}}
[debug] &amp#27;[38;5;32m[AndroidUiautomator2Driver@a7d5 (d2c9b10b)]&amp#27;[0m Responding to client with driver.findElement() result: {"element-6066-11e4-a52e-4f735466cecf":"00000000-0000-0761-ffff-ffff00000031","ELEMENT":"00000000-0000-0761-ffff-ffff00000031"}
&amp#27;[38;5;0m[HTTP]&amp#27;[0m &amp#27;[37m<-- POST /session/d2c9b10b-c037-4b64-8bdf-6ffcf3513fc6/element &amp#27;[39m&amp#27;[32m200&amp#27;[39m &amp#27;[90m1022 ms - 137&amp#27;[39m
&amp#27;[38;5;0m[HTTP]&amp#27;[0m &amp#27;[90m&amp#27;[39m
&amp#27;[38;5;0m[HTTP]&amp#27;[0m &amp#27;[37m-->&amp#27;[39m &amp#27;[37mPOST&amp#27;[39m &amp#27;[37m/session/d2c9b10b-c037-4b64-8bdf-6ffcf3513fc6/element&amp#27;[39m
&amp#27;[38;5;0m[HTTP]&amp#27;[0m &amp#27;[90m{"using":"xpath","value":"//android.widget.TextView[@text='India']"}&amp#27;[39m
[debug] &amp#27;[38;5;32m[AndroidUiautomator2Driver@a7d5 (d2c9b10b)]&amp#27;[0m Calling AppiumDriver.findElement() with args: ["xpath","//android.widget.TextView[@text='India']","d2c9b10b-c037-4b64-8bdf-6ffcf3513fc6"]
[debug] &amp#27;[38;5;32m[AndroidUiautomator2Driver@a7d5 (d2c9b10b)]&amp#27;[0m Valid locator strategies for this request: xpath, id, class name, accessibility id, css selector, -android uiautomator
[debug] &amp#27;[38;5;32m[AndroidUiautomator2Driver@a7d5 (d2c9b10b)]&amp#27;[0m Waiting up to 20000 ms for condition
[debug] &amp#27;[38;5;32m[AndroidUiautomator2Driver@a7d5 (d2c9b10b)]&amp#27;[0m Matched '/element' to command name 'findElement'
[debug] &amp#27;[38;5;32m[AndroidUiautomator2Driver@a7d5 (d2c9b10b)]&amp#27;[0m Proxying [POST /element] to [POST http://127.0.0.1:8200/session/e61cf805-309a-4eec-b589-0eea9f694bc2/element] with body: {"strategy":"xpath","selector":"//android.widget.TextView[@text='India']","context":"","multiple":false}
[debug] &amp#27;[38;5;32m[AndroidUiautomator2Driver@a7d5 (d2c9b10b)]&amp#27;[0m Got response with status 200: {"sessionId":"e61cf805-309a-4eec-b589-0eea9f694bc2","value":{"ELEMENT":"00000000-0000-0761-ffff-ffff00000031","element-6066-11e4-a52e-4f735466cecf":"00000000-0000-0761-ffff-ffff00000031"}}
[debug] &amp#27;[38;5;32m[AndroidUiautomator2Driver@a7d5 (d2c9b10b)]&amp#27;[0m Responding to client with driver.findElement() result: {"element-6066-11e4-a52e-4f735466cecf":"00000000-0000-0761-ffff-ffff00000031","ELEMENT":"00000000-0000-0761-ffff-ffff00000031"}
&amp#27;[38;5;0m[HTTP]&amp#27;[0m &amp#27;[37m<-- POST /session/d2c9b10b-c037-4b64-8bdf-6ffcf3513fc6/element &amp#27;[39m&amp#27;[32m200&amp#27;[39m &amp#27;[90m235 ms - 137&amp#27;[39m
&amp#27;[38;5;0m[HTTP]&amp#27;[0m &amp#27;[90m&amp#27;[39m
&amp#27;[38;5;0m[HTTP]&amp#27;[0m &amp#27;[37m-->&amp#27;[39m &amp#27;[37mPOST&amp#27;[39m &amp#27;[37m/session/d2c9b10b-c037-4b64-8bdf-6ffcf3513fc6/element/00000000-0000-0761-ffff-ffff00000031/click&amp#27;[39m
&amp#27;[38;5;0m[HTTP]&amp#27;[0m &amp#27;[90m{"id":"00000000-0000-0761-ffff-ffff00000031"}&amp#27;[39m
[debug] &amp#27;[38;5;32m[AndroidUiautomator2Driver@a7d5 (d2c9b10b)]&amp#27;[0m Calling AppiumDriver.click() with args: ["00000000-0000-0761-ffff-ffff00000031","d2c9b10b-c037-4b64-8bdf-6ffcf3513fc6"]
[debug] &amp#27;[38;5;32m[AndroidUiautomator2Driver@a7d5 (d2c9b10b)]&amp#27;[0m Matched '/element/00000000-0000-0761-ffff-ffff00000031/click' to command name 'click'
[debug] &amp#27;[38;5;32m[AndroidUiautomator2Driver@a7d5 (d2c9b10b)]&amp#27;[0m Proxying [POST /element/00000000-0000-0761-ffff-ffff00000031/click] to [POST http://127.0.0.1:8200/session/e61cf805-309a-4eec-b589-0eea9f694bc2/element/00000000-0000-0761-ffff-ffff00000031/click] with body: {"element":"00000000-0000-0761-ffff-ffff00000031"}
[debug] &amp#27;[38;5;32m[AndroidUiautomator2Driver@a7d5 (d2c9b10b)]&amp#27;[0m Got response with status 200: {"sessionId":"e61cf805-309a-4eec-b589-0eea9f694bc2","value":null}
[debug] &amp#27;[38;5;32m[AndroidUiautomator2Driver@a7d5 (d2c9b10b)]&amp#27;[0m Responding to client with driver.click() result: null
&amp#27;[38;5;0m[HTTP]&amp#27;[0m &amp#27;[37m<-- POST /session/d2c9b10b-c037-4b64-8bdf-6ffcf3513fc6/element/00000000-0000-0761-ffff-ffff00000031/click &amp#27;[39m&amp#27;[32m200&amp#27;[39m &amp#27;[90m749 ms - 14&amp#27;[39m
&amp#27;[38;5;0m[HTTP]&amp#27;[0m &amp#27;[90m&amp#27;[39m
&amp#27;[38;5;0m[HTTP]&amp#27;[0m &amp#27;[37m-->&amp#27;[39m &amp#27;[37mGET&amp#27;[39m &amp#27;[37m/session/d2c9b10b-c037-4b64-8bdf-6ffcf3513fc6/context&amp#27;[39m
&amp#27;[38;5;0m[HTTP]&amp#27;[0m &amp#27;[90m{}&amp#27;[39m
[debug] &amp#27;[38;5;32m[AndroidUiautomator2Driver@a7d5 (d2c9b10b)]&amp#27;[0m Calling AppiumDriver.getCurrentContext() with args: ["d2c9b10b-c037-4b64-8bdf-6ffcf3513fc6"]
[debug] &amp#27;[38;5;32m[AndroidUiautomator2Driver@a7d5 (d2c9b10b)]&amp#27;[0m Responding to client with driver.getCurrentContext() result: "NATIVE_APP"
&amp#27;[38;5;0m[HTTP]&amp#27;[0m &amp#27;[37m<-- GET /session/d2c9b10b-c037-4b64-8bdf-6ffcf3513fc6/context &amp#27;[39m&amp#27;[32m200&amp#27;[39m &amp#27;[90m4 ms - 22&amp#27;[39m
&amp#27;[38;5;0m[HTTP]&amp#27;[0m &amp#27;[90m&amp#27;[39m
&amp#27;[38;5;0m[HTTP]&amp#27;[0m &amp#27;[37m-->&amp#27;[39m &amp#27;[37mPOST&amp#27;[39m &amp#27;[37m/session/d2c9b10b-c037-4b64-8bdf-6ffcf3513fc6/element&amp#27;[39m
&amp#27;[38;5;0m[HTTP]&amp#27;[0m &amp#27;[90m{"using":"xpath","value":"//android.widget.EditText[@resource-id='com.androidsample.generalstore:id/nameField']"}&amp#27;[39m
[debug] &amp#27;[38;5;32m[AndroidUiautomator2Driver@a7d5 (d2c9b10b)]&amp#27;[0m Calling AppiumDriver.findElement() with args: ["xpath","//android.widget.EditText[@resource-id='com.androidsample.generalstore:id/nameField']","d2c9b10b-c037-4b64-8bdf-6ffcf3513fc6"]
[debug] &amp#27;[38;5;32m[AndroidUiautomator2Driver@a7d5 (d2c9b10b)]&amp#27;[0m Valid locator strategies for this request: xpath, id, class name, accessibility id, css selector, -android uiautomator
[debug] &amp#27;[38;5;32m[AndroidUiautomator2Driver@a7d5 (d2c9b10b)]&amp#27;[0m Waiting up to 20000 ms for condition
[debug] &amp#27;[38;5;32m[AndroidUiautomator2Driver@a7d5 (d2c9b10b)]&amp#27;[0m Matched '/element' to command name 'findElement'
[debug] &amp#27;[38;5;32m[AndroidUiautomator2Driver@a7d5 (d2c9b10b)]&amp#27;[0m Proxying [POST /element] to [POST http://127.0.0.1:8200/session/e61cf805-309a-4eec-b589-0eea9f694bc2/element] with body: {"strategy":"xpath","selector":"//android.widget.EditText[@resource-id='com.androidsample.generalstore:id/nameField']","context":"","multiple":false}
[debug] &amp#27;[38;5;32m[AndroidUiautomator2Driver@a7d5 (d2c9b10b)]&amp#27;[0m Got response with status 200: {"sessionId":"e61cf805-309a-4eec-b589-0eea9f694bc2","value":{"ELEMENT":"00000000-0000-075e-ffff-ffff00000006","element-6066-11e4-a52e-4f735466cecf":"00000000-0000-075e-ffff-ffff00000006"}}
[debug] &amp#27;[38;5;32m[AndroidUiautomator2Driver@a7d5 (d2c9b10b)]&amp#27;[0m Responding to client with driver.findElement() result: {"element-6066-11e4-a52e-4f735466cecf":"00000000-0000-075e-ffff-ffff00000006","ELEMENT":"00000000-0000-075e-ffff-ffff00000006"}
&amp#27;[38;5;0m[HTTP]&amp#27;[0m &amp#27;[37m<-- POST /session/d2c9b10b-c037-4b64-8bdf-6ffcf3513fc6/element &amp#27;[39m&amp#27;[32m200&amp#27;[39m &amp#27;[90m241 ms - 137&amp#27;[39m
&amp#27;[38;5;0m[HTTP]&amp#27;[0m &amp#27;[90m&amp#27;[39m
&amp#27;[38;5;0m[HTTP]&amp#27;[0m &amp#27;[37m-->&amp#27;[39m &amp#27;[37mPOST&amp#27;[39m &amp#27;[37m/session/d2c9b10b-c037-4b64-8bdf-6ffcf3513fc6/element/00000000-0000-075e-ffff-ffff00000006/value&amp#27;[39m
&amp#27;[38;5;0m[HTTP]&amp#27;[0m &amp#27;[90m{"id":"00000000-0000-075e-ffff-ffff00000006","text":"Nikhesh Reddy","value":["N","i","k","h","e","s","h"," ","R","e","d","d","y"]}&amp#27;[39m
[debug] &amp#27;[38;5;32m[AndroidUiautomator2Driver@a7d5 (d2c9b10b)]&amp#27;[0m Calling AppiumDriver.setValue() with args: [["N","i","k","h","e","s","h"," ","R","e","d","d","y"],"00000000-0000-075e-ffff-ffff00000006","d2c9b10b-c037-4b64-8bdf-6ffcf3513fc6"]
[debug] &amp#27;[38;5;32m[AndroidUiautomator2Driver@a7d5 (d2c9b10b)]&amp#27;[0m Matched '/element/00000000-0000-075e-ffff-ffff00000006/value' to command name 'setValue'
[debug] &amp#27;[38;5;32m[AndroidUiautomator2Driver@a7d5 (d2c9b10b)]&amp#27;[0m Added 'value' property ["N","i","k","h","e","s","h"," ","R","e","d","d","y"] to 'setValue' request body
[debug] &amp#27;[38;5;32m[AndroidUiautomator2Driver@a7d5 (d2c9b10b)]&amp#27;[0m Proxying [POST /element/00000000-0000-075e-ffff-ffff00000006/value] to [POST http://127.0.0.1:8200/session/e61cf805-309a-4eec-b589-0eea9f694bc2/element/00000000-0000-075e-ffff-ffff00000006/value] with body: {"elementId":"00000000-0000-075e-ffff-ffff00000006","text":"Nikhesh Reddy","replace":false,"value":["N","i","k","h","e","s","h"," ","R","e","d","d","y"]}
[debug] &amp#27;[38;5;32m[AndroidUiautomator2Driver@a7d5 (d2c9b10b)]&amp#27;[0m Got response with status 200: {"sessionId":"e61cf805-309a-4eec-b589-0eea9f694bc2","value":null}
[debug] &amp#27;[38;5;32m[AndroidUiautomator2Driver@a7d5 (d2c9b10b)]&amp#27;[0m Responding to client with driver.setValue() result: null
&amp#27;[38;5;0m[HTTP]&amp#27;[0m &amp#27;[37m<-- POST /session/d2c9b10b-c037-4b64-8bdf-6ffcf3513fc6/element/00000000-0000-075e-ffff-ffff00000006/value &amp#27;[39m&amp#27;[32m200&amp#27;[39m &amp#27;[90m729 ms - 14&amp#27;[39m
&amp#27;[38;5;0m[HTTP]&amp#27;[0m &amp#27;[90m&amp#27;[39m
&amp#27;[38;5;0m[HTTP]&amp#27;[0m &amp#27;[37m-->&amp#27;[39m &amp#27;[37mPOST&amp#27;[39m &amp#27;[37m/session/d2c9b10b-c037-4b64-8bdf-6ffcf3513fc6/appium/device/hide_keyboard&amp#27;[39m
&amp#27;[38;5;0m[HTTP]&amp#27;[0m &amp#27;[90m{}&amp#27;[39m
[debug] &amp#27;[38;5;32m[AndroidUiautomator2Driver@a7d5 (d2c9b10b)]&amp#27;[0m Calling AppiumDriver.hideKeyboard() with args: [null,null,null,null,"d2c9b10b-c037-4b64-8bdf-6ffcf3513fc6"]
[debug] &amp#27;[38;5;48m[ADB]&amp#27;[0m Running 'C:\Users\User\AppData\Local\Android\Sdk\platform-tools\adb.exe -P 5037 -s 52036015fe09146b shell dumpsys input_method'
&amp#27;[38;5;48m[ADB]&amp#27;[0m Keyboard has no UI; no closing necessary
[debug] &amp#27;[38;5;32m[AndroidUiautomator2Driver@a7d5 (d2c9b10b)]&amp#27;[0m Responding to client with driver.hideKeyboard() result: false
&amp#27;[38;5;0m[HTTP]&amp#27;[0m &amp#27;[37m<-- POST /session/d2c9b10b-c037-4b64-8bdf-6ffcf3513fc6/appium/device/hide_keyboard &amp#27;[39m&amp#27;[32m200&amp#27;[39m &amp#27;[90m188 ms - 15&amp#27;[39m
&amp#27;[38;5;0m[HTTP]&amp#27;[0m &amp#27;[90m&amp#27;[39m
&amp#27;[38;5;0m[HTTP]&amp#27;[0m &amp#27;[37m-->&amp#27;[39m &amp#27;[37mGET&amp#27;[39m &amp#27;[37m/session/d2c9b10b-c037-4b64-8bdf-6ffcf3513fc6/context&amp#27;[39m
&amp#27;[38;5;0m[HTTP]&amp#27;[0m &amp#27;[90m{}&amp#27;[39m
[debug] &amp#27;[38;5;32m[AndroidUiautomator2Driver@a7d5 (d2c9b10b)]&amp#27;[0m Calling AppiumDriver.getCurrentContext() with args: ["d2c9b10b-c037-4b64-8bdf-6ffcf3513fc6"]
[debug] &amp#27;[38;5;32m[AndroidUiautomator2Driver@a7d5 (d2c9b10b)]&amp#27;[0m Responding to client with driver.getCurrentContext() result: "NATIVE_APP"
&amp#27;[38;5;0m[HTTP]&amp#27;[0m &amp#27;[37m<-- GET /session/d2c9b10b-c037-4b64-8bdf-6ffcf3513fc6/context &amp#27;[39m&amp#27;[32m200&amp#27;[39m &amp#27;[90m2 ms - 22&amp#27;[39m
&amp#27;[38;5;0m[HTTP]&amp#27;[0m &amp#27;[90m&amp#27;[39m
&amp#27;[38;5;0m[HTTP]&amp#27;[0m &amp#27;[37m-->&amp#27;[39m &amp#27;[37mPOST&amp#27;[39m &amp#27;[37m/session/d2c9b10b-c037-4b64-8bdf-6ffcf3513fc6/element&amp#27;[39m
&amp#27;[38;5;0m[HTTP]&amp#27;[0m &amp#27;[90m{"using":"xpath","value":"//android.widget.RadioButton[@resource-id='com.androidsample.generalstore:id/radioMale']"}&amp#27;[39m
[debug] &amp#27;[38;5;32m[AndroidUiautomator2Driver@a7d5 (d2c9b10b)]&amp#27;[0m Calling AppiumDriver.findElement() with args: ["xpath","//android.widget.RadioButton[@resource-id='com.androidsample.generalstore:id/radioMale']","d2c9b10b-c037-4b64-8bdf-6ffcf3513fc6"]
[debug] &amp#27;[38;5;32m[AndroidUiautomator2Driver@a7d5 (d2c9b10b)]&amp#27;[0m Valid locator strategies for this request: xpath, id, class name, accessibility id, css selector, -android uiautomator
[debug] &amp#27;[38;5;32m[AndroidUiautomator2Driver@a7d5 (d2c9b10b)]&amp#27;[0m Waiting up to 20000 ms for condition
[debug] &amp#27;[38;5;32m[AndroidUiautomator2Driver@a7d5 (d2c9b10b)]&amp#27;[0m Matched '/element' to command name 'findElement'
[debug] &amp#27;[38;5;32m[AndroidUiautomator2Driver@a7d5 (d2c9b10b)]&amp#27;[0m Proxying [POST /element] to [POST http://127.0.0.1:8200/session/e61cf805-309a-4eec-b589-0eea9f694bc2/element] with body: {"strategy":"xpath","selector":"//android.widget.RadioButton[@resource-id='com.androidsample.generalstore:id/radioMale']","context":"","multiple":false}
[debug] &amp#27;[38;5;32m[AndroidUiautomator2Driver@a7d5 (d2c9b10b)]&amp#27;[0m Got response with status 200: {"sessionId":"e61cf805-309a-4eec-b589-0eea9f694bc2","value":{"ELEMENT":"00000000-0000-075e-ffff-ffff0000001e","element-6066-11e4-a52e-4f735466cecf":"00000000-0000-075e-ffff-ffff0000001e"}}
[debug] &amp#27;[38;5;32m[AndroidUiautomator2Driver@a7d5 (d2c9b10b)]&amp#27;[0m Responding to client with driver.findElement() result: {"element-6066-11e4-a52e-4f735466cecf":"00000000-0000-075e-ffff-ffff0000001e","ELEMENT":"00000000-0000-075e-ffff-ffff0000001e"}
&amp#27;[38;5;0m[HTTP]&amp#27;[0m &amp#27;[37m<-- POST /session/d2c9b10b-c037-4b64-8bdf-6ffcf3513fc6/element &amp#27;[39m&amp#27;[32m200&amp#27;[39m &amp#27;[90m499 ms - 137&amp#27;[39m
&amp#27;[38;5;0m[HTTP]&amp#27;[0m &amp#27;[90m&amp#27;[39m
&amp#27;[38;5;0m[HTTP]&amp#27;[0m &amp#27;[37m-->&amp#27;[39m &amp#27;[37mPOST&amp#27;[39m &amp#27;[37m/session/d2c9b10b-c037-4b64-8bdf-6ffcf3513fc6/element/00000000-0000-075e-ffff-ffff0000001e/click&amp#27;[39m
&amp#27;[38;5;0m[HTTP]&amp#27;[0m &amp#27;[90m{"id":"00000000-0000-075e-ffff-ffff0000001e"}&amp#27;[39m
[debug] &amp#27;[38;5;32m[AndroidUiautomator2Driver@a7d5 (d2c9b10b)]&amp#27;[0m Calling AppiumDriver.click() with args: ["00000000-0000-075e-ffff-ffff0000001e","d2c9b10b-c037-4b64-8bdf-6ffcf3513fc6"]
[debug] &amp#27;[38;5;32m[AndroidUiautomator2Driver@a7d5 (d2c9b10b)]&amp#27;[0m Matched '/element/00000000-0000-075e-ffff-ffff0000001e/click' to command name 'click'
[debug] &amp#27;[38;5;32m[AndroidUiautomator2Driver@a7d5 (d2c9b10b)]&amp#27;[0m Proxying [POST /element/00000000-0000-075e-ffff-ffff0000001e/click] to [POST http://127.0.0.1:8200/session/e61cf805-309a-4eec-b589-0eea9f694bc2/element/00000000-0000-075e-ffff-ffff0000001e/click] with body: {"element":"00000000-0000-075e-ffff-ffff0000001e"}
[debug] &amp#27;[38;5;32m[AndroidUiautomator2Driver@a7d5 (d2c9b10b)]&amp#27;[0m Got response with status 200: {"sessionId":"e61cf805-309a-4eec-b589-0eea9f694bc2","value":null}
[debug] &amp#27;[38;5;32m[AndroidUiautomator2Driver@a7d5 (d2c9b10b)]&amp#27;[0m Responding to client with driver.click() result: null
&amp#27;[38;5;0m[HTTP]&amp#27;[0m &amp#27;[37m<-- POST /session/d2c9b10b-c037-4b64-8bdf-6ffcf3513fc6/element/00000000-0000-075e-ffff-ffff0000001e/click &amp#27;[39m&amp#27;[32m200&amp#27;[39m &amp#27;[90m88 ms - 14&amp#27;[39m
&amp#27;[38;5;0m[HTTP]&amp#27;[0m &amp#27;[90m&amp#27;[39m
&amp#27;[38;5;0m[HTTP]&amp#27;[0m &amp#27;[37m-->&amp#27;[39m &amp#27;[37mGET&amp#27;[39m &amp#27;[37m/session/d2c9b10b-c037-4b64-8bdf-6ffcf3513fc6/context&amp#27;[39m
&amp#27;[38;5;0m[HTTP]&amp#27;[0m &amp#27;[90m{}&amp#27;[39m
[debug] &amp#27;[38;5;32m[AndroidUiautomator2Driver@a7d5 (d2c9b10b)]&amp#27;[0m Calling AppiumDriver.getCurrentContext() with args: ["d2c9b10b-c037-4b64-8bdf-6ffcf3513fc6"]
[debug] &amp#27;[38;5;32m[AndroidUiautomator2Driver@a7d5 (d2c9b10b)]&amp#27;[0m Responding to client with driver.getCurrentContext() result: "NATIVE_APP"
&amp#27;[38;5;0m[HTTP]&amp#27;[0m &amp#27;[37m<-- GET /session/d2c9b10b-c037-4b64-8bdf-6ffcf3513fc6/context &amp#27;[39m&amp#27;[32m200&amp#27;[39m &amp#27;[90m5 ms - 22&amp#27;[39m
&amp#27;[38;5;0m[HTTP]&amp#27;[0m &amp#27;[90m&amp#27;[39m
&amp#27;[38;5;0m[HTTP]&amp#27;[0m &amp#27;[37m-->&amp#27;[39m &amp#27;[37mPOST&amp#27;[39m &amp#27;[37m/session/d2c9b10b-c037-4b64-8bdf-6ffcf3513fc6/element&amp#27;[39m
&amp#27;[38;5;0m[HTTP]&amp#27;[0m &amp#27;[90m{"using":"xpath","value":"//android.widget.Button[@resource-id='com.androidsample.generalstore:id/btnLetsShop']"}&amp#27;[39m
[debug] &amp#27;[38;5;32m[AndroidUiautomator2Driver@a7d5 (d2c9b10b)]&amp#27;[0m Calling AppiumDriver.findElement() with args: ["xpath","//android.widget.Button[@resource-id='com.androidsample.generalstore:id/btnLetsShop']","d2c9b10b-c037-4b64-8bdf-6ffcf3513fc6"]
[debug] &amp#27;[38;5;32m[AndroidUiautomator2Driver@a7d5 (d2c9b10b)]&amp#27;[0m Valid locator strategies for this request: xpath, id, class name, accessibility id, css selector, -android uiautomator
[debug] &amp#27;[38;5;32m[AndroidUiautomator2Driver@a7d5 (d2c9b10b)]&amp#27;[0m Waiting up to 20000 ms for condition
[debug] &amp#27;[38;5;32m[AndroidUiautomator2Driver@a7d5 (d2c9b10b)]&amp#27;[0m Matched '/element' to command name 'findElement'
[debug] &amp#27;[38;5;32m[AndroidUiautomator2Driver@a7d5 (d2c9b10b)]&amp#27;[0m Proxying [POST /element] to [POST http://127.0.0.1:8200/session/e61cf805-309a-4eec-b589-0eea9f694bc2/element] with body: {"strategy":"xpath","selector":"//android.widget.Button[@resource-id='com.androidsample.generalstore:id/btnLetsShop']","context":"","multiple":false}
[debug] &amp#27;[38;5;32m[AndroidUiautomator2Driver@a7d5 (d2c9b10b)]&amp#27;[0m Got response with status 200: {"sessionId":"e61cf805-309a-4eec-b589-0eea9f694bc2","value":{"ELEMENT":"00000000-0000-075e-ffff-ffff0000001c","element-6066-11e4-a52e-4f735466cecf":"00000000-0000-075e-ffff-ffff0000001c"}}
[debug] &amp#27;[38;5;32m[AndroidUiautomator2Driver@a7d5 (d2c9b10b)]&amp#27;[0m Responding to client with driver.findElement() result: {"element-6066-11e4-a52e-4f735466cecf":"00000000-0000-075e-ffff-ffff0000001c","ELEMENT":"00000000-0000-075e-ffff-ffff0000001c"}
&amp#27;[38;5;0m[HTTP]&amp#27;[0m &amp#27;[37m<-- POST /session/d2c9b10b-c037-4b64-8bdf-6ffcf3513fc6/element &amp#27;[39m&amp#27;[32m200&amp#27;[39m &amp#27;[90m675 ms - 137&amp#27;[39m
&amp#27;[38;5;0m[HTTP]&amp#27;[0m &amp#27;[90m&amp#27;[39m
&amp#27;[38;5;0m[HTTP]&amp#27;[0m &amp#27;[37m-->&amp#27;[39m &amp#27;[37mPOST&amp#27;[39m &amp#27;[37m/session/d2c9b10b-c037-4b64-8bdf-6ffcf3513fc6/element/00000000-0000-075e-ffff-ffff0000001c/click&amp#27;[39m
&amp#27;[38;5;0m[HTTP]&amp#27;[0m &amp#27;[90m{"id":"00000000-0000-075e-ffff-ffff0000001c"}&amp#27;[39m
[debug] &amp#27;[38;5;32m[AndroidUiautomator2Driver@a7d5 (d2c9b10b)]&amp#27;[0m Calling AppiumDriver.click() with args: ["00000000-0000-075e-ffff-ffff0000001c","d2c9b10b-c037-4b64-8bdf-6ffcf3513fc6"]
[debug] &amp#27;[38;5;32m[AndroidUiautomator2Driver@a7d5 (d2c9b10b)]&amp#27;[0m Matched '/element/00000000-0000-075e-ffff-ffff0000001c/click' to command name 'click'
[debug] &amp#27;[38;5;32m[AndroidUiautomator2Driver@a7d5 (d2c9b10b)]&amp#27;[0m Proxying [POST /element/00000000-0000-075e-ffff-ffff0000001c/click] to [POST http://127.0.0.1:8200/session/e61cf805-309a-4eec-b589-0eea9f694bc2/element/00000000-0000-075e-ffff-ffff0000001c/click] with body: {"element":"00000000-0000-075e-ffff-ffff0000001c"}
[debug] &amp#27;[38;5;32m[AndroidUiautomator2Driver@a7d5 (d2c9b10b)]&amp#27;[0m Got response with status 200: {"sessionId":"e61cf805-309a-4eec-b589-0eea9f694bc2","value":null}
[debug] &amp#27;[38;5;32m[AndroidUiautomator2Driver@a7d5 (d2c9b10b)]&amp#27;[0m Responding to client with driver.click() result: null
&amp#27;[38;5;0m[HTTP]&amp#27;[0m &amp#27;[37m<-- POST /session/d2c9b10b-c037-4b64-8bdf-6ffcf3513fc6/element/00000000-0000-075e-ffff-ffff0000001c/click &amp#27;[39m&amp#27;[32m200&amp#27;[39m &amp#27;[90m47 ms - 14&amp#27;[39m
&amp#27;[38;5;0m[HTTP]&amp#27;[0m &amp#27;[90m&amp#27;[39m
]]></system-out>
  </testcase>
</testsuite>