<?xml version="1.0" encoding="UTF-8"?>
<!-- Generated by org.testng.reporters.JUnitReportReporter -->
<testsuite hostname="Nikhesh" failures="0" tests="1" name="com.generalstore.android.test.LaunchAppTestCase" time="60.831" errors="0" timestamp="2023-03-08T14:18:31 IST" skipped="0">
  <testcase classname="com.generalstore.android.test.LaunchAppTestCase" name="AppLuncher" time="60.831"/>
  <system-out/>
</testsuite> <!-- com.generalstore.android.test.LaunchAppTestCase -->
