<?xml version="1.0" encoding="UTF-8"?>
<!-- Generated by org.testng.reporters.JUnitReportReporter -->
<testsuite hostname="Nikhesh" failures="0" tests="1" name="com.generalstore.android.test.LaunchAppTestCase" time="51.106" errors="0" timestamp="2023-03-13T22:06:07 IST" skipped="0">
  <testcase classname="com.generalstore.android.test.LaunchAppTestCase" name="AppLuncher" time="51.106"/>
  <system-out/>
</testsuite> <!-- com.generalstore.android.test.LaunchAppTestCase -->
