<?xml version="1.0" encoding="UTF-8"?>
<!-- Generated by org.testng.reporters.JUnitReportReporter -->
<testsuite hostname="Nikhesh" failures="0" tests="1" name="com.generalstore.android.test.AddProductsToCartTestCase" time="2.858" errors="0" timestamp="2023-03-13T22:06:07 IST" skipped="0">
  <testcase classname="com.generalstore.android.test.AddProductsToCartTestCase" name="addProductsToCart" time="2.858"/>
  <system-out/>
</testsuite> <!-- com.generalstore.android.test.AddProductsToCartTestCase -->
