<?xml version="1.0" encoding="UTF-8"?>
<!-- Generated by org.testng.reporters.JUnitReportReporter -->
<testsuite hostname="Nikhesh" failures="0" tests="1" name="com.generalstore.android.test.CartPageTestCase" time="2.261" errors="0" timestamp="2023-03-13T22:06:07 IST" skipped="0">
  <testcase classname="com.generalstore.android.test.CartPageTestCase" name="cartPageTestCase" time="2.261"/>
  <system-out/>
</testsuite> <!-- com.generalstore.android.test.CartPageTestCase -->
